{
  "uid" : "16096a10234a8be1",
  "name" : "ADMINSECURITY_24",
  "fullName" : "BOEM_Tests.Tests.AdminSecurity.ADMINSECURITY_24",
  "historyId" : "BOEM_Tests.Tests.AdminSecurity.ADMINSECURITY_24",
  "time" : {
    "start" : 1619623954122,
    "stop" : 1619623965350,
    "duration" : 11228
  },
  "description" : "An user (without permissions) sign in and try to access an admin URL. It expects to redirect to /error/accessdenied\n",
  "descriptionHtml" : "<p>An user (without permissions) sign in and try to access an admin URL. It expects to redirect to /error/accessdenied</p>\n",
  "status" : "failed",
  "statusMessage" : "  (TEST FAILED) Was not redirected to Acess Denied\r\n  Expected: True\r\n  But was:  False\r\n",
  "statusTrace" : "   at BOEM_Tests.Tests.AdminSecurity.ADMINSECURITY_24() in C:\\Users\\QAOperator\\Documents\\GitHub\\BOEM_Tests\\BOEM\\BOEM_Tests\\Tests\\AdminSecurity.cs:line 737\r\n",
  "flaky" : false,
  "newFailed" : false,
  "beforeStages" : [ {
    "name" : "PrepareResultsDir",
    "time" : {
      "start" : 1619623965350,
      "stop" : 1619623965350,
      "duration" : 0
    },
    "status" : "passed",
    "steps" : [ ],
    "attachments" : [ ],
    "parameters" : [ ],
    "attachmentsCount" : 0,
    "shouldDisplayMessage" : false,
    "stepsCount" : 0,
    "hasContent" : false
  }, {
    "name" : "SetUp_Test",
    "time" : {
      "start" : 1619623965350,
      "stop" : 1619623965350,
      "duration" : 0
    },
    "status" : "passed",
    "steps" : [ ],
    "attachments" : [ ],
    "parameters" : [ ],
    "attachmentsCount" : 0,
    "shouldDisplayMessage" : false,
    "stepsCount" : 0,
    "hasContent" : false
  } ],
  "testStage" : {
    "description" : "An user (without permissions) sign in and try to access an admin URL. It expects to redirect to /error/accessdenied\n",
    "status" : "failed",
    "statusMessage" : "  (TEST FAILED) Was not redirected to Acess Denied\r\n  Expected: True\r\n  But was:  False\r\n",
    "statusTrace" : "   at BOEM_Tests.Tests.AdminSecurity.ADMINSECURITY_24() in C:\\Users\\QAOperator\\Documents\\GitHub\\BOEM_Tests\\BOEM\\BOEM_Tests\\Tests\\AdminSecurity.cs:line 737\r\n",
    "steps" : [ {
      "name" : "ADMINSECURITY_24",
      "time" : {
        "start" : 1619623954122,
        "stop" : 1619623965350,
        "duration" : 11228
      },
      "status" : "failed",
      "statusMessage" : "  (TEST FAILED) Was not redirected to Acess Denied\r\n  Expected: True\r\n  But was:  False\r\n",
      "statusTrace" : "   at BOEM_Tests.Tests.AdminSecurity.ADMINSECURITY_24() in C:\\Users\\QAOperator\\Documents\\GitHub\\BOEM_Tests\\BOEM\\BOEM_Tests\\Tests\\AdminSecurity.cs:line 737\r\n",
      "steps" : [ {
        "name" : "Log in using QA Not Admin user",
        "time" : {
          "start" : 1619623954124,
          "stop" : 1619623954143,
          "duration" : 19
        },
        "status" : "passed",
        "steps" : [ ],
        "attachments" : [ ],
        "parameters" : [ ],
        "attachmentsCount" : 0,
        "shouldDisplayMessage" : false,
        "stepsCount" : 0,
        "hasContent" : false
      }, {
        "name" : "Check and select correct project FAT_BOEM_GOM",
        "time" : {
          "start" : 1619623954145,
          "stop" : 1619623956158,
          "duration" : 2013
        },
        "status" : "passed",
        "steps" : [ ],
        "attachments" : [ ],
        "parameters" : [ ],
        "attachmentsCount" : 0,
        "shouldDisplayMessage" : false,
        "stepsCount" : 0,
        "hasContent" : false
      }, {
        "name" : "Access relative URL /WizSyncInventory",
        "time" : {
          "start" : 1619623956158,
          "stop" : 1619623964276,
          "duration" : 8118
        },
        "status" : "passed",
        "steps" : [ ],
        "attachments" : [ ],
        "parameters" : [ ],
        "attachmentsCount" : 0,
        "shouldDisplayMessage" : false,
        "stepsCount" : 0,
        "hasContent" : false
      }, {
        "name" : "Check if URL ends with /Error/AccessDenied",
        "time" : {
          "start" : 1619623964276,
          "stop" : 1619623965283,
          "duration" : 1007
        },
        "status" : "passed",
        "steps" : [ ],
        "attachments" : [ ],
        "parameters" : [ ],
        "attachmentsCount" : 0,
        "shouldDisplayMessage" : false,
        "stepsCount" : 0,
        "hasContent" : false
      }, {
        "name" : "Taking Screenshot",
        "time" : {
          "start" : 1619623965286,
          "stop" : 1619623965350,
          "duration" : 64
        },
        "status" : "passed",
        "steps" : [ ],
        "attachments" : [ {
          "uid" : "75098bec189af108",
          "name" : "Attachment Title",
          "source" : "75098bec189af108.png",
          "type" : "image/png",
          "size" : 43870
        } ],
        "parameters" : [ ],
        "attachmentsCount" : 1,
        "shouldDisplayMessage" : false,
        "stepsCount" : 0,
        "hasContent" : true
      } ],
      "attachments" : [ {
        "uid" : "cafddfb17593861e",
        "name" : "Console Output",
        "source" : "cafddfb17593861e.txt",
        "type" : "text/plain",
        "size" : 0
      } ],
      "parameters" : [ ],
      "attachmentsCount" : 2,
      "shouldDisplayMessage" : true,
      "stepsCount" : 5,
      "hasContent" : true
    } ],
    "attachments" : [ ],
    "parameters" : [ ],
    "attachmentsCount" : 2,
    "shouldDisplayMessage" : false,
    "stepsCount" : 6,
    "hasContent" : true
  },
  "afterStages" : [ {
    "name" : "TearDown",
    "time" : {
      "start" : 1619623965350,
      "stop" : 1619623965350,
      "duration" : 0
    },
    "status" : "passed",
    "steps" : [ ],
    "attachments" : [ ],
    "parameters" : [ ],
    "attachmentsCount" : 0,
    "shouldDisplayMessage" : false,
    "stepsCount" : 0,
    "hasContent" : false
  }, {
    "name" : "OneTimeTearDown",
    "time" : {
      "start" : 1619623965350,
      "stop" : 1619623965350,
      "duration" : 0
    },
    "status" : "unknown",
    "statusMessage" : "It's not possible to get status of OneTimeTearDown",
    "statusTrace" : "See Allure.NUnit wiki",
    "steps" : [ ],
    "attachments" : [ ],
    "parameters" : [ ],
    "attachmentsCount" : 0,
    "shouldDisplayMessage" : true,
    "stepsCount" : 0,
    "hasContent" : true
  } ],
  "labels" : [ {
    "name" : "thread",
    "value" : "NonParallelWorker"
  }, {
    "name" : "host",
    "value" : "QAB01"
  }, {
    "name" : "testClass",
    "value" : "BOEM_Tests.Tests.AdminSecurity"
  }, {
    "name" : "testMethod",
    "value" : "ADMINSECURITY_24"
  }, {
    "name" : "package",
    "value" : "BOEM_Tests.Tests.AdminSecurity"
  }, {
    "name" : "tag",
    "value" : "ADMINSECURITY.24"
  }, {
    "name" : "suite",
    "value" : "AdminSecurity"
  }, {
    "name" : "severity",
    "value" : "normal"
  }, {
    "name" : "resultFormat",
    "value" : "allure2"
  } ],
  "parameters" : [ ],
  "links" : [ ],
  "hidden" : false,
  "retry" : false,
  "extra" : {
    "severity" : "normal",
    "retries" : [ {
      "uid" : "5b1e3c0f5aec7989",
      "status" : "failed",
      "statusDetails" : "  (TEST FAILED) Was not redirected to Acess Denied\r\n  Expected: True\r\n  But was:  False\r\n",
      "time" : {
        "start" : 1619563771516,
        "stop" : 1619563782718,
        "duration" : 11202
      }
    } ],
    "categories" : [ {
      "name" : "Product defects",
      "matchedStatuses" : [ ],
      "flaky" : false
    } ],
    "history" : {
      "statistic" : {
        "failed" : 4,
        "broken" : 0,
        "skipped" : 0,
        "passed" : 0,
        "unknown" : 0,
        "total" : 4
      },
      "items" : [ {
        "uid" : "f86a956f0ef3b075",
        "status" : "failed",
        "statusDetails" : "  (TEST FAILED) Was not redirected to Acess Denied\r\n  Expected: True\r\n  But was:  False\r\n",
        "time" : {
          "start" : 1619393925464,
          "stop" : 1619393937172,
          "duration" : 11708
        }
      }, {
        "uid" : "8617beaca0e9413d",
        "status" : "failed",
        "statusDetails" : "  (TEST FAILED) Was not redirected to Acess Denied\r\n  Expected: True\r\n  But was:  False\r\n",
        "time" : {
          "start" : 1619128809113,
          "stop" : 1619128820316,
          "duration" : 11203
        }
      }, {
        "uid" : "71928d18609e72ed",
        "status" : "failed",
        "statusDetails" : "  (TEST FAILED) Was not redirected to Acess Denied\r\n  Expected: True\r\n  But was:  False\r\n",
        "time" : {
          "start" : 1618973175318,
          "stop" : 1618973186824,
          "duration" : 11506
        }
      } ]
    },
    "tags" : [ "ADMINSECURITY.24" ]
  },
  "source" : "16096a10234a8be1.json",
  "parameterValues" : [ ]
}