{
  "uid" : "279b7025fb64aca4",
  "name" : "URL_03",
  "fullName" : "BOEM_Tests.Tests.Url.URL_03",
  "historyId" : "BOEM_Tests.Tests.Url.URL_03",
  "time" : {
    "start" : 1620050548642,
    "stop" : 1620050721763,
    "duration" : 173121
  },
  "description" : "Visit /InputDetails/NavSourceConfig/DetailedEditor/Create/ and assure page loads\n",
  "descriptionHtml" : "<p>Visit /InputDetails/NavSourceConfig/DetailedEditor/Create/ and assure page loads</p>\n",
  "status" : "failed",
  "statusMessage" : "System.Exception : (TEST FAILED) It was displayed an error. Please check the screenshot.",
  "statusTrace" : "   at BOEM_Tests.Tests.Url.URL_03() in C:\\Users\\QAOperator\\Documents\\GitHub\\BOEM_Tests\\BOEM\\BOEM_Tests\\Tests\\Url.cs:line 144",
  "flaky" : false,
  "newFailed" : false,
  "beforeStages" : [ {
    "name" : "PrepareResultsDir",
    "time" : {
      "start" : 1620050721762,
      "stop" : 1620050721762,
      "duration" : 0
    },
    "status" : "passed",
    "steps" : [ ],
    "attachments" : [ ],
    "parameters" : [ ],
    "shouldDisplayMessage" : false,
    "attachmentsCount" : 0,
    "hasContent" : false,
    "stepsCount" : 0
  }, {
    "name" : "SetUpTest",
    "time" : {
      "start" : 1620050721762,
      "stop" : 1620050721762,
      "duration" : 0
    },
    "status" : "passed",
    "steps" : [ ],
    "attachments" : [ ],
    "parameters" : [ ],
    "shouldDisplayMessage" : false,
    "attachmentsCount" : 0,
    "hasContent" : false,
    "stepsCount" : 0
  } ],
  "testStage" : {
    "description" : "Visit /InputDetails/NavSourceConfig/DetailedEditor/Create/ and assure page loads\n",
    "status" : "failed",
    "statusMessage" : "System.Exception : (TEST FAILED) It was displayed an error. Please check the screenshot.",
    "statusTrace" : "   at BOEM_Tests.Tests.Url.URL_03() in C:\\Users\\QAOperator\\Documents\\GitHub\\BOEM_Tests\\BOEM\\BOEM_Tests\\Tests\\Url.cs:line 144",
    "steps" : [ {
      "name" : "URL_03",
      "time" : {
        "start" : 1620050548642,
        "stop" : 1620050721762,
        "duration" : 173120
      },
      "status" : "failed",
      "statusMessage" : "System.Exception : (TEST FAILED) It was displayed an error. Please check the screenshot.",
      "statusTrace" : "   at BOEM_Tests.Tests.Url.URL_03() in C:\\Users\\QAOperator\\Documents\\GitHub\\BOEM_Tests\\BOEM\\BOEM_Tests\\Tests\\Url.cs:line 144",
      "steps" : [ {
        "name" : "Log in using QA user",
        "time" : {
          "start" : 1620050548646,
          "stop" : 1620050571493,
          "duration" : 22847
        },
        "status" : "passed",
        "steps" : [ {
          "name" : "Open login page",
          "time" : {
            "start" : 1620050552646,
            "stop" : 1620050555820,
            "duration" : 3174
          },
          "status" : "passed",
          "steps" : [ ],
          "attachments" : [ ],
          "parameters" : [ ],
          "shouldDisplayMessage" : false,
          "attachmentsCount" : 0,
          "hasContent" : false,
          "stepsCount" : 0
        }, {
          "name" : "Set username to qa_boem@weblakes.com",
          "time" : {
            "start" : 1620050555820,
            "stop" : 1620050555877,
            "duration" : 57
          },
          "status" : "passed",
          "steps" : [ ],
          "attachments" : [ ],
          "parameters" : [ ],
          "shouldDisplayMessage" : false,
          "attachmentsCount" : 0,
          "hasContent" : false,
          "stepsCount" : 0
        }, {
          "name" : "Set password to e45eT%0n^SpXdsb2",
          "time" : {
            "start" : 1620050555877,
            "stop" : 1620050555916,
            "duration" : 39
          },
          "status" : "passed",
          "steps" : [ ],
          "attachments" : [ ],
          "parameters" : [ ],
          "shouldDisplayMessage" : false,
          "attachmentsCount" : 0,
          "hasContent" : false,
          "stepsCount" : 0
        }, {
          "name" : "Click on login button",
          "time" : {
            "start" : 1620050555916,
            "stop" : 1620050561489,
            "duration" : 5573
          },
          "status" : "passed",
          "steps" : [ ],
          "attachments" : [ ],
          "parameters" : [ ],
          "shouldDisplayMessage" : false,
          "attachmentsCount" : 0,
          "hasContent" : false,
          "stepsCount" : 0
        } ],
        "attachments" : [ ],
        "parameters" : [ ],
        "shouldDisplayMessage" : false,
        "attachmentsCount" : 0,
        "hasContent" : true,
        "stepsCount" : 4
      }, {
        "name" : "Check inventory 2017 - 2017 Complete Inventory",
        "time" : {
          "start" : 1620050571493,
          "stop" : 1620050574521,
          "duration" : 3028
        },
        "status" : "passed",
        "steps" : [ ],
        "attachments" : [ ],
        "parameters" : [ ],
        "shouldDisplayMessage" : false,
        "attachmentsCount" : 0,
        "hasContent" : false,
        "stepsCount" : 0
      }, {
        "name" : "Open Select Inventory page",
        "time" : {
          "start" : 1620050574521,
          "stop" : 1620050584830,
          "duration" : 10309
        },
        "status" : "passed",
        "steps" : [ ],
        "attachments" : [ ],
        "parameters" : [ ],
        "shouldDisplayMessage" : false,
        "attachmentsCount" : 0,
        "hasContent" : false,
        "stepsCount" : 0
      }, {
        "name" : "Select inventory 2017 - 2017 Complete Inventory",
        "time" : {
          "start" : 1620050584830,
          "stop" : 1620050697133,
          "duration" : 112303
        },
        "status" : "passed",
        "steps" : [ {
          "name" : "Set copy inventory search to 2017 - 2017 Complete Inventory",
          "time" : {
            "start" : 1620050614834,
            "stop" : 1620050625407,
            "duration" : 10573
          },
          "status" : "passed",
          "steps" : [ ],
          "attachments" : [ ],
          "parameters" : [ ],
          "shouldDisplayMessage" : false,
          "attachmentsCount" : 0,
          "hasContent" : false,
          "stepsCount" : 0
        } ],
        "attachments" : [ ],
        "parameters" : [ ],
        "shouldDisplayMessage" : false,
        "attachmentsCount" : 0,
        "hasContent" : true,
        "stepsCount" : 1
      }, {
        "name" : "Access relative url /InputDetails/NavSourceConfig/DetailedEditor/Create/",
        "time" : {
          "start" : 1620050697133,
          "stop" : 1620050711685,
          "duration" : 14552
        },
        "status" : "passed",
        "steps" : [ ],
        "attachments" : [ ],
        "parameters" : [ ],
        "shouldDisplayMessage" : false,
        "attachmentsCount" : 0,
        "hasContent" : false,
        "stepsCount" : 0
      }, {
        "name" : "Check if page loaded correctly",
        "time" : {
          "start" : 1620050711685,
          "stop" : 1620050721708,
          "duration" : 10023
        },
        "status" : "failed",
        "statusMessage" : "(TEST FAILED) It was displayed an error. Please check the screenshot.",
        "statusTrace" : "   at BOEM_Tests.PageObjects.UrlPage.__a$_around_DidPageLoad_100666159_o(String titleText, By uniqueElement) in C:\\Users\\QAOperator\\Documents\\GitHub\\BOEM_Tests\\BOEM\\BOEM_Tests\\PageObjects\\Url\\UrlPage.cs:line 89\r\n   at BOEM_Tests.PageObjects.UrlPage.__a$_around_DidPageLoad_100666159_u(Object[] )\r\n   at NUnit.Allure.Steps.AllureStepAspect.WrapStep(String name, MethodBase methodBase, Object[] arguments, Func`2 method)",
        "steps" : [ {
          "name" : "Check if got server error message",
          "time" : {
            "start" : 1620050721696,
            "stop" : 1620050721706,
            "duration" : 10
          },
          "status" : "passed",
          "steps" : [ ],
          "attachments" : [ ],
          "parameters" : [ ],
          "shouldDisplayMessage" : false,
          "attachmentsCount" : 0,
          "hasContent" : false,
          "stepsCount" : 0
        } ],
        "attachments" : [ ],
        "parameters" : [ ],
        "shouldDisplayMessage" : true,
        "attachmentsCount" : 0,
        "hasContent" : true,
        "stepsCount" : 1
      }, {
        "name" : "Taking Screenshot",
        "time" : {
          "start" : 1620050721708,
          "stop" : 1620050721761,
          "duration" : 53
        },
        "status" : "passed",
        "steps" : [ ],
        "attachments" : [ {
          "uid" : "58b96f03bbe462ff",
          "name" : "Attachment Title",
          "source" : "58b96f03bbe462ff.png",
          "type" : "image/png",
          "size" : 38626
        } ],
        "parameters" : [ ],
        "shouldDisplayMessage" : false,
        "attachmentsCount" : 1,
        "hasContent" : true,
        "stepsCount" : 0
      } ],
      "attachments" : [ {
        "uid" : "b426ef5ac7971bde",
        "name" : "Console Output",
        "source" : "b426ef5ac7971bde.txt",
        "type" : "text/plain",
        "size" : 0
      } ],
      "parameters" : [ ],
      "shouldDisplayMessage" : true,
      "attachmentsCount" : 2,
      "hasContent" : true,
      "stepsCount" : 13
    } ],
    "attachments" : [ ],
    "parameters" : [ ],
    "shouldDisplayMessage" : false,
    "attachmentsCount" : 2,
    "hasContent" : true,
    "stepsCount" : 14
  },
  "afterStages" : [ {
    "name" : "TearDown",
    "time" : {
      "start" : 1620050721762,
      "stop" : 1620050721762,
      "duration" : 0
    },
    "status" : "passed",
    "steps" : [ ],
    "attachments" : [ ],
    "parameters" : [ ],
    "shouldDisplayMessage" : false,
    "attachmentsCount" : 0,
    "hasContent" : false,
    "stepsCount" : 0
  }, {
    "name" : "OneTimeTearDown",
    "time" : {
      "start" : 1620050721762,
      "stop" : 1620050721762,
      "duration" : 0
    },
    "status" : "unknown",
    "statusMessage" : "It's not possible to get status of OneTimeTearDown",
    "statusTrace" : "See Allure.NUnit wiki",
    "steps" : [ ],
    "attachments" : [ ],
    "parameters" : [ ],
    "shouldDisplayMessage" : true,
    "attachmentsCount" : 0,
    "hasContent" : true,
    "stepsCount" : 0
  } ],
  "labels" : [ {
    "name" : "thread",
    "value" : "NonParallelWorker"
  }, {
    "name" : "host",
    "value" : "QAB01"
  }, {
    "name" : "testClass",
    "value" : "BOEM_Tests.Tests.Url"
  }, {
    "name" : "testMethod",
    "value" : "URL_03"
  }, {
    "name" : "package",
    "value" : "BOEM_Tests.Tests.Url"
  }, {
    "name" : "tag",
    "value" : "URL.3"
  }, {
    "name" : "suite",
    "value" : "Url"
  }, {
    "name" : "severity",
    "value" : "normal"
  }, {
    "name" : "resultFormat",
    "value" : "allure2"
  } ],
  "parameters" : [ ],
  "links" : [ ],
  "hidden" : false,
  "retry" : false,
  "extra" : {
    "severity" : "normal",
    "retries" : [ {
      "uid" : "956c2f35ed849886",
      "status" : "failed",
      "statusDetails" : "System.Exception : (TEST FAILED) It was displayed an error. Please check the screenshot.",
      "time" : {
        "start" : 1619853620140,
        "stop" : 1619853647839,
        "duration" : 27699
      }
    } ],
    "categories" : [ {
      "name" : "Product defects",
      "matchedStatuses" : [ ],
      "flaky" : false
    } ],
    "history" : {
      "statistic" : {
        "failed" : 13,
        "broken" : 0,
        "skipped" : 0,
        "passed" : 0,
        "unknown" : 0,
        "total" : 13
      },
      "items" : [ {
        "uid" : "9c8f50e6ea9af5af",
        "status" : "failed",
        "statusDetails" : "System.Exception : (TEST FAILED) It was displayed an error. Please check the screenshot.",
        "time" : {
          "start" : 1619771190158,
          "stop" : 1619771218109,
          "duration" : 27951
        }
      }, {
        "uid" : "c41b474f4e0be5d0",
        "status" : "failed",
        "statusDetails" : "System.Exception : (TEST FAILED) It was displayed an error. Please check the screenshot.",
        "time" : {
          "start" : 1619682740595,
          "stop" : 1619682768228,
          "duration" : 27633
        }
      }, {
        "uid" : "55addb66c7c0b0e5",
        "status" : "failed",
        "statusDetails" : "System.Exception : (TEST FAILED) It was displayed an error. Please check the screenshot.",
        "time" : {
          "start" : 1619594132413,
          "stop" : 1619594160124,
          "duration" : 27711
        }
      }, {
        "uid" : "6e96f0b62e3d97e5",
        "status" : "failed",
        "statusDetails" : "System.Exception : (TEST FAILED) It was displayed an error. Please check the screenshot.",
        "time" : {
          "start" : 1619425896860,
          "stop" : 1619425924834,
          "duration" : 27974
        }
      }, {
        "uid" : "7d85b064dbff3fad",
        "status" : "failed",
        "statusDetails" : "System.Exception : (TEST FAILED) It was displayed an error. Please check the screenshot.",
        "time" : {
          "start" : 1619160705971,
          "stop" : 1619160734117,
          "duration" : 28146
        }
      }, {
        "uid" : "d3bce12cb9d00836",
        "status" : "failed",
        "statusDetails" : "System.Exception : (TEST FAILED) It was displayed an error. Please check the screenshot.",
        "time" : {
          "start" : 1618997489728,
          "stop" : 1618997517414,
          "duration" : 27686
        }
      }, {
        "uid" : "ff09807517e149fa",
        "status" : "failed",
        "statusDetails" : "System.Exception : (TEST FAILED) It was displayed an error. Please check the screenshot.",
        "time" : {
          "start" : 1618909157494,
          "stop" : 1618909185516,
          "duration" : 28022
        }
      }, {
        "uid" : "5e7366e5e2f67a82",
        "status" : "failed",
        "statusDetails" : "System.Exception : (TEST FAILED) It was displayed an error. Please check the screenshot.",
        "time" : {
          "start" : 1618653589061,
          "stop" : 1618653617284,
          "duration" : 28223
        }
      }, {
        "uid" : "3cc5961b13364b53",
        "status" : "failed",
        "statusDetails" : "System.Exception : (TEST FAILED) It was displayed an error. Please check the screenshot.",
        "time" : {
          "start" : 1618577420360,
          "stop" : 1618577468204,
          "duration" : 47844
        }
      }, {
        "uid" : "91f211199f3790aa",
        "status" : "failed",
        "statusDetails" : "System.Exception : (TEST FAILED) It was displayed an error. Please check the screenshot.",
        "time" : {
          "start" : 1618488358795,
          "stop" : 1618488387078,
          "duration" : 28283
        }
      }, {
        "uid" : "ede76f9032062b55",
        "status" : "failed",
        "statusDetails" : "System.Exception : (TEST FAILED) It was displayed an error. Please check the screenshot.",
        "time" : {
          "start" : 1618397194882,
          "stop" : 1618397222780,
          "duration" : 27898
        }
      }, {
        "uid" : "e5cabed629fb98b8",
        "status" : "failed",
        "statusDetails" : "System.Exception : (TEST FAILED) It was displayed an error. Please check the screenshot.",
        "time" : {
          "start" : 1618323067410,
          "stop" : 1618323096890,
          "duration" : 29480
        }
      } ]
    },
    "tags" : [ "URL.3" ]
  },
  "source" : "279b7025fb64aca4.json",
  "parameterValues" : [ ]
}