{
  "uid" : "298a37ebb5e52f73",
  "name" : "ACCESSRIGHTS_02",
  "fullName" : "BOEM_Tests.Tests.AdminAccessRights.ACCESSRIGHTS_02",
  "historyId" : "BOEM_Tests.Tests.AdminAccessRights.ACCESSRIGHTS_02",
  "time" : {
    "start" : 1618972372516,
    "stop" : 1618972501078,
    "duration" : 128562
  },
  "description" : "Verify if 'Facility List' admin access right has 'Platform'\n",
  "descriptionHtml" : "<p>Verify if 'Facility List' admin access right has 'Platform'</p>\n",
  "status" : "failed",
  "statusMessage" : "System.Exception : (TEST FAILED) EXPECTED: 2 menu item(s). BUT WAS: 1 menu item(s).",
  "statusTrace" : "   at BOEM_Tests.Tests.AdminAccessRights.ACCESSRIGHTS_02() in C:\\Users\\QAOperator\\Documents\\GitHub\\BOEM_Tests\\BOEM\\BOEM_Tests\\Tests\\AdminAccessRights.cs:line 128",
  "flaky" : false,
  "newFailed" : false,
  "beforeStages" : [ {
    "name" : "PrepareResultsDir",
    "time" : {
      "start" : 1618972501077,
      "stop" : 1618972501077,
      "duration" : 0
    },
    "status" : "passed",
    "steps" : [ ],
    "attachments" : [ ],
    "parameters" : [ ],
    "hasContent" : false,
    "stepsCount" : 0,
    "attachmentsCount" : 0,
    "shouldDisplayMessage" : false
  }, {
    "name" : "Setup_Test",
    "time" : {
      "start" : 1618972501077,
      "stop" : 1618972501077,
      "duration" : 0
    },
    "status" : "passed",
    "steps" : [ ],
    "attachments" : [ ],
    "parameters" : [ ],
    "hasContent" : false,
    "stepsCount" : 0,
    "attachmentsCount" : 0,
    "shouldDisplayMessage" : false
  } ],
  "testStage" : {
    "description" : "Verify if 'Facility List' admin access right has 'Platform'\n",
    "status" : "failed",
    "statusMessage" : "System.Exception : (TEST FAILED) EXPECTED: 2 menu item(s). BUT WAS: 1 menu item(s).",
    "statusTrace" : "   at BOEM_Tests.Tests.AdminAccessRights.ACCESSRIGHTS_02() in C:\\Users\\QAOperator\\Documents\\GitHub\\BOEM_Tests\\BOEM\\BOEM_Tests\\Tests\\AdminAccessRights.cs:line 128",
    "steps" : [ {
      "name" : "ACCESSRIGHTS_02",
      "time" : {
        "start" : 1618972372516,
        "stop" : 1618972501078,
        "duration" : 128562
      },
      "status" : "failed",
      "statusMessage" : "System.Exception : (TEST FAILED) EXPECTED: 2 menu item(s). BUT WAS: 1 menu item(s).",
      "statusTrace" : "   at BOEM_Tests.Tests.AdminAccessRights.ACCESSRIGHTS_02() in C:\\Users\\QAOperator\\Documents\\GitHub\\BOEM_Tests\\BOEM\\BOEM_Tests\\Tests\\AdminAccessRights.cs:line 128",
      "steps" : [ {
        "name" : "Open AdminAccessRights page",
        "time" : {
          "start" : 1618972372528,
          "stop" : 1618972378038,
          "duration" : 5510
        },
        "status" : "passed",
        "steps" : [ ],
        "attachments" : [ ],
        "parameters" : [ ],
        "hasContent" : false,
        "stepsCount" : 0,
        "attachmentsCount" : 0,
        "shouldDisplayMessage" : false
      }, {
        "name" : "Change user group",
        "time" : {
          "start" : 1618972378039,
          "stop" : 1618972398979,
          "duration" : 20940
        },
        "status" : "passed",
        "steps" : [ ],
        "attachments" : [ ],
        "parameters" : [ ],
        "hasContent" : false,
        "stepsCount" : 0,
        "attachmentsCount" : 0,
        "shouldDisplayMessage" : false
      }, {
        "name" : "Filter Object type using Report",
        "time" : {
          "start" : 1618972398979,
          "stop" : 1618972409234,
          "duration" : 10255
        },
        "status" : "passed",
        "steps" : [ ],
        "attachments" : [ ],
        "parameters" : [ ],
        "hasContent" : false,
        "stepsCount" : 0,
        "attachmentsCount" : 0,
        "shouldDisplayMessage" : false
      }, {
        "name" : "Unchek all checkboxes",
        "time" : {
          "start" : 1618972409234,
          "stop" : 1618972474530,
          "duration" : 65296
        },
        "status" : "passed",
        "steps" : [ ],
        "attachments" : [ ],
        "parameters" : [ ],
        "hasContent" : false,
        "stepsCount" : 0,
        "attachmentsCount" : 0,
        "shouldDisplayMessage" : false
      }, {
        "name" : "Check Checkbox for Facilities/Structures",
        "time" : {
          "start" : 1618972474530,
          "stop" : 1618972490786,
          "duration" : 16256
        },
        "status" : "passed",
        "steps" : [ ],
        "attachments" : [ ],
        "parameters" : [ ],
        "hasContent" : false,
        "stepsCount" : 0,
        "attachmentsCount" : 0,
        "shouldDisplayMessage" : false
      }, {
        "name" : "Open NavReporting page ",
        "time" : {
          "start" : 1618972490786,
          "stop" : 1618972491007,
          "duration" : 221
        },
        "status" : "passed",
        "steps" : [ ],
        "attachments" : [ ],
        "parameters" : [ ],
        "hasContent" : false,
        "stepsCount" : 0,
        "attachmentsCount" : 0,
        "shouldDisplayMessage" : false
      }, {
        "name" : "Wait 5000 ms",
        "time" : {
          "start" : 1618972491007,
          "stop" : 1618972496014,
          "duration" : 5007
        },
        "status" : "passed",
        "steps" : [ ],
        "attachments" : [ ],
        "parameters" : [ ],
        "hasContent" : false,
        "stepsCount" : 0,
        "attachmentsCount" : 0,
        "shouldDisplayMessage" : false
      }, {
        "name" : "Verify menu items",
        "time" : {
          "start" : 1618972496014,
          "stop" : 1618972501023,
          "duration" : 5009
        },
        "status" : "failed",
        "statusMessage" : "(TEST FAILED) EXPECTED: 2 menu item(s). BUT WAS: 1 menu item(s).",
        "statusTrace" : "   at BOEM_Tests.PageObjects.NavReportingPage.__a$_around_VerifyMenuItemsAvailable_100665399_o(List`1 menuItemsTitles) in C:\\Users\\QAOperator\\Documents\\GitHub\\BOEM_Tests\\BOEM\\BOEM_Tests\\PageObjects\\NavReporting\\NavReportingPage.cs:line 73\r\n   at BOEM_Tests.PageObjects.NavReportingPage.__a$_around_VerifyMenuItemsAvailable_100665399_u(Object[] )\r\n   at NUnit.Allure.Steps.AllureStepAspect.WrapStep(String name, MethodBase methodBase, Object[] arguments, Func`2 method)",
        "steps" : [ ],
        "attachments" : [ ],
        "parameters" : [ ],
        "hasContent" : true,
        "stepsCount" : 0,
        "attachmentsCount" : 0,
        "shouldDisplayMessage" : true
      }, {
        "name" : "Taking Screenshot",
        "time" : {
          "start" : 1618972501023,
          "stop" : 1618972501076,
          "duration" : 53
        },
        "status" : "passed",
        "steps" : [ ],
        "attachments" : [ {
          "uid" : "1994825f4bb3207a",
          "name" : "Attachment Title",
          "source" : "1994825f4bb3207a.png",
          "type" : "image/png",
          "size" : 38328
        } ],
        "parameters" : [ ],
        "hasContent" : true,
        "stepsCount" : 0,
        "attachmentsCount" : 1,
        "shouldDisplayMessage" : false
      } ],
      "attachments" : [ {
        "uid" : "8017a7aaa322131d",
        "name" : "Console Output",
        "source" : "8017a7aaa322131d.txt",
        "type" : "text/plain",
        "size" : 0
      } ],
      "parameters" : [ ],
      "hasContent" : true,
      "stepsCount" : 9,
      "attachmentsCount" : 2,
      "shouldDisplayMessage" : true
    } ],
    "attachments" : [ ],
    "parameters" : [ ],
    "hasContent" : true,
    "stepsCount" : 10,
    "attachmentsCount" : 2,
    "shouldDisplayMessage" : false
  },
  "afterStages" : [ {
    "name" : "TearDown",
    "time" : {
      "start" : 1618972501077,
      "stop" : 1618972501077,
      "duration" : 0
    },
    "status" : "passed",
    "steps" : [ ],
    "attachments" : [ ],
    "parameters" : [ ],
    "hasContent" : false,
    "stepsCount" : 0,
    "attachmentsCount" : 0,
    "shouldDisplayMessage" : false
  }, {
    "name" : "OneTimeTearDown",
    "time" : {
      "start" : 1618972501077,
      "stop" : 1618972501077,
      "duration" : 0
    },
    "status" : "unknown",
    "statusMessage" : "It's not possible to get status of OneTimeTearDown",
    "statusTrace" : "See Allure.NUnit wiki",
    "steps" : [ ],
    "attachments" : [ ],
    "parameters" : [ ],
    "hasContent" : true,
    "stepsCount" : 0,
    "attachmentsCount" : 0,
    "shouldDisplayMessage" : true
  } ],
  "labels" : [ {
    "name" : "thread",
    "value" : "NonParallelWorker"
  }, {
    "name" : "host",
    "value" : "QAB01"
  }, {
    "name" : "testClass",
    "value" : "BOEM_Tests.Tests.AdminAccessRights"
  }, {
    "name" : "testMethod",
    "value" : "ACCESSRIGHTS_02"
  }, {
    "name" : "package",
    "value" : "BOEM_Tests.Tests.AdminAccessRights"
  }, {
    "name" : "tag",
    "value" : "ACCESSRIGHTS.2"
  }, {
    "name" : "suite",
    "value" : "AccessRights"
  }, {
    "name" : "severity",
    "value" : "normal"
  }, {
    "name" : "resultFormat",
    "value" : "allure2"
  } ],
  "parameters" : [ ],
  "links" : [ ],
  "hidden" : false,
  "retry" : false,
  "extra" : {
    "severity" : "normal",
    "retries" : [ ],
    "categories" : [ {
      "name" : "Product defects",
      "matchedStatuses" : [ ],
      "flaky" : false
    } ],
    "history" : {
      "statistic" : {
        "failed" : 2,
        "broken" : 0,
        "skipped" : 0,
        "passed" : 0,
        "unknown" : 0,
        "total" : 2
      },
      "items" : [ {
        "uid" : "41dbc59940be87b7",
        "status" : "failed",
        "statusDetails" : "System.Exception : (TEST FAILED) EXPECTED: 2 menu item(s). BUT WAS: 1 menu item(s).",
        "time" : {
          "start" : 1618878593908,
          "stop" : 1618878722538,
          "duration" : 128630
        }
      } ]
    },
    "tags" : [ "ACCESSRIGHTS.2" ]
  },
  "source" : "298a37ebb5e52f73.json",
  "parameterValues" : [ ]
}