{
  "uid" : "2a02389c361ab529",
  "name" : "ACCESSRIGHTS_01",
  "fullName" : "BOEM_Tests.Tests.AdminAccessRights.ACCESSRIGHTS_01",
  "historyId" : "BOEM_Tests.Tests.AdminAccessRights.ACCESSRIGHTS_01",
  "time" : {
    "start" : 1619392986176,
    "stop" : 1619393122052,
    "duration" : 135876
  },
  "description" : "Remove all access rights from reports and verify only 'User-Defined Reports' is available in 'All Reports View' page.\n",
  "descriptionHtml" : "<p>Remove all access rights from reports and verify only 'User-Defined Reports' is available in 'All Reports View' page.</p>\n",
  "status" : "failed",
  "statusMessage" : "System.Exception : (TEST FAILED) EXPECTED: 1 menu item(s). BUT WAS: 0 menu item(s).",
  "statusTrace" : "   at BOEM_Tests.Tests.AdminAccessRights.ACCESSRIGHTS_01() in C:\\Users\\QAOperator\\Documents\\GitHub\\BOEM_Tests\\BOEM\\BOEM_Tests\\Tests\\AdminAccessRights.cs:line 89",
  "flaky" : false,
  "newFailed" : false,
  "beforeStages" : [ {
    "name" : "PrepareResultsDir",
    "time" : {
      "start" : 1619393122051,
      "stop" : 1619393122051,
      "duration" : 0
    },
    "status" : "passed",
    "steps" : [ ],
    "attachments" : [ ],
    "parameters" : [ ],
    "stepsCount" : 0,
    "hasContent" : false,
    "shouldDisplayMessage" : false,
    "attachmentsCount" : 0
  }, {
    "name" : "Setup_Test",
    "time" : {
      "start" : 1619393122051,
      "stop" : 1619393122051,
      "duration" : 0
    },
    "status" : "passed",
    "steps" : [ ],
    "attachments" : [ ],
    "parameters" : [ ],
    "stepsCount" : 0,
    "hasContent" : false,
    "shouldDisplayMessage" : false,
    "attachmentsCount" : 0
  } ],
  "testStage" : {
    "description" : "Remove all access rights from reports and verify only 'User-Defined Reports' is available in 'All Reports View' page.\n",
    "status" : "failed",
    "statusMessage" : "System.Exception : (TEST FAILED) EXPECTED: 1 menu item(s). BUT WAS: 0 menu item(s).",
    "statusTrace" : "   at BOEM_Tests.Tests.AdminAccessRights.ACCESSRIGHTS_01() in C:\\Users\\QAOperator\\Documents\\GitHub\\BOEM_Tests\\BOEM\\BOEM_Tests\\Tests\\AdminAccessRights.cs:line 89",
    "steps" : [ {
      "name" : "ACCESSRIGHTS_01",
      "time" : {
        "start" : 1619392986176,
        "stop" : 1619393122051,
        "duration" : 135875
      },
      "status" : "failed",
      "statusMessage" : "System.Exception : (TEST FAILED) EXPECTED: 1 menu item(s). BUT WAS: 0 menu item(s).",
      "statusTrace" : "   at BOEM_Tests.Tests.AdminAccessRights.ACCESSRIGHTS_01() in C:\\Users\\QAOperator\\Documents\\GitHub\\BOEM_Tests\\BOEM\\BOEM_Tests\\Tests\\AdminAccessRights.cs:line 89",
      "steps" : [ {
        "name" : "Open AdminAccessRights page",
        "time" : {
          "start" : 1619393008344,
          "stop" : 1619393013839,
          "duration" : 5495
        },
        "status" : "passed",
        "steps" : [ ],
        "attachments" : [ ],
        "parameters" : [ ],
        "stepsCount" : 0,
        "hasContent" : false,
        "shouldDisplayMessage" : false,
        "attachmentsCount" : 0
      }, {
        "name" : "Change user group",
        "time" : {
          "start" : 1619393013839,
          "stop" : 1619393034840,
          "duration" : 21001
        },
        "status" : "passed",
        "steps" : [ ],
        "attachments" : [ ],
        "parameters" : [ ],
        "stepsCount" : 0,
        "hasContent" : false,
        "shouldDisplayMessage" : false,
        "attachmentsCount" : 0
      }, {
        "name" : "Filter Object type using Report",
        "time" : {
          "start" : 1619393034840,
          "stop" : 1619393045153,
          "duration" : 10313
        },
        "status" : "passed",
        "steps" : [ ],
        "attachments" : [ ],
        "parameters" : [ ],
        "stepsCount" : 0,
        "hasContent" : false,
        "shouldDisplayMessage" : false,
        "attachmentsCount" : 0
      }, {
        "name" : "Unchek all checkboxes",
        "time" : {
          "start" : 1619393045153,
          "stop" : 1619393111670,
          "duration" : 66517
        },
        "status" : "passed",
        "steps" : [ ],
        "attachments" : [ ],
        "parameters" : [ ],
        "stepsCount" : 0,
        "hasContent" : false,
        "shouldDisplayMessage" : false,
        "attachmentsCount" : 0
      }, {
        "name" : "Open NavReporting page ",
        "time" : {
          "start" : 1619393111670,
          "stop" : 1619393111967,
          "duration" : 297
        },
        "status" : "passed",
        "steps" : [ ],
        "attachments" : [ ],
        "parameters" : [ ],
        "stepsCount" : 0,
        "hasContent" : false,
        "shouldDisplayMessage" : false,
        "attachmentsCount" : 0
      }, {
        "name" : "Wait 5000 ms",
        "time" : {
          "start" : 1619393111967,
          "stop" : 1619393116968,
          "duration" : 5001
        },
        "status" : "passed",
        "steps" : [ ],
        "attachments" : [ ],
        "parameters" : [ ],
        "stepsCount" : 0,
        "hasContent" : false,
        "shouldDisplayMessage" : false,
        "attachmentsCount" : 0
      }, {
        "name" : "Verify menu items",
        "time" : {
          "start" : 1619393116968,
          "stop" : 1619393121988,
          "duration" : 5020
        },
        "status" : "failed",
        "statusMessage" : "(TEST FAILED) EXPECTED: 1 menu item(s). BUT WAS: 0 menu item(s).",
        "statusTrace" : "   at BOEM_Tests.PageObjects.NavReportingPage.__a$_around_VerifyMenuItemsAvailable_100665408_o(List`1 menuItemsTitles) in C:\\Users\\QAOperator\\Documents\\GitHub\\BOEM_Tests\\BOEM\\BOEM_Tests\\PageObjects\\NavReporting\\NavReportingPage.cs:line 73\r\n   at BOEM_Tests.PageObjects.NavReportingPage.__a$_around_VerifyMenuItemsAvailable_100665408_u(Object[] )\r\n   at NUnit.Allure.Steps.AllureStepAspect.WrapStep(String name, MethodBase methodBase, Object[] arguments, Func`2 method)",
        "steps" : [ ],
        "attachments" : [ ],
        "parameters" : [ ],
        "stepsCount" : 0,
        "hasContent" : true,
        "shouldDisplayMessage" : true,
        "attachmentsCount" : 0
      }, {
        "name" : "Taking Screenshot",
        "time" : {
          "start" : 1619393121988,
          "stop" : 1619393122049,
          "duration" : 61
        },
        "status" : "passed",
        "steps" : [ ],
        "attachments" : [ {
          "uid" : "e017ae3527656695",
          "name" : "Attachment Title",
          "source" : "e017ae3527656695.png",
          "type" : "image/png",
          "size" : 36683
        } ],
        "parameters" : [ ],
        "stepsCount" : 0,
        "hasContent" : true,
        "shouldDisplayMessage" : false,
        "attachmentsCount" : 1
      } ],
      "attachments" : [ {
        "uid" : "46e2ebe69bb1ad9",
        "name" : "Console Output",
        "source" : "46e2ebe69bb1ad9.txt",
        "type" : "text/plain",
        "size" : 0
      } ],
      "parameters" : [ ],
      "stepsCount" : 8,
      "hasContent" : true,
      "shouldDisplayMessage" : true,
      "attachmentsCount" : 2
    } ],
    "attachments" : [ ],
    "parameters" : [ ],
    "stepsCount" : 9,
    "hasContent" : true,
    "shouldDisplayMessage" : false,
    "attachmentsCount" : 2
  },
  "afterStages" : [ {
    "name" : "TearDown",
    "time" : {
      "start" : 1619393122051,
      "stop" : 1619393122051,
      "duration" : 0
    },
    "status" : "passed",
    "steps" : [ ],
    "attachments" : [ ],
    "parameters" : [ ],
    "stepsCount" : 0,
    "hasContent" : false,
    "shouldDisplayMessage" : false,
    "attachmentsCount" : 0
  }, {
    "name" : "OneTimeTearDown",
    "time" : {
      "start" : 1619393122051,
      "stop" : 1619393122051,
      "duration" : 0
    },
    "status" : "unknown",
    "statusMessage" : "It's not possible to get status of OneTimeTearDown",
    "statusTrace" : "See Allure.NUnit wiki",
    "steps" : [ ],
    "attachments" : [ ],
    "parameters" : [ ],
    "stepsCount" : 0,
    "hasContent" : true,
    "shouldDisplayMessage" : true,
    "attachmentsCount" : 0
  } ],
  "labels" : [ {
    "name" : "thread",
    "value" : "NonParallelWorker"
  }, {
    "name" : "host",
    "value" : "QAB01"
  }, {
    "name" : "testClass",
    "value" : "BOEM_Tests.Tests.AdminAccessRights"
  }, {
    "name" : "testMethod",
    "value" : "ACCESSRIGHTS_01"
  }, {
    "name" : "package",
    "value" : "BOEM_Tests.Tests.AdminAccessRights"
  }, {
    "name" : "tag",
    "value" : "ACCESSRIGHTS.1"
  }, {
    "name" : "suite",
    "value" : "AccessRights"
  }, {
    "name" : "severity",
    "value" : "normal"
  }, {
    "name" : "resultFormat",
    "value" : "allure2"
  } ],
  "parameters" : [ ],
  "links" : [ ],
  "hidden" : false,
  "retry" : false,
  "extra" : {
    "severity" : "normal",
    "retries" : [ ],
    "categories" : [ {
      "name" : "Product defects",
      "matchedStatuses" : [ ],
      "flaky" : false
    } ],
    "history" : {
      "statistic" : {
        "failed" : 4,
        "broken" : 0,
        "skipped" : 0,
        "passed" : 0,
        "unknown" : 0,
        "total" : 4
      },
      "items" : [ {
        "uid" : "c12e241c6c13ea38",
        "status" : "failed",
        "statusDetails" : "System.Exception : (TEST FAILED) EXPECTED: 1 menu item(s). BUT WAS: 0 menu item(s).",
        "time" : {
          "start" : 1619127860958,
          "stop" : 1619127997918,
          "duration" : 136960
        }
      }, {
        "uid" : "b20332bd6a82e660",
        "status" : "failed",
        "statusDetails" : "System.Exception : (TEST FAILED) EXPECTED: 1 menu item(s). BUT WAS: 0 menu item(s).",
        "time" : {
          "start" : 1618972235502,
          "stop" : 1618972372513,
          "duration" : 137011
        }
      }, {
        "uid" : "f2ba2702ebc7294e",
        "status" : "failed",
        "statusDetails" : "System.Exception : (TEST FAILED) EXPECTED: 1 menu item(s). BUT WAS: 0 menu item(s).",
        "time" : {
          "start" : 1618878457780,
          "stop" : 1618878593903,
          "duration" : 136123
        }
      } ]
    },
    "tags" : [ "ACCESSRIGHTS.1" ]
  },
  "source" : "2a02389c361ab529.json",
  "parameterValues" : [ ]
}