{
  "uid" : "3f16e07339c9767",
  "name" : "ADMINSECURITY_38",
  "fullName" : "BOEM_Tests.Tests.AdminSecurity.ADMINSECURITY_38",
  "historyId" : "BOEM_Tests.Tests.AdminSecurity.ADMINSECURITY_38",
  "time" : {
    "start" : 1620049861201,
    "stop" : 1620049899944,
    "duration" : 38743
  },
  "description" : "Test with admin user to show access is permitted. Admin user sign in and try to access '/ProjectMappingAdmin' URL. It expects normal page load\n",
  "descriptionHtml" : "<p>Test with admin user to show access is permitted. Admin user sign in and try to access '/ProjectMappingAdmin' URL. It expects normal page load</p>\n",
  "status" : "failed",
  "statusMessage" : "System.Exception : (TEST FAILED) Was redirected to Access denied page\r\n\r\n  1)   Page did not load correctly\r\n  Expected: True\r\n  But was:  False\r\n\r\n",
  "statusTrace" : "   at BOEM_Tests.Tests.AdminSecurity.ADMINSECURITY_38() in C:\\Users\\QAOperator\\Documents\\GitHub\\BOEM_Tests\\BOEM\\BOEM_Tests\\Tests\\AdminSecurity.cs:line 1232",
  "flaky" : false,
  "newFailed" : false,
  "beforeStages" : [ {
    "name" : "PrepareResultsDir",
    "time" : {
      "start" : 1620049899944,
      "stop" : 1620049899944,
      "duration" : 0
    },
    "status" : "passed",
    "steps" : [ ],
    "attachments" : [ ],
    "parameters" : [ ],
    "shouldDisplayMessage" : false,
    "attachmentsCount" : 0,
    "hasContent" : false,
    "stepsCount" : 0
  }, {
    "name" : "SetUp_Test",
    "time" : {
      "start" : 1620049899944,
      "stop" : 1620049899944,
      "duration" : 0
    },
    "status" : "passed",
    "steps" : [ ],
    "attachments" : [ ],
    "parameters" : [ ],
    "shouldDisplayMessage" : false,
    "attachmentsCount" : 0,
    "hasContent" : false,
    "stepsCount" : 0
  } ],
  "testStage" : {
    "description" : "Test with admin user to show access is permitted. Admin user sign in and try to access '/ProjectMappingAdmin' URL. It expects normal page load\n",
    "status" : "failed",
    "statusMessage" : "System.Exception : (TEST FAILED) Was redirected to Access denied page\r\n\r\n  1)   Page did not load correctly\r\n  Expected: True\r\n  But was:  False\r\n\r\n",
    "statusTrace" : "   at BOEM_Tests.Tests.AdminSecurity.ADMINSECURITY_38() in C:\\Users\\QAOperator\\Documents\\GitHub\\BOEM_Tests\\BOEM\\BOEM_Tests\\Tests\\AdminSecurity.cs:line 1232",
    "steps" : [ {
      "name" : "ADMINSECURITY_38",
      "time" : {
        "start" : 1620049861201,
        "stop" : 1620049899944,
        "duration" : 38743
      },
      "status" : "failed",
      "statusMessage" : "System.Exception : (TEST FAILED) Was redirected to Access denied page\r\n\r\n  1)   Page did not load correctly\r\n  Expected: True\r\n  But was:  False\r\n\r\n",
      "statusTrace" : "   at BOEM_Tests.Tests.AdminSecurity.ADMINSECURITY_38() in C:\\Users\\QAOperator\\Documents\\GitHub\\BOEM_Tests\\BOEM\\BOEM_Tests\\Tests\\AdminSecurity.cs:line 1232",
      "steps" : [ {
        "name" : "Log in using QA Admin user",
        "time" : {
          "start" : 1620049861202,
          "stop" : 1620049883028,
          "duration" : 21826
        },
        "status" : "passed",
        "steps" : [ {
          "name" : "Open login page",
          "time" : {
            "start" : 1620049864823,
            "stop" : 1620049867973,
            "duration" : 3150
          },
          "status" : "passed",
          "steps" : [ ],
          "attachments" : [ ],
          "parameters" : [ ],
          "shouldDisplayMessage" : false,
          "attachmentsCount" : 0,
          "hasContent" : false,
          "stepsCount" : 0
        }, {
          "name" : "Set username to QA_BOEMAdmin@weblakes.com",
          "time" : {
            "start" : 1620049867973,
            "stop" : 1620049868036,
            "duration" : 63
          },
          "status" : "passed",
          "steps" : [ ],
          "attachments" : [ ],
          "parameters" : [ ],
          "shouldDisplayMessage" : false,
          "attachmentsCount" : 0,
          "hasContent" : false,
          "stepsCount" : 0
        }, {
          "name" : "Set password to 23M8BScKKXGUa5525",
          "time" : {
            "start" : 1620049868036,
            "stop" : 1620049868076,
            "duration" : 40
          },
          "status" : "passed",
          "steps" : [ ],
          "attachments" : [ ],
          "parameters" : [ ],
          "shouldDisplayMessage" : false,
          "attachmentsCount" : 0,
          "hasContent" : false,
          "stepsCount" : 0
        }, {
          "name" : "Click on login button",
          "time" : {
            "start" : 1620049868076,
            "stop" : 1620049873017,
            "duration" : 4941
          },
          "status" : "passed",
          "steps" : [ ],
          "attachments" : [ ],
          "parameters" : [ ],
          "shouldDisplayMessage" : false,
          "attachmentsCount" : 0,
          "hasContent" : false,
          "stepsCount" : 0
        } ],
        "attachments" : [ ],
        "parameters" : [ ],
        "shouldDisplayMessage" : false,
        "attachmentsCount" : 0,
        "hasContent" : true,
        "stepsCount" : 4
      }, {
        "name" : "Access relative URL /ProjectMappingAdmin",
        "time" : {
          "start" : 1620049883028,
          "stop" : 1620049888848,
          "duration" : 5820
        },
        "status" : "passed",
        "steps" : [ ],
        "attachments" : [ ],
        "parameters" : [ ],
        "shouldDisplayMessage" : false,
        "attachmentsCount" : 0,
        "hasContent" : false,
        "stepsCount" : 0
      }, {
        "name" : "Check if URL ends with /Error/AccessDenied",
        "time" : {
          "start" : 1620049888848,
          "stop" : 1620049889862,
          "duration" : 1014
        },
        "status" : "passed",
        "steps" : [ ],
        "attachments" : [ ],
        "parameters" : [ ],
        "shouldDisplayMessage" : false,
        "attachmentsCount" : 0,
        "hasContent" : false,
        "stepsCount" : 0
      }, {
        "name" : "Check if page loaded correctly",
        "time" : {
          "start" : 1620049889862,
          "stop" : 1620049899885,
          "duration" : 10023
        },
        "status" : "passed",
        "steps" : [ {
          "name" : "Check server error displayed",
          "time" : {
            "start" : 1620049899875,
            "stop" : 1620049899885,
            "duration" : 10
          },
          "status" : "passed",
          "steps" : [ ],
          "attachments" : [ ],
          "parameters" : [ ],
          "shouldDisplayMessage" : false,
          "attachmentsCount" : 0,
          "hasContent" : false,
          "stepsCount" : 0
        } ],
        "attachments" : [ ],
        "parameters" : [ ],
        "shouldDisplayMessage" : false,
        "attachmentsCount" : 0,
        "hasContent" : true,
        "stepsCount" : 1
      }, {
        "name" : "Taking Screenshot",
        "time" : {
          "start" : 1620049899888,
          "stop" : 1620049899943,
          "duration" : 55
        },
        "status" : "passed",
        "steps" : [ ],
        "attachments" : [ {
          "uid" : "aa6842bfed2e6278",
          "name" : "Attachment Title",
          "source" : "aa6842bfed2e6278.png",
          "type" : "image/png",
          "size" : 53275
        } ],
        "parameters" : [ ],
        "shouldDisplayMessage" : false,
        "attachmentsCount" : 1,
        "hasContent" : true,
        "stepsCount" : 0
      } ],
      "attachments" : [ {
        "uid" : "40ef4731c67aebf6",
        "name" : "Console Output",
        "source" : "40ef4731c67aebf6.txt",
        "type" : "text/plain",
        "size" : 0
      } ],
      "parameters" : [ ],
      "shouldDisplayMessage" : true,
      "attachmentsCount" : 2,
      "hasContent" : true,
      "stepsCount" : 10
    } ],
    "attachments" : [ ],
    "parameters" : [ ],
    "shouldDisplayMessage" : false,
    "attachmentsCount" : 2,
    "hasContent" : true,
    "stepsCount" : 11
  },
  "afterStages" : [ {
    "name" : "TearDown",
    "time" : {
      "start" : 1620049899944,
      "stop" : 1620049899944,
      "duration" : 0
    },
    "status" : "passed",
    "steps" : [ ],
    "attachments" : [ ],
    "parameters" : [ ],
    "shouldDisplayMessage" : false,
    "attachmentsCount" : 0,
    "hasContent" : false,
    "stepsCount" : 0
  }, {
    "name" : "OneTimeTearDown",
    "time" : {
      "start" : 1620049899944,
      "stop" : 1620049899944,
      "duration" : 0
    },
    "status" : "unknown",
    "statusMessage" : "It's not possible to get status of OneTimeTearDown",
    "statusTrace" : "See Allure.NUnit wiki",
    "steps" : [ ],
    "attachments" : [ ],
    "parameters" : [ ],
    "shouldDisplayMessage" : true,
    "attachmentsCount" : 0,
    "hasContent" : true,
    "stepsCount" : 0
  } ],
  "labels" : [ {
    "name" : "thread",
    "value" : "NonParallelWorker"
  }, {
    "name" : "host",
    "value" : "QAB01"
  }, {
    "name" : "testClass",
    "value" : "BOEM_Tests.Tests.AdminSecurity"
  }, {
    "name" : "testMethod",
    "value" : "ADMINSECURITY_38"
  }, {
    "name" : "package",
    "value" : "BOEM_Tests.Tests.AdminSecurity"
  }, {
    "name" : "tag",
    "value" : "ADMINSECURITY.38"
  }, {
    "name" : "suite",
    "value" : "AdminSecurity"
  }, {
    "name" : "severity",
    "value" : "normal"
  }, {
    "name" : "resultFormat",
    "value" : "allure2"
  } ],
  "parameters" : [ ],
  "links" : [ ],
  "hidden" : false,
  "retry" : false,
  "extra" : {
    "severity" : "normal",
    "retries" : [ {
      "uid" : "8ba2171ec65a76a7",
      "status" : "failed",
      "statusDetails" : "System.Exception : (TEST FAILED) Was redirected to Access denied page\r\n\r\n  1)   Page did not load correctly\r\n  Expected: True\r\n  But was:  False\r\n\r\n",
      "time" : {
        "start" : 1619822770958,
        "stop" : 1619822841225,
        "duration" : 70267
      }
    } ],
    "categories" : [ {
      "name" : "Product defects",
      "matchedStatuses" : [ ],
      "flaky" : false
    } ],
    "history" : {
      "statistic" : {
        "failed" : 7,
        "broken" : 0,
        "skipped" : 0,
        "passed" : 0,
        "unknown" : 0,
        "total" : 7
      },
      "items" : [ {
        "uid" : "d1a8a4ace3ff4769",
        "status" : "failed",
        "statusDetails" : "System.Exception : (TEST FAILED) Was redirected to Access denied page\r\n\r\n  1)   Page did not load correctly\r\n  Expected: True\r\n  But was:  False\r\n\r\n",
        "time" : {
          "start" : 1619740264308,
          "stop" : 1619740333904,
          "duration" : 69596
        }
      }, {
        "uid" : "6b8fd7965424855a",
        "status" : "failed",
        "statusDetails" : "System.Exception : (TEST FAILED) Was redirected to Access denied page\r\n\r\n  1)   Page did not load correctly\r\n  Expected: True\r\n  But was:  False\r\n\r\n",
        "time" : {
          "start" : 1619652097495,
          "stop" : 1619652135468,
          "duration" : 37973
        }
      }, {
        "uid" : "5477c9febb654dc4",
        "status" : "failed",
        "statusDetails" : "System.Exception : (TEST FAILED) Was redirected to Access denied page\r\n\r\n  1)   Page did not load correctly\r\n  Expected: True\r\n  But was:  False\r\n\r\n",
        "time" : {
          "start" : 1619646255107,
          "stop" : 1619646296968,
          "duration" : 41861
        }
      }, {
        "uid" : "b60a5572dcd5a05f",
        "status" : "failed",
        "statusDetails" : "System.Exception : (TEST FAILED) Was redirected to Access denied page\r\n\r\n  1)   Page did not load correctly\r\n  Expected: True\r\n  But was:  False\r\n\r\n",
        "time" : {
          "start" : 1619394226749,
          "stop" : 1619394264690,
          "duration" : 37941
        }
      }, {
        "uid" : "e6a3e27878e4de12",
        "status" : "failed",
        "statusDetails" : "System.Exception : (TEST FAILED) Was redirected to Access denied page\r\n\r\n  1)   Page did not load correctly\r\n  Expected: True\r\n  But was:  False\r\n\r\n",
        "time" : {
          "start" : 1619129113623,
          "stop" : 1619129151560,
          "duration" : 37937
        }
      }, {
        "uid" : "e0dd015e5fd3b48d",
        "status" : "failed",
        "statusDetails" : "System.Exception : (TEST FAILED) Was redirected to Access denied page\r\n\r\n  1)   Page did not load correctly\r\n  Expected: True\r\n  But was:  False\r\n\r\n",
        "time" : {
          "start" : 1618973475659,
          "stop" : 1618973513504,
          "duration" : 37845
        }
      } ]
    },
    "tags" : [ "ADMINSECURITY.38" ]
  },
  "source" : "3f16e07339c9767.json",
  "parameterValues" : [ ]
}