{
  "uid" : "5d8dc263d7ef6601",
  "name" : "ACCESSRIGHTS_01",
  "fullName" : "BOEM_Tests.Tests.AdminAccessRights.ACCESSRIGHTS_01",
  "historyId" : "BOEM_Tests.Tests.AdminAccessRights.ACCESSRIGHTS_01",
  "time" : {
    "start" : 1620049488993,
    "stop" : 1620049625129,
    "duration" : 136136
  },
  "description" : "Remove all access rights from reports and verify only 'User-Defined Reports' is available in 'All Reports View' page.\n",
  "descriptionHtml" : "<p>Remove all access rights from reports and verify only 'User-Defined Reports' is available in 'All Reports View' page.</p>\n",
  "status" : "failed",
  "statusMessage" : "System.Exception : (TEST FAILED) EXPECTED: 1 menu item(s). BUT WAS: 0 menu item(s).",
  "statusTrace" : "   at BOEM_Tests.Tests.AdminAccessRights.ACCESSRIGHTS_01() in C:\\Users\\QAOperator\\Documents\\GitHub\\BOEM_Tests\\BOEM\\BOEM_Tests\\Tests\\AdminAccessRights.cs:line 89",
  "flaky" : false,
  "newFailed" : false,
  "beforeStages" : [ {
    "name" : "PrepareResultsDir",
    "time" : {
      "start" : 1620049625128,
      "stop" : 1620049625128,
      "duration" : 0
    },
    "status" : "passed",
    "steps" : [ ],
    "attachments" : [ ],
    "parameters" : [ ],
    "shouldDisplayMessage" : false,
    "attachmentsCount" : 0,
    "hasContent" : false,
    "stepsCount" : 0
  }, {
    "name" : "Setup_Test",
    "time" : {
      "start" : 1620049625128,
      "stop" : 1620049625128,
      "duration" : 0
    },
    "status" : "passed",
    "steps" : [ ],
    "attachments" : [ ],
    "parameters" : [ ],
    "shouldDisplayMessage" : false,
    "attachmentsCount" : 0,
    "hasContent" : false,
    "stepsCount" : 0
  } ],
  "testStage" : {
    "description" : "Remove all access rights from reports and verify only 'User-Defined Reports' is available in 'All Reports View' page.\n",
    "status" : "failed",
    "statusMessage" : "System.Exception : (TEST FAILED) EXPECTED: 1 menu item(s). BUT WAS: 0 menu item(s).",
    "statusTrace" : "   at BOEM_Tests.Tests.AdminAccessRights.ACCESSRIGHTS_01() in C:\\Users\\QAOperator\\Documents\\GitHub\\BOEM_Tests\\BOEM\\BOEM_Tests\\Tests\\AdminAccessRights.cs:line 89",
    "steps" : [ {
      "name" : "ACCESSRIGHTS_01",
      "time" : {
        "start" : 1620049488993,
        "stop" : 1620049625129,
        "duration" : 136136
      },
      "status" : "failed",
      "statusMessage" : "System.Exception : (TEST FAILED) EXPECTED: 1 menu item(s). BUT WAS: 0 menu item(s).",
      "statusTrace" : "   at BOEM_Tests.Tests.AdminAccessRights.ACCESSRIGHTS_01() in C:\\Users\\QAOperator\\Documents\\GitHub\\BOEM_Tests\\BOEM\\BOEM_Tests\\Tests\\AdminAccessRights.cs:line 89",
      "steps" : [ {
        "name" : "Log in using QA user",
        "time" : {
          "start" : 1620049488996,
          "stop" : 1620049511292,
          "duration" : 22296
        },
        "status" : "passed",
        "steps" : [ {
          "name" : "Open login page",
          "time" : {
            "start" : 1620049492819,
            "stop" : 1620049495991,
            "duration" : 3172
          },
          "status" : "passed",
          "steps" : [ ],
          "attachments" : [ ],
          "parameters" : [ ],
          "shouldDisplayMessage" : false,
          "attachmentsCount" : 0,
          "hasContent" : false,
          "stepsCount" : 0
        }, {
          "name" : "Set username to qa_boem@weblakes.com",
          "time" : {
            "start" : 1620049495991,
            "stop" : 1620049496045,
            "duration" : 54
          },
          "status" : "passed",
          "steps" : [ ],
          "attachments" : [ ],
          "parameters" : [ ],
          "shouldDisplayMessage" : false,
          "attachmentsCount" : 0,
          "hasContent" : false,
          "stepsCount" : 0
        }, {
          "name" : "Set password to e45eT%0n^SpXdsb2",
          "time" : {
            "start" : 1620049496045,
            "stop" : 1620049496103,
            "duration" : 58
          },
          "status" : "passed",
          "steps" : [ ],
          "attachments" : [ ],
          "parameters" : [ ],
          "shouldDisplayMessage" : false,
          "attachmentsCount" : 0,
          "hasContent" : false,
          "stepsCount" : 0
        }, {
          "name" : "Click on login button",
          "time" : {
            "start" : 1620049496103,
            "stop" : 1620049501283,
            "duration" : 5180
          },
          "status" : "passed",
          "steps" : [ ],
          "attachments" : [ ],
          "parameters" : [ ],
          "shouldDisplayMessage" : false,
          "attachmentsCount" : 0,
          "hasContent" : false,
          "stepsCount" : 0
        } ],
        "attachments" : [ ],
        "parameters" : [ ],
        "shouldDisplayMessage" : false,
        "attachmentsCount" : 0,
        "hasContent" : true,
        "stepsCount" : 4
      }, {
        "name" : "Open AdminAccessRights page",
        "time" : {
          "start" : 1620049511292,
          "stop" : 1620049516883,
          "duration" : 5591
        },
        "status" : "passed",
        "steps" : [ ],
        "attachments" : [ ],
        "parameters" : [ ],
        "shouldDisplayMessage" : false,
        "attachmentsCount" : 0,
        "hasContent" : false,
        "stepsCount" : 0
      }, {
        "name" : "Change user group",
        "time" : {
          "start" : 1620049516883,
          "stop" : 1620049537889,
          "duration" : 21006
        },
        "status" : "passed",
        "steps" : [ ],
        "attachments" : [ ],
        "parameters" : [ ],
        "shouldDisplayMessage" : false,
        "attachmentsCount" : 0,
        "hasContent" : false,
        "stepsCount" : 0
      }, {
        "name" : "Filter Object type using Report",
        "time" : {
          "start" : 1620049537889,
          "stop" : 1620049548158,
          "duration" : 10269
        },
        "status" : "passed",
        "steps" : [ ],
        "attachments" : [ ],
        "parameters" : [ ],
        "shouldDisplayMessage" : false,
        "attachmentsCount" : 0,
        "hasContent" : false,
        "stepsCount" : 0
      }, {
        "name" : "Unchek all checkboxes",
        "time" : {
          "start" : 1620049548158,
          "stop" : 1620049614706,
          "duration" : 66548
        },
        "status" : "passed",
        "steps" : [ ],
        "attachments" : [ ],
        "parameters" : [ ],
        "shouldDisplayMessage" : false,
        "attachmentsCount" : 0,
        "hasContent" : false,
        "stepsCount" : 0
      }, {
        "name" : "Open NavReporting page ",
        "time" : {
          "start" : 1620049614706,
          "stop" : 1620049615038,
          "duration" : 332
        },
        "status" : "passed",
        "steps" : [ ],
        "attachments" : [ ],
        "parameters" : [ ],
        "shouldDisplayMessage" : false,
        "attachmentsCount" : 0,
        "hasContent" : false,
        "stepsCount" : 0
      }, {
        "name" : "Wait 5000 ms",
        "time" : {
          "start" : 1620049615038,
          "stop" : 1620049620042,
          "duration" : 5004
        },
        "status" : "passed",
        "steps" : [ ],
        "attachments" : [ ],
        "parameters" : [ ],
        "shouldDisplayMessage" : false,
        "attachmentsCount" : 0,
        "hasContent" : false,
        "stepsCount" : 0
      }, {
        "name" : "Verify menu items",
        "time" : {
          "start" : 1620049620042,
          "stop" : 1620049625062,
          "duration" : 5020
        },
        "status" : "failed",
        "statusMessage" : "(TEST FAILED) EXPECTED: 1 menu item(s). BUT WAS: 0 menu item(s).",
        "statusTrace" : "   at BOEM_Tests.PageObjects.NavReportingPage.__a$_around_VerifyMenuItemsAvailable_100665414_o(List`1 menuItemsTitles) in C:\\Users\\QAOperator\\Documents\\GitHub\\BOEM_Tests\\BOEM\\BOEM_Tests\\PageObjects\\NavReporting\\NavReportingPage.cs:line 73\r\n   at BOEM_Tests.PageObjects.NavReportingPage.__a$_around_VerifyMenuItemsAvailable_100665414_u(Object[] )\r\n   at NUnit.Allure.Steps.AllureStepAspect.WrapStep(String name, MethodBase methodBase, Object[] arguments, Func`2 method)",
        "steps" : [ ],
        "attachments" : [ ],
        "parameters" : [ ],
        "shouldDisplayMessage" : true,
        "attachmentsCount" : 0,
        "hasContent" : true,
        "stepsCount" : 0
      }, {
        "name" : "Taking Screenshot",
        "time" : {
          "start" : 1620049625062,
          "stop" : 1620049625125,
          "duration" : 63
        },
        "status" : "passed",
        "steps" : [ ],
        "attachments" : [ {
          "uid" : "b9ebaacfecc8f0d3",
          "name" : "Attachment Title",
          "source" : "b9ebaacfecc8f0d3.png",
          "type" : "image/png",
          "size" : 39003
        } ],
        "parameters" : [ ],
        "shouldDisplayMessage" : false,
        "attachmentsCount" : 1,
        "hasContent" : true,
        "stepsCount" : 0
      } ],
      "attachments" : [ {
        "uid" : "b9b348d458095fa5",
        "name" : "Console Output",
        "source" : "b9b348d458095fa5.txt",
        "type" : "text/plain",
        "size" : 0
      } ],
      "parameters" : [ ],
      "shouldDisplayMessage" : true,
      "attachmentsCount" : 2,
      "hasContent" : true,
      "stepsCount" : 13
    } ],
    "attachments" : [ ],
    "parameters" : [ ],
    "shouldDisplayMessage" : false,
    "attachmentsCount" : 2,
    "hasContent" : true,
    "stepsCount" : 14
  },
  "afterStages" : [ {
    "name" : "TearDown",
    "time" : {
      "start" : 1620049625128,
      "stop" : 1620049625128,
      "duration" : 0
    },
    "status" : "passed",
    "steps" : [ ],
    "attachments" : [ ],
    "parameters" : [ ],
    "shouldDisplayMessage" : false,
    "attachmentsCount" : 0,
    "hasContent" : false,
    "stepsCount" : 0
  }, {
    "name" : "OneTimeTearDown",
    "time" : {
      "start" : 1620049625128,
      "stop" : 1620049625128,
      "duration" : 0
    },
    "status" : "unknown",
    "statusMessage" : "It's not possible to get status of OneTimeTearDown",
    "statusTrace" : "See Allure.NUnit wiki",
    "steps" : [ ],
    "attachments" : [ ],
    "parameters" : [ ],
    "shouldDisplayMessage" : true,
    "attachmentsCount" : 0,
    "hasContent" : true,
    "stepsCount" : 0
  } ],
  "labels" : [ {
    "name" : "thread",
    "value" : "NonParallelWorker"
  }, {
    "name" : "host",
    "value" : "QAB01"
  }, {
    "name" : "testClass",
    "value" : "BOEM_Tests.Tests.AdminAccessRights"
  }, {
    "name" : "testMethod",
    "value" : "ACCESSRIGHTS_01"
  }, {
    "name" : "package",
    "value" : "BOEM_Tests.Tests.AdminAccessRights"
  }, {
    "name" : "tag",
    "value" : "ACCESSRIGHTS.1"
  }, {
    "name" : "suite",
    "value" : "AccessRights"
  }, {
    "name" : "severity",
    "value" : "normal"
  }, {
    "name" : "resultFormat",
    "value" : "allure2"
  } ],
  "parameters" : [ ],
  "links" : [ ],
  "hidden" : false,
  "retry" : false,
  "extra" : {
    "severity" : "normal",
    "retries" : [ {
      "uid" : "208ba15b5b0463d7",
      "status" : "failed",
      "statusDetails" : "System.Exception : (TEST FAILED) EXPECTED: 1 menu item(s). BUT WAS: 0 menu item(s).",
      "time" : {
        "start" : 1619821465373,
        "stop" : 1619821602444,
        "duration" : 137071
      }
    } ],
    "categories" : [ {
      "name" : "Product defects",
      "matchedStatuses" : [ ],
      "flaky" : false
    } ],
    "history" : {
      "statistic" : {
        "failed" : 8,
        "broken" : 0,
        "skipped" : 0,
        "passed" : 0,
        "unknown" : 0,
        "total" : 8
      },
      "items" : [ {
        "uid" : "6fdd2fba914d88aa",
        "status" : "failed",
        "statusDetails" : "System.Exception : (TEST FAILED) EXPECTED: 1 menu item(s). BUT WAS: 0 menu item(s).",
        "time" : {
          "start" : 1619738956614,
          "stop" : 1619739092642,
          "duration" : 136028
        }
      }, {
        "uid" : "8f471db9f98c5970",
        "status" : "failed",
        "statusDetails" : "System.Exception : (TEST FAILED) EXPECTED: 1 menu item(s). BUT WAS: 0 menu item(s).",
        "time" : {
          "start" : 1619650765308,
          "stop" : 1619650901799,
          "duration" : 136491
        }
      }, {
        "uid" : "e127066b30dec3b2",
        "status" : "failed",
        "statusDetails" : "System.Exception : (TEST FAILED) EXPECTED: 1 menu item(s). BUT WAS: 0 menu item(s).",
        "time" : {
          "start" : 1619623648091,
          "stop" : 1619623784979,
          "duration" : 136888
        }
      }, {
        "uid" : "2a02389c361ab529",
        "status" : "failed",
        "statusDetails" : "System.Exception : (TEST FAILED) EXPECTED: 1 menu item(s). BUT WAS: 0 menu item(s).",
        "time" : {
          "start" : 1619392986176,
          "stop" : 1619393122052,
          "duration" : 135876
        }
      }, {
        "uid" : "c12e241c6c13ea38",
        "status" : "failed",
        "statusDetails" : "System.Exception : (TEST FAILED) EXPECTED: 1 menu item(s). BUT WAS: 0 menu item(s).",
        "time" : {
          "start" : 1619127860958,
          "stop" : 1619127997918,
          "duration" : 136960
        }
      }, {
        "uid" : "b20332bd6a82e660",
        "status" : "failed",
        "statusDetails" : "System.Exception : (TEST FAILED) EXPECTED: 1 menu item(s). BUT WAS: 0 menu item(s).",
        "time" : {
          "start" : 1618972235502,
          "stop" : 1618972372513,
          "duration" : 137011
        }
      }, {
        "uid" : "f2ba2702ebc7294e",
        "status" : "failed",
        "statusDetails" : "System.Exception : (TEST FAILED) EXPECTED: 1 menu item(s). BUT WAS: 0 menu item(s).",
        "time" : {
          "start" : 1618878457780,
          "stop" : 1618878593903,
          "duration" : 136123
        }
      } ]
    },
    "tags" : [ "ACCESSRIGHTS.1" ]
  },
  "source" : "5d8dc263d7ef6601.json",
  "parameterValues" : [ ]
}