{
  "uid" : "61d1298b75b0a365",
  "name" : "AccessURL3_InputDetails_NavSourceConfig_DetailedEditor_Create",
  "fullName" : "BOEM_Tests.Tests.Url.AccessURL3_InputDetails_NavSourceConfig_DetailedEditor_Create",
  "historyId" : "BOEM_Tests.Tests.Url.AccessURL3_InputDetails_NavSourceConfig_DetailedEditor_Create",
  "time" : {
    "start" : 1618058753001,
    "stop" : 1618058799439,
    "duration" : 46438
  },
  "description" : "Visit /InputDetails/NavSourceConfig/DetailedEditor/Create/ and assure page loads\n",
  "descriptionHtml" : "<p>Visit /InputDetails/NavSourceConfig/DetailedEditor/Create/ and assure page loads</p>\n",
  "status" : "failed",
  "statusMessage" : "System.Exception : (TEST FAILED) It was displayed an error. Please check the screenshot.",
  "statusTrace" : "   at BOEM_Tests.Tests.Url.AccessURL3_InputDetails_NavSourceConfig_DetailedEditor_Create() in C:\\Users\\QAOperator\\Documents\\GitHub\\BOEM_Tests\\BOEM\\BOEM_Tests\\Tests\\Url.cs:line 119",
  "flaky" : false,
  "newFailed" : false,
  "beforeStages" : [ {
    "name" : "PrepareResultsDir",
    "time" : {
      "start" : 1618058799439,
      "stop" : 1618058799439,
      "duration" : 0
    },
    "status" : "passed",
    "steps" : [ ],
    "attachments" : [ ],
    "parameters" : [ ],
    "stepsCount" : 0,
    "hasContent" : false,
    "shouldDisplayMessage" : false,
    "attachmentsCount" : 0
  }, {
    "name" : "SetUp_Test",
    "time" : {
      "start" : 1618058799439,
      "stop" : 1618058799439,
      "duration" : 0
    },
    "status" : "passed",
    "steps" : [ ],
    "attachments" : [ ],
    "parameters" : [ ],
    "stepsCount" : 0,
    "hasContent" : false,
    "shouldDisplayMessage" : false,
    "attachmentsCount" : 0
  } ],
  "testStage" : {
    "description" : "Visit /InputDetails/NavSourceConfig/DetailedEditor/Create/ and assure page loads\n",
    "status" : "failed",
    "statusMessage" : "System.Exception : (TEST FAILED) It was displayed an error. Please check the screenshot.",
    "statusTrace" : "   at BOEM_Tests.Tests.Url.AccessURL3_InputDetails_NavSourceConfig_DetailedEditor_Create() in C:\\Users\\QAOperator\\Documents\\GitHub\\BOEM_Tests\\BOEM\\BOEM_Tests\\Tests\\Url.cs:line 119",
    "steps" : [ {
      "name" : "AccessURL3_InputDetails_NavSourceConfig_DetailedEditor_Create",
      "time" : {
        "start" : 1618058753001,
        "stop" : 1618058799439,
        "duration" : 46438
      },
      "status" : "failed",
      "statusMessage" : "System.Exception : (TEST FAILED) It was displayed an error. Please check the screenshot.",
      "statusTrace" : "   at BOEM_Tests.Tests.Url.AccessURL3_InputDetails_NavSourceConfig_DetailedEditor_Create() in C:\\Users\\QAOperator\\Documents\\GitHub\\BOEM_Tests\\BOEM\\BOEM_Tests\\Tests\\Url.cs:line 119",
      "steps" : [ {
        "name" : "Log in using QA user",
        "time" : {
          "start" : 1618058757171,
          "stop" : 1618058773890,
          "duration" : 16719
        },
        "status" : "passed",
        "steps" : [ {
          "name" : "Open login page",
          "time" : {
            "start" : 1618058757171,
            "stop" : 1618058758612,
            "duration" : 1441
          },
          "status" : "passed",
          "steps" : [ ],
          "attachments" : [ ],
          "parameters" : [ ],
          "stepsCount" : 0,
          "hasContent" : false,
          "shouldDisplayMessage" : false,
          "attachmentsCount" : 0
        }, {
          "name" : "Set username to qa_boem@weblakes.com",
          "time" : {
            "start" : 1618058758612,
            "stop" : 1618058758663,
            "duration" : 51
          },
          "status" : "passed",
          "steps" : [ ],
          "attachments" : [ ],
          "parameters" : [ ],
          "stepsCount" : 0,
          "hasContent" : false,
          "shouldDisplayMessage" : false,
          "attachmentsCount" : 0
        }, {
          "name" : "Set password to e45eT%0n^SpXdsb2",
          "time" : {
            "start" : 1618058758663,
            "stop" : 1618058758693,
            "duration" : 30
          },
          "status" : "passed",
          "steps" : [ ],
          "attachments" : [ ],
          "parameters" : [ ],
          "stepsCount" : 0,
          "hasContent" : false,
          "shouldDisplayMessage" : false,
          "attachmentsCount" : 0
        }, {
          "name" : "Click on login button",
          "time" : {
            "start" : 1618058758693,
            "stop" : 1618058763875,
            "duration" : 5182
          },
          "status" : "passed",
          "steps" : [ ],
          "attachments" : [ ],
          "parameters" : [ ],
          "stepsCount" : 0,
          "hasContent" : false,
          "shouldDisplayMessage" : false,
          "attachmentsCount" : 0
        } ],
        "attachments" : [ ],
        "parameters" : [ ],
        "stepsCount" : 4,
        "hasContent" : true,
        "shouldDisplayMessage" : false,
        "attachmentsCount" : 0
      }, {
        "name" : "Access relative url /InputDetails/NavSourceConfig/DetailedEditor/Create",
        "time" : {
          "start" : 1618058773890,
          "stop" : 1618058788541,
          "duration" : 14651
        },
        "status" : "passed",
        "steps" : [ ],
        "attachments" : [ ],
        "parameters" : [ ],
        "stepsCount" : 0,
        "hasContent" : false,
        "shouldDisplayMessage" : false,
        "attachmentsCount" : 0
      }, {
        "name" : "Check if page loaded correctly",
        "time" : {
          "start" : 1618058788541,
          "stop" : 1618058798563,
          "duration" : 10022
        },
        "status" : "failed",
        "statusMessage" : "(TEST FAILED) It was displayed an error. Please check the screenshot.",
        "statusTrace" : "   at BOEM_Tests.PageObjects.UrlPage.__a$_around_DidPageLoad_100666052_o(String titleText, By uniqueElement) in C:\\Users\\QAOperator\\Documents\\GitHub\\BOEM_Tests\\BOEM\\BOEM_Tests\\PageObjects\\Url\\UrlPage.cs:line 89\r\n   at BOEM_Tests.PageObjects.UrlPage.__a$_around_DidPageLoad_100666052_u(Object[] )\r\n   at NUnit.Allure.Steps.AllureStepAspect.WrapStep(String name, MethodBase methodBase, Object[] arguments, Func`2 method)",
        "steps" : [ {
          "name" : "Check if got server error message",
          "time" : {
            "start" : 1618058798544,
            "stop" : 1618058798561,
            "duration" : 17
          },
          "status" : "passed",
          "steps" : [ ],
          "attachments" : [ ],
          "parameters" : [ ],
          "stepsCount" : 0,
          "hasContent" : false,
          "shouldDisplayMessage" : false,
          "attachmentsCount" : 0
        } ],
        "attachments" : [ ],
        "parameters" : [ ],
        "stepsCount" : 1,
        "hasContent" : true,
        "shouldDisplayMessage" : true,
        "attachmentsCount" : 0
      }, {
        "name" : "Taking Screenshot",
        "time" : {
          "start" : 1618058798563,
          "stop" : 1618058798619,
          "duration" : 56
        },
        "status" : "passed",
        "steps" : [ ],
        "attachments" : [ {
          "uid" : "9fb084522e06dd7d",
          "name" : "Attachment Title",
          "source" : "9fb084522e06dd7d.png",
          "type" : "image/png",
          "size" : 38613
        } ],
        "parameters" : [ ],
        "stepsCount" : 0,
        "hasContent" : true,
        "shouldDisplayMessage" : false,
        "attachmentsCount" : 1
      } ],
      "attachments" : [ {
        "uid" : "637b6df3ccacdc39",
        "name" : "Console Output",
        "source" : "637b6df3ccacdc39.txt",
        "type" : "text/plain",
        "size" : 0
      } ],
      "parameters" : [ ],
      "stepsCount" : 9,
      "hasContent" : true,
      "shouldDisplayMessage" : true,
      "attachmentsCount" : 2
    } ],
    "attachments" : [ ],
    "parameters" : [ ],
    "stepsCount" : 10,
    "hasContent" : true,
    "shouldDisplayMessage" : false,
    "attachmentsCount" : 2
  },
  "afterStages" : [ {
    "name" : "TearDown_Test",
    "time" : {
      "start" : 1618058799439,
      "stop" : 1618058799439,
      "duration" : 0
    },
    "status" : "passed",
    "steps" : [ ],
    "attachments" : [ ],
    "parameters" : [ ],
    "stepsCount" : 0,
    "hasContent" : false,
    "shouldDisplayMessage" : false,
    "attachmentsCount" : 0
  } ],
  "labels" : [ {
    "name" : "thread",
    "value" : "NonParallelWorker"
  }, {
    "name" : "host",
    "value" : "QAB01"
  }, {
    "name" : "testClass",
    "value" : "BOEM_Tests.Tests.Url"
  }, {
    "name" : "testMethod",
    "value" : "AccessURL3_InputDetails_NavSourceConfig_DetailedEditor_Create"
  }, {
    "name" : "package",
    "value" : "BOEM_Tests.Tests.Url"
  }, {
    "name" : "tag",
    "value" : "URL.3"
  }, {
    "name" : "suite",
    "value" : "Url"
  }, {
    "name" : "severity",
    "value" : "normal"
  }, {
    "name" : "resultFormat",
    "value" : "allure2"
  } ],
  "parameters" : [ ],
  "links" : [ ],
  "hidden" : false,
  "retry" : false,
  "extra" : {
    "severity" : "normal",
    "retries" : [ ],
    "categories" : [ {
      "name" : "Product defects",
      "matchedStatuses" : [ ],
      "flaky" : false
    } ],
    "history" : {
      "statistic" : {
        "failed" : 28,
        "broken" : 0,
        "skipped" : 0,
        "passed" : 0,
        "unknown" : 0,
        "total" : 28
      },
      "items" : [ {
        "uid" : "a866e53fcaf5b3f8",
        "status" : "failed",
        "statusDetails" : "System.Exception : (TEST FAILED) It was displayed an error. Please check the screenshot.",
        "time" : {
          "start" : 1617957663454,
          "stop" : 1617957709659,
          "duration" : 46205
        }
      }, {
        "uid" : "b5ba1db4c25be8e3",
        "status" : "failed",
        "statusDetails" : "System.Exception : It was displayed an error. Please check the screenshot.",
        "time" : {
          "start" : 1617874334353,
          "stop" : 1617874380280,
          "duration" : 45927
        }
      }, {
        "uid" : "c5b1224e0deecefe",
        "status" : "failed",
        "statusDetails" : "System.Exception : It was displayed an error. Please check the screenshot.",
        "time" : {
          "start" : 1617781374951,
          "stop" : 1617781423320,
          "duration" : 48369
        }
      }, {
        "uid" : "ba95f1347d61e4f2",
        "status" : "failed",
        "statusDetails" : "System.Exception : It was displayed an error. Please check the screenshot.",
        "time" : {
          "start" : 1617711353870,
          "stop" : 1617711409056,
          "duration" : 55186
        }
      }, {
        "uid" : "d5f465215b67e6f9",
        "status" : "failed",
        "statusDetails" : "System.Exception : It was displayed an error. Please check the screenshot.",
        "time" : {
          "start" : 1617365089093,
          "stop" : 1617365148808,
          "duration" : 59715
        }
      }, {
        "uid" : "a45f963409baee82",
        "status" : "failed",
        "statusDetails" : "System.Exception : It was displayed an error. Please check the screenshot.",
        "time" : {
          "start" : 1617189506603,
          "stop" : 1617189565644,
          "duration" : 59041
        }
      }, {
        "uid" : "95b92cc79856e85d",
        "status" : "failed",
        "statusDetails" : "System.Exception : It was displayed an error. Please check the screenshot.",
        "time" : {
          "start" : 1617103568421,
          "stop" : 1617103628361,
          "duration" : 59940
        }
      }, {
        "uid" : "5d502d96d88714c2",
        "status" : "failed",
        "statusDetails" : "System.Exception : It was displayed an error. Please check the screenshot.",
        "time" : {
          "start" : 1616856760058,
          "stop" : 1616856820079,
          "duration" : 60021
        }
      }, {
        "uid" : "f7afdd76ffa4c6b7",
        "status" : "failed",
        "statusDetails" : "System.Exception : It was displayed an error. Please check the screenshot.",
        "time" : {
          "start" : 1616758150896,
          "stop" : 1616758210916,
          "duration" : 60020
        }
      }, {
        "uid" : "1d9861fb5707d609",
        "status" : "failed",
        "statusDetails" : "System.Exception : It was displayed an error. Please check the screenshot.",
        "time" : {
          "start" : 1616494721572,
          "stop" : 1616494780204,
          "duration" : 58632
        }
      }, {
        "uid" : "15502f93b28c1553",
        "status" : "failed",
        "statusDetails" : "System.Exception : It was displayed an error. Please check the screenshot.",
        "time" : {
          "start" : 1616248801061,
          "stop" : 1616248861015,
          "duration" : 59954
        }
      }, {
        "uid" : "fe022c25ad375a15",
        "status" : "failed",
        "statusDetails" : "System.Exception : It was displayed an error. Please check the screenshot.",
        "time" : {
          "start" : 1616156531702,
          "stop" : 1616156591959,
          "duration" : 60257
        }
      }, {
        "uid" : "86298a3a1c120b94",
        "status" : "failed",
        "statusDetails" : "System.Exception : It was displayed an error. Please check the screenshot.",
        "time" : {
          "start" : 1616065752065,
          "stop" : 1616065797357,
          "duration" : 45292
        }
      }, {
        "uid" : "13ef8d023648fc66",
        "status" : "failed",
        "statusDetails" : "System.Exception : It was displayed an error. Please check the screenshot.",
        "time" : {
          "start" : 1615986308525,
          "stop" : 1615986368956,
          "duration" : 60431
        }
      }, {
        "uid" : "c55b48b3d62553ef",
        "status" : "failed",
        "statusDetails" : "System.Exception : It was displayed an error. Please check the screenshot.",
        "time" : {
          "start" : 1615893674017,
          "stop" : 1615893732909,
          "duration" : 58892
        }
      }, {
        "uid" : "7690f42040d5659",
        "status" : "failed",
        "statusDetails" : "  Expected: True\r\n  But was:  False\r\n",
        "time" : {
          "start" : 1615690867026,
          "stop" : 1615690925292,
          "duration" : 58266
        }
      }, {
        "uid" : "aec2746ae58dd84",
        "status" : "failed",
        "statusDetails" : "  Expected: True\r\n  But was:  False\r\n",
        "time" : {
          "start" : 1615412702018,
          "stop" : 1615412792327,
          "duration" : 90309
        }
      }, {
        "uid" : "f5848df535e5bb3e",
        "status" : "failed",
        "statusDetails" : "  Expected: True\r\n  But was:  False\r\n",
        "time" : {
          "start" : 1615475789049,
          "stop" : 1615475848501,
          "duration" : 59452
        }
      }, {
        "uid" : "73755457704d6269",
        "status" : "failed",
        "statusDetails" : "  Expected: True\r\n  But was:  False\r\n",
        "time" : {
          "start" : 1615412702018,
          "stop" : 1615412792327,
          "duration" : 90309
        }
      }, {
        "uid" : "fbfbf84855846723",
        "status" : "failed",
        "statusDetails" : "  Expected: True\r\n  But was:  False\r\n",
        "time" : {
          "start" : 1615242319380,
          "stop" : 1615242374781,
          "duration" : 55401
        }
      } ]
    },
    "tags" : [ "URL.3" ]
  },
  "source" : "61d1298b75b0a365.json",
  "parameterValues" : [ ]
}