{
  "uid" : "71a10b627e232f7",
  "name" : "ACCESSRIGHTS_02",
  "fullName" : "BOEM_Tests.Tests.AdminAccessRights.ACCESSRIGHTS_02",
  "historyId" : "BOEM_Tests.Tests.AdminAccessRights.ACCESSRIGHTS_02",
  "time" : {
    "start" : 1619650901804,
    "stop" : 1619651030466,
    "duration" : 128662
  },
  "description" : "Verify if 'Facility List' admin access right has 'Platform'\n",
  "descriptionHtml" : "<p>Verify if 'Facility List' admin access right has 'Platform'</p>\n",
  "status" : "failed",
  "statusMessage" : "System.Exception : (TEST FAILED) EXPECTED: 2 menu item(s). BUT WAS: 1 menu item(s).",
  "statusTrace" : "   at BOEM_Tests.Tests.AdminAccessRights.ACCESSRIGHTS_02() in C:\\Users\\QAOperator\\Documents\\GitHub\\BOEM_Tests\\BOEM\\BOEM_Tests\\Tests\\AdminAccessRights.cs:line 128",
  "flaky" : false,
  "newFailed" : false,
  "beforeStages" : [ {
    "name" : "PrepareResultsDir",
    "time" : {
      "start" : 1619651030465,
      "stop" : 1619651030465,
      "duration" : 0
    },
    "status" : "passed",
    "steps" : [ ],
    "attachments" : [ ],
    "parameters" : [ ],
    "shouldDisplayMessage" : false,
    "attachmentsCount" : 0,
    "stepsCount" : 0,
    "hasContent" : false
  }, {
    "name" : "Setup_Test",
    "time" : {
      "start" : 1619651030465,
      "stop" : 1619651030465,
      "duration" : 0
    },
    "status" : "passed",
    "steps" : [ ],
    "attachments" : [ ],
    "parameters" : [ ],
    "shouldDisplayMessage" : false,
    "attachmentsCount" : 0,
    "stepsCount" : 0,
    "hasContent" : false
  } ],
  "testStage" : {
    "description" : "Verify if 'Facility List' admin access right has 'Platform'\n",
    "status" : "failed",
    "statusMessage" : "System.Exception : (TEST FAILED) EXPECTED: 2 menu item(s). BUT WAS: 1 menu item(s).",
    "statusTrace" : "   at BOEM_Tests.Tests.AdminAccessRights.ACCESSRIGHTS_02() in C:\\Users\\QAOperator\\Documents\\GitHub\\BOEM_Tests\\BOEM\\BOEM_Tests\\Tests\\AdminAccessRights.cs:line 128",
    "steps" : [ {
      "name" : "ACCESSRIGHTS_02",
      "time" : {
        "start" : 1619650901804,
        "stop" : 1619651030466,
        "duration" : 128662
      },
      "status" : "failed",
      "statusMessage" : "System.Exception : (TEST FAILED) EXPECTED: 2 menu item(s). BUT WAS: 1 menu item(s).",
      "statusTrace" : "   at BOEM_Tests.Tests.AdminAccessRights.ACCESSRIGHTS_02() in C:\\Users\\QAOperator\\Documents\\GitHub\\BOEM_Tests\\BOEM\\BOEM_Tests\\Tests\\AdminAccessRights.cs:line 128",
      "steps" : [ {
        "name" : "Log in using QA user",
        "time" : {
          "start" : 1619650901805,
          "stop" : 1619650901818,
          "duration" : 13
        },
        "status" : "passed",
        "steps" : [ ],
        "attachments" : [ ],
        "parameters" : [ ],
        "shouldDisplayMessage" : false,
        "attachmentsCount" : 0,
        "stepsCount" : 0,
        "hasContent" : false
      }, {
        "name" : "Open AdminAccessRights page",
        "time" : {
          "start" : 1619650901818,
          "stop" : 1619650907351,
          "duration" : 5533
        },
        "status" : "passed",
        "steps" : [ ],
        "attachments" : [ ],
        "parameters" : [ ],
        "shouldDisplayMessage" : false,
        "attachmentsCount" : 0,
        "stepsCount" : 0,
        "hasContent" : false
      }, {
        "name" : "Change user group",
        "time" : {
          "start" : 1619650907351,
          "stop" : 1619650928352,
          "duration" : 21001
        },
        "status" : "passed",
        "steps" : [ ],
        "attachments" : [ ],
        "parameters" : [ ],
        "shouldDisplayMessage" : false,
        "attachmentsCount" : 0,
        "stepsCount" : 0,
        "hasContent" : false
      }, {
        "name" : "Filter Object type using Report",
        "time" : {
          "start" : 1619650928352,
          "stop" : 1619650938604,
          "duration" : 10252
        },
        "status" : "passed",
        "steps" : [ ],
        "attachments" : [ ],
        "parameters" : [ ],
        "shouldDisplayMessage" : false,
        "attachmentsCount" : 0,
        "stepsCount" : 0,
        "hasContent" : false
      }, {
        "name" : "Unchek all checkboxes",
        "time" : {
          "start" : 1619650938604,
          "stop" : 1619651003882,
          "duration" : 65278
        },
        "status" : "passed",
        "steps" : [ ],
        "attachments" : [ ],
        "parameters" : [ ],
        "shouldDisplayMessage" : false,
        "attachmentsCount" : 0,
        "stepsCount" : 0,
        "hasContent" : false
      }, {
        "name" : "Check Checkbox for Facilities/Structures",
        "time" : {
          "start" : 1619651003882,
          "stop" : 1619651020162,
          "duration" : 16280
        },
        "status" : "passed",
        "steps" : [ ],
        "attachments" : [ ],
        "parameters" : [ ],
        "shouldDisplayMessage" : false,
        "attachmentsCount" : 0,
        "stepsCount" : 0,
        "hasContent" : false
      }, {
        "name" : "Open NavReporting page ",
        "time" : {
          "start" : 1619651020162,
          "stop" : 1619651020383,
          "duration" : 221
        },
        "status" : "passed",
        "steps" : [ ],
        "attachments" : [ ],
        "parameters" : [ ],
        "shouldDisplayMessage" : false,
        "attachmentsCount" : 0,
        "stepsCount" : 0,
        "hasContent" : false
      }, {
        "name" : "Wait 5000 ms",
        "time" : {
          "start" : 1619651020383,
          "stop" : 1619651025395,
          "duration" : 5012
        },
        "status" : "passed",
        "steps" : [ ],
        "attachments" : [ ],
        "parameters" : [ ],
        "shouldDisplayMessage" : false,
        "attachmentsCount" : 0,
        "stepsCount" : 0,
        "hasContent" : false
      }, {
        "name" : "Verify menu items",
        "time" : {
          "start" : 1619651025395,
          "stop" : 1619651030412,
          "duration" : 5017
        },
        "status" : "failed",
        "statusMessage" : "(TEST FAILED) EXPECTED: 2 menu item(s). BUT WAS: 1 menu item(s).",
        "statusTrace" : "   at BOEM_Tests.PageObjects.NavReportingPage.__a$_around_VerifyMenuItemsAvailable_100665414_o(List`1 menuItemsTitles) in C:\\Users\\QAOperator\\Documents\\GitHub\\BOEM_Tests\\BOEM\\BOEM_Tests\\PageObjects\\NavReporting\\NavReportingPage.cs:line 73\r\n   at BOEM_Tests.PageObjects.NavReportingPage.__a$_around_VerifyMenuItemsAvailable_100665414_u(Object[] )\r\n   at NUnit.Allure.Steps.AllureStepAspect.WrapStep(String name, MethodBase methodBase, Object[] arguments, Func`2 method)",
        "steps" : [ ],
        "attachments" : [ ],
        "parameters" : [ ],
        "shouldDisplayMessage" : true,
        "attachmentsCount" : 0,
        "stepsCount" : 0,
        "hasContent" : true
      }, {
        "name" : "Taking Screenshot",
        "time" : {
          "start" : 1619651030413,
          "stop" : 1619651030464,
          "duration" : 51
        },
        "status" : "passed",
        "steps" : [ ],
        "attachments" : [ {
          "uid" : "a9aaa13fc2ec5ae5",
          "name" : "Attachment Title",
          "source" : "a9aaa13fc2ec5ae5.png",
          "type" : "image/png",
          "size" : 38726
        } ],
        "parameters" : [ ],
        "shouldDisplayMessage" : false,
        "attachmentsCount" : 1,
        "stepsCount" : 0,
        "hasContent" : true
      } ],
      "attachments" : [ {
        "uid" : "94c5a908de5ec760",
        "name" : "Console Output",
        "source" : "94c5a908de5ec760.txt",
        "type" : "text/plain",
        "size" : 0
      } ],
      "parameters" : [ ],
      "shouldDisplayMessage" : true,
      "attachmentsCount" : 2,
      "stepsCount" : 10,
      "hasContent" : true
    } ],
    "attachments" : [ ],
    "parameters" : [ ],
    "shouldDisplayMessage" : false,
    "attachmentsCount" : 2,
    "stepsCount" : 11,
    "hasContent" : true
  },
  "afterStages" : [ {
    "name" : "TearDown",
    "time" : {
      "start" : 1619651030465,
      "stop" : 1619651030465,
      "duration" : 0
    },
    "status" : "passed",
    "steps" : [ ],
    "attachments" : [ ],
    "parameters" : [ ],
    "shouldDisplayMessage" : false,
    "attachmentsCount" : 0,
    "stepsCount" : 0,
    "hasContent" : false
  }, {
    "name" : "OneTimeTearDown",
    "time" : {
      "start" : 1619651030465,
      "stop" : 1619651030465,
      "duration" : 0
    },
    "status" : "unknown",
    "statusMessage" : "It's not possible to get status of OneTimeTearDown",
    "statusTrace" : "See Allure.NUnit wiki",
    "steps" : [ ],
    "attachments" : [ ],
    "parameters" : [ ],
    "shouldDisplayMessage" : true,
    "attachmentsCount" : 0,
    "stepsCount" : 0,
    "hasContent" : true
  } ],
  "labels" : [ {
    "name" : "thread",
    "value" : "NonParallelWorker"
  }, {
    "name" : "host",
    "value" : "QAB01"
  }, {
    "name" : "testClass",
    "value" : "BOEM_Tests.Tests.AdminAccessRights"
  }, {
    "name" : "testMethod",
    "value" : "ACCESSRIGHTS_02"
  }, {
    "name" : "package",
    "value" : "BOEM_Tests.Tests.AdminAccessRights"
  }, {
    "name" : "tag",
    "value" : "ACCESSRIGHTS.2"
  }, {
    "name" : "suite",
    "value" : "AccessRights"
  }, {
    "name" : "severity",
    "value" : "normal"
  }, {
    "name" : "resultFormat",
    "value" : "allure2"
  } ],
  "parameters" : [ ],
  "links" : [ ],
  "hidden" : false,
  "retry" : false,
  "extra" : {
    "severity" : "normal",
    "retries" : [ ],
    "categories" : [ {
      "name" : "Product defects",
      "matchedStatuses" : [ ],
      "flaky" : false
    } ],
    "history" : {
      "statistic" : {
        "failed" : 6,
        "broken" : 0,
        "skipped" : 0,
        "passed" : 0,
        "unknown" : 0,
        "total" : 6
      },
      "items" : [ {
        "uid" : "cb8bcc9fe1a70cb5",
        "status" : "failed",
        "statusDetails" : "System.Exception : (TEST FAILED) EXPECTED: 2 menu item(s). BUT WAS: 1 menu item(s).",
        "time" : {
          "start" : 1619623784985,
          "stop" : 1619623914002,
          "duration" : 129017
        }
      }, {
        "uid" : "18a2d97d6de904b6",
        "status" : "failed",
        "statusDetails" : "System.Exception : (TEST FAILED) EXPECTED: 2 menu item(s). BUT WAS: 1 menu item(s).",
        "time" : {
          "start" : 1619393122053,
          "stop" : 1619393250765,
          "duration" : 128712
        }
      }, {
        "uid" : "8bf4cf3040dff052",
        "status" : "failed",
        "statusDetails" : "System.Exception : (TEST FAILED) EXPECTED: 2 menu item(s). BUT WAS: 1 menu item(s).",
        "time" : {
          "start" : 1619127997920,
          "stop" : 1619128126908,
          "duration" : 128988
        }
      }, {
        "uid" : "39fe777cc8570af3",
        "status" : "failed",
        "statusDetails" : "System.Exception : (TEST FAILED) EXPECTED: 2 menu item(s). BUT WAS: 1 menu item(s).",
        "time" : {
          "start" : 1618972372516,
          "stop" : 1618972501078,
          "duration" : 128562
        }
      }, {
        "uid" : "41dbc59940be87b7",
        "status" : "failed",
        "statusDetails" : "System.Exception : (TEST FAILED) EXPECTED: 2 menu item(s). BUT WAS: 1 menu item(s).",
        "time" : {
          "start" : 1618878593908,
          "stop" : 1618878722538,
          "duration" : 128630
        }
      } ]
    },
    "tags" : [ "ACCESSRIGHTS.2" ]
  },
  "source" : "71a10b627e232f7.json",
  "parameterValues" : [ ]
}