{
  "uid" : "78fac938b458e624",
  "name" : "ADMINSHADOWUSER_02",
  "fullName" : "BOEM_Tests.Tests.AdminShadowUser.ADMINSHADOWUSER_02",
  "historyId" : "BOEM_Tests.Tests.AdminShadowUser.ADMINSHADOWUSER_02",
  "time" : {
    "start" : 1619652286264,
    "stop" : 1619652342546,
    "duration" : 56282
  },
  "description" : "Show User, Able to Select Account with status <Available> and shadow user\n",
  "descriptionHtml" : "<p>Show User, Able to Select Account with status <Available> and shadow user</p>\n",
  "status" : "passed",
  "flaky" : false,
  "newFailed" : false,
  "beforeStages" : [ {
    "name" : "PrepareResultsDir",
    "time" : {
      "start" : 1619652342545,
      "stop" : 1619652342545,
      "duration" : 0
    },
    "status" : "passed",
    "steps" : [ ],
    "attachments" : [ ],
    "parameters" : [ ],
    "attachmentsCount" : 0,
    "shouldDisplayMessage" : false,
    "hasContent" : false,
    "stepsCount" : 0
  }, {
    "name" : "Setup",
    "time" : {
      "start" : 1619652342545,
      "stop" : 1619652342545,
      "duration" : 0
    },
    "status" : "passed",
    "steps" : [ ],
    "attachments" : [ ],
    "parameters" : [ ],
    "attachmentsCount" : 0,
    "shouldDisplayMessage" : false,
    "hasContent" : false,
    "stepsCount" : 0
  } ],
  "testStage" : {
    "description" : "Show User, Able to Select Account with status <Available> and shadow user\n",
    "status" : "passed",
    "steps" : [ {
      "name" : "ADMINSHADOWUSER_02",
      "time" : {
        "start" : 1619652286264,
        "stop" : 1619652342546,
        "duration" : 56282
      },
      "status" : "passed",
      "steps" : [ {
        "name" : "Log in using QA Admin user",
        "time" : {
          "start" : 1619652286265,
          "stop" : 1619652310077,
          "duration" : 23812
        },
        "status" : "passed",
        "steps" : [ {
          "name" : "Open login page",
          "time" : {
            "start" : 1619652291666,
            "stop" : 1619652294963,
            "duration" : 3297
          },
          "status" : "passed",
          "steps" : [ ],
          "attachments" : [ ],
          "parameters" : [ ],
          "attachmentsCount" : 0,
          "shouldDisplayMessage" : false,
          "hasContent" : false,
          "stepsCount" : 0
        }, {
          "name" : "Set username to QA_BOEMAdmin@weblakes.com",
          "time" : {
            "start" : 1619652294963,
            "stop" : 1619652295032,
            "duration" : 69
          },
          "status" : "passed",
          "steps" : [ ],
          "attachments" : [ ],
          "parameters" : [ ],
          "attachmentsCount" : 0,
          "shouldDisplayMessage" : false,
          "hasContent" : false,
          "stepsCount" : 0
        }, {
          "name" : "Set password to 23M8BScKKXGUa5525",
          "time" : {
            "start" : 1619652295032,
            "stop" : 1619652295067,
            "duration" : 35
          },
          "status" : "passed",
          "steps" : [ ],
          "attachments" : [ ],
          "parameters" : [ ],
          "attachmentsCount" : 0,
          "shouldDisplayMessage" : false,
          "hasContent" : false,
          "stepsCount" : 0
        }, {
          "name" : "Click on login button",
          "time" : {
            "start" : 1619652295067,
            "stop" : 1619652300074,
            "duration" : 5007
          },
          "status" : "passed",
          "steps" : [ ],
          "attachments" : [ ],
          "parameters" : [ ],
          "attachmentsCount" : 0,
          "shouldDisplayMessage" : false,
          "hasContent" : false,
          "stepsCount" : 0
        } ],
        "attachments" : [ ],
        "parameters" : [ ],
        "attachmentsCount" : 0,
        "shouldDisplayMessage" : false,
        "hasContent" : true,
        "stepsCount" : 4
      }, {
        "name" : "Open admin shadow user page",
        "time" : {
          "start" : 1619652310077,
          "stop" : 1619652311378,
          "duration" : 1301
        },
        "status" : "passed",
        "steps" : [ ],
        "attachments" : [ ],
        "parameters" : [ ],
        "attachmentsCount" : 0,
        "shouldDisplayMessage" : false,
        "hasContent" : false,
        "stepsCount" : 0
      }, {
        "name" : "Clear search input",
        "time" : {
          "start" : 1619652311378,
          "stop" : 1619652316407,
          "duration" : 5029
        },
        "status" : "passed",
        "steps" : [ ],
        "attachments" : [ ],
        "parameters" : [ ],
        "attachmentsCount" : 0,
        "shouldDisplayMessage" : false,
        "hasContent" : false,
        "stepsCount" : 0
      }, {
        "name" : "Select user in first row",
        "time" : {
          "start" : 1619652316407,
          "stop" : 1619652324426,
          "duration" : 8019
        },
        "status" : "passed",
        "steps" : [ ],
        "attachments" : [ ],
        "parameters" : [ ],
        "attachmentsCount" : 0,
        "shouldDisplayMessage" : false,
        "hasContent" : false,
        "stepsCount" : 0
      }, {
        "name" : "Click on next button",
        "time" : {
          "start" : 1619652324426,
          "stop" : 1619652329435,
          "duration" : 5009
        },
        "status" : "passed",
        "steps" : [ ],
        "attachments" : [ ],
        "parameters" : [ ],
        "attachmentsCount" : 0,
        "shouldDisplayMessage" : false,
        "hasContent" : false,
        "stepsCount" : 0
      }, {
        "name" : "Click on finish button",
        "time" : {
          "start" : 1619652329436,
          "stop" : 1619652334461,
          "duration" : 5025
        },
        "status" : "passed",
        "steps" : [ ],
        "attachments" : [ ],
        "parameters" : [ ],
        "attachmentsCount" : 0,
        "shouldDisplayMessage" : false,
        "hasContent" : false,
        "stepsCount" : 0
      }, {
        "name" : "Check if label is shadowed",
        "time" : {
          "start" : 1619652334461,
          "stop" : 1619652342488,
          "duration" : 8027
        },
        "status" : "passed",
        "steps" : [ ],
        "attachments" : [ ],
        "parameters" : [ ],
        "attachmentsCount" : 0,
        "shouldDisplayMessage" : false,
        "hasContent" : false,
        "stepsCount" : 0
      }, {
        "name" : "Taking Screenshot",
        "time" : {
          "start" : 1619652342488,
          "stop" : 1619652342545,
          "duration" : 57
        },
        "status" : "passed",
        "steps" : [ ],
        "attachments" : [ {
          "uid" : "f4bfdc3b5b84e88a",
          "name" : "Attachment Title",
          "source" : "f4bfdc3b5b84e88a.png",
          "type" : "image/png",
          "size" : 27542
        } ],
        "parameters" : [ ],
        "attachmentsCount" : 1,
        "shouldDisplayMessage" : false,
        "hasContent" : true,
        "stepsCount" : 0
      } ],
      "attachments" : [ {
        "uid" : "61d620aab34c28ed",
        "name" : "Console Output",
        "source" : "61d620aab34c28ed.txt",
        "type" : "text/plain",
        "size" : 0
      } ],
      "parameters" : [ ],
      "attachmentsCount" : 2,
      "shouldDisplayMessage" : false,
      "hasContent" : true,
      "stepsCount" : 12
    } ],
    "attachments" : [ ],
    "parameters" : [ ],
    "attachmentsCount" : 2,
    "shouldDisplayMessage" : false,
    "hasContent" : true,
    "stepsCount" : 13
  },
  "afterStages" : [ {
    "name" : "TearDown",
    "time" : {
      "start" : 1619652342545,
      "stop" : 1619652342545,
      "duration" : 0
    },
    "status" : "passed",
    "steps" : [ ],
    "attachments" : [ ],
    "parameters" : [ ],
    "attachmentsCount" : 0,
    "shouldDisplayMessage" : false,
    "hasContent" : false,
    "stepsCount" : 0
  }, {
    "name" : "OneTimeTearDown",
    "time" : {
      "start" : 1619652342545,
      "stop" : 1619652342545,
      "duration" : 0
    },
    "status" : "unknown",
    "statusMessage" : "It's not possible to get status of OneTimeTearDown",
    "statusTrace" : "See Allure.NUnit wiki",
    "steps" : [ ],
    "attachments" : [ ],
    "parameters" : [ ],
    "attachmentsCount" : 0,
    "shouldDisplayMessage" : true,
    "hasContent" : true,
    "stepsCount" : 0
  } ],
  "labels" : [ {
    "name" : "thread",
    "value" : "NonParallelWorker"
  }, {
    "name" : "host",
    "value" : "QAB01"
  }, {
    "name" : "testClass",
    "value" : "BOEM_Tests.Tests.AdminShadowUser"
  }, {
    "name" : "testMethod",
    "value" : "ADMINSHADOWUSER_02"
  }, {
    "name" : "package",
    "value" : "BOEM_Tests.Tests.AdminShadowUser"
  }, {
    "name" : "tag",
    "value" : "ADMINSHADOWUSER.2"
  }, {
    "name" : "suite",
    "value" : "AdminShadowUser"
  }, {
    "name" : "severity",
    "value" : "normal"
  }, {
    "name" : "resultFormat",
    "value" : "allure2"
  } ],
  "parameters" : [ ],
  "links" : [ ],
  "hidden" : false,
  "retry" : false,
  "extra" : {
    "severity" : "normal",
    "retries" : [ ],
    "categories" : [ ],
    "history" : {
      "statistic" : {
        "failed" : 4,
        "broken" : 0,
        "skipped" : 0,
        "passed" : 2,
        "unknown" : 0,
        "total" : 6
      },
      "items" : [ {
        "uid" : "48f0123e87887b8f",
        "status" : "passed",
        "time" : {
          "start" : 1619564418130,
          "stop" : 1619564472177,
          "duration" : 54047
        }
      }, {
        "uid" : "da3ccca1bea8f202",
        "status" : "failed",
        "statusDetails" : "System.Exception : (TEST FAILED) The 'User row' element was not found in the Shadow user's table.",
        "time" : {
          "start" : 1619394445732,
          "stop" : 1619394454686,
          "duration" : 8954
        }
      }, {
        "uid" : "e48f5b6f036953a5",
        "status" : "failed",
        "statusDetails" : "System.Exception : (TEST FAILED) The 'User row' element was not found in the Shadow user's table.",
        "time" : {
          "start" : 1619129333413,
          "stop" : 1619129342375,
          "duration" : 8962
        }
      }, {
        "uid" : "a49d814025ec849c",
        "status" : "failed",
        "statusDetails" : "System.Exception : (TEST FAILED) The 'User row' element was not found in the Shadow user's table.",
        "time" : {
          "start" : 1618973694482,
          "stop" : 1618973703380,
          "duration" : 8898
        }
      }, {
        "uid" : "64f83efb790ea778",
        "status" : "failed",
        "statusDetails" : "System.Exception : (TEST FAILED) The 'User row' element was not found in the Shadow user's table.",
        "time" : {
          "start" : 1618880855214,
          "stop" : 1618880864149,
          "duration" : 8935
        }
      } ]
    },
    "tags" : [ "ADMINSHADOWUSER.2" ]
  },
  "source" : "78fac938b458e624.json",
  "parameterValues" : [ ]
}