{
  "uid" : "869bcde6ad75dbd1",
  "name" : "URL_03",
  "fullName" : "BOEM_Tests.Tests.Url.URL_03",
  "historyId" : "BOEM_Tests.Tests.Url.URL_03",
  "time" : {
    "start" : 1619594132413,
    "stop" : 1619594160124,
    "duration" : 27711
  },
  "description" : "Visit /InputDetails/NavSourceConfig/DetailedEditor/Create/ and assure page loads\n",
  "descriptionHtml" : "<p>Visit /InputDetails/NavSourceConfig/DetailedEditor/Create/ and assure page loads</p>\n",
  "status" : "failed",
  "statusMessage" : "System.Exception : (TEST FAILED) It was displayed an error. Please check the screenshot.",
  "statusTrace" : "   at BOEM_Tests.Tests.Url.URL_03() in C:\\Users\\QAOperator\\Documents\\GitHub\\BOEM_Tests\\BOEM\\BOEM_Tests\\Tests\\Url.cs:line 144",
  "flaky" : false,
  "newFailed" : false,
  "beforeStages" : [ {
    "name" : "PrepareResultsDir",
    "time" : {
      "start" : 1619594160123,
      "stop" : 1619594160123,
      "duration" : 0
    },
    "status" : "passed",
    "steps" : [ ],
    "attachments" : [ ],
    "parameters" : [ ],
    "attachmentsCount" : 0,
    "shouldDisplayMessage" : false,
    "stepsCount" : 0,
    "hasContent" : false
  }, {
    "name" : "SetUpTest",
    "time" : {
      "start" : 1619594160123,
      "stop" : 1619594160123,
      "duration" : 0
    },
    "status" : "passed",
    "steps" : [ ],
    "attachments" : [ ],
    "parameters" : [ ],
    "attachmentsCount" : 0,
    "shouldDisplayMessage" : false,
    "stepsCount" : 0,
    "hasContent" : false
  } ],
  "testStage" : {
    "description" : "Visit /InputDetails/NavSourceConfig/DetailedEditor/Create/ and assure page loads\n",
    "status" : "failed",
    "statusMessage" : "System.Exception : (TEST FAILED) It was displayed an error. Please check the screenshot.",
    "statusTrace" : "   at BOEM_Tests.Tests.Url.URL_03() in C:\\Users\\QAOperator\\Documents\\GitHub\\BOEM_Tests\\BOEM\\BOEM_Tests\\Tests\\Url.cs:line 144",
    "steps" : [ {
      "name" : "URL_03",
      "time" : {
        "start" : 1619594132413,
        "stop" : 1619594160124,
        "duration" : 27711
      },
      "status" : "failed",
      "statusMessage" : "System.Exception : (TEST FAILED) It was displayed an error. Please check the screenshot.",
      "statusTrace" : "   at BOEM_Tests.Tests.Url.URL_03() in C:\\Users\\QAOperator\\Documents\\GitHub\\BOEM_Tests\\BOEM\\BOEM_Tests\\Tests\\Url.cs:line 144",
      "steps" : [ {
        "name" : "Log in using QA user",
        "time" : {
          "start" : 1619594132416,
          "stop" : 1619594132445,
          "duration" : 29
        },
        "status" : "passed",
        "steps" : [ ],
        "attachments" : [ ],
        "parameters" : [ ],
        "attachmentsCount" : 0,
        "shouldDisplayMessage" : false,
        "stepsCount" : 0,
        "hasContent" : false
      }, {
        "name" : "Check inventory 2017 - 2017 Complete Inventory",
        "time" : {
          "start" : 1619594132445,
          "stop" : 1619594135484,
          "duration" : 3039
        },
        "status" : "passed",
        "steps" : [ ],
        "attachments" : [ ],
        "parameters" : [ ],
        "attachmentsCount" : 0,
        "shouldDisplayMessage" : false,
        "stepsCount" : 0,
        "hasContent" : false
      }, {
        "name" : "Access relative url /InputDetails/NavSourceConfig/DetailedEditor/Create/",
        "time" : {
          "start" : 1619594135484,
          "stop" : 1619594150024,
          "duration" : 14540
        },
        "status" : "passed",
        "steps" : [ ],
        "attachments" : [ ],
        "parameters" : [ ],
        "attachmentsCount" : 0,
        "shouldDisplayMessage" : false,
        "stepsCount" : 0,
        "hasContent" : false
      }, {
        "name" : "Check if page loaded correctly",
        "time" : {
          "start" : 1619594150024,
          "stop" : 1619594160055,
          "duration" : 10031
        },
        "status" : "failed",
        "statusMessage" : "(TEST FAILED) It was displayed an error. Please check the screenshot.",
        "statusTrace" : "   at BOEM_Tests.PageObjects.UrlPage.__a$_around_DidPageLoad_100666169_o(String titleText, By uniqueElement) in C:\\Users\\QAOperator\\Documents\\GitHub\\BOEM_Tests\\BOEM\\BOEM_Tests\\PageObjects\\Url\\UrlPage.cs:line 89\r\n   at BOEM_Tests.PageObjects.UrlPage.__a$_around_DidPageLoad_100666169_u(Object[] )\r\n   at NUnit.Allure.Steps.AllureStepAspect.WrapStep(String name, MethodBase methodBase, Object[] arguments, Func`2 method)",
        "steps" : [ {
          "name" : "Check if got server error message",
          "time" : {
            "start" : 1619594160033,
            "stop" : 1619594160054,
            "duration" : 21
          },
          "status" : "passed",
          "steps" : [ ],
          "attachments" : [ ],
          "parameters" : [ ],
          "attachmentsCount" : 0,
          "shouldDisplayMessage" : false,
          "stepsCount" : 0,
          "hasContent" : false
        } ],
        "attachments" : [ ],
        "parameters" : [ ],
        "attachmentsCount" : 0,
        "shouldDisplayMessage" : true,
        "stepsCount" : 1,
        "hasContent" : true
      }, {
        "name" : "Taking Screenshot",
        "time" : {
          "start" : 1619594160055,
          "stop" : 1619594160121,
          "duration" : 66
        },
        "status" : "passed",
        "steps" : [ ],
        "attachments" : [ {
          "uid" : "d9ef478a0f0f9d7a",
          "name" : "Attachment Title",
          "source" : "d9ef478a0f0f9d7a.png",
          "type" : "image/png",
          "size" : 38597
        } ],
        "parameters" : [ ],
        "attachmentsCount" : 1,
        "shouldDisplayMessage" : false,
        "stepsCount" : 0,
        "hasContent" : true
      } ],
      "attachments" : [ {
        "uid" : "42edb8c3a7ce5447",
        "name" : "Console Output",
        "source" : "42edb8c3a7ce5447.txt",
        "type" : "text/plain",
        "size" : 0
      } ],
      "parameters" : [ ],
      "attachmentsCount" : 2,
      "shouldDisplayMessage" : true,
      "stepsCount" : 6,
      "hasContent" : true
    } ],
    "attachments" : [ ],
    "parameters" : [ ],
    "attachmentsCount" : 2,
    "shouldDisplayMessage" : false,
    "stepsCount" : 7,
    "hasContent" : true
  },
  "afterStages" : [ {
    "name" : "TearDown",
    "time" : {
      "start" : 1619594160123,
      "stop" : 1619594160123,
      "duration" : 0
    },
    "status" : "passed",
    "steps" : [ ],
    "attachments" : [ ],
    "parameters" : [ ],
    "attachmentsCount" : 0,
    "shouldDisplayMessage" : false,
    "stepsCount" : 0,
    "hasContent" : false
  }, {
    "name" : "OneTimeTearDown",
    "time" : {
      "start" : 1619594160123,
      "stop" : 1619594160123,
      "duration" : 0
    },
    "status" : "unknown",
    "statusMessage" : "It's not possible to get status of OneTimeTearDown",
    "statusTrace" : "See Allure.NUnit wiki",
    "steps" : [ ],
    "attachments" : [ ],
    "parameters" : [ ],
    "attachmentsCount" : 0,
    "shouldDisplayMessage" : true,
    "stepsCount" : 0,
    "hasContent" : true
  } ],
  "labels" : [ {
    "name" : "thread",
    "value" : "NonParallelWorker"
  }, {
    "name" : "host",
    "value" : "QAB01"
  }, {
    "name" : "testClass",
    "value" : "BOEM_Tests.Tests.Url"
  }, {
    "name" : "testMethod",
    "value" : "URL_03"
  }, {
    "name" : "package",
    "value" : "BOEM_Tests.Tests.Url"
  }, {
    "name" : "tag",
    "value" : "URL.3"
  }, {
    "name" : "suite",
    "value" : "Url"
  }, {
    "name" : "severity",
    "value" : "normal"
  }, {
    "name" : "resultFormat",
    "value" : "allure2"
  } ],
  "parameters" : [ ],
  "links" : [ ],
  "hidden" : false,
  "retry" : false,
  "extra" : {
    "severity" : "normal",
    "retries" : [ ],
    "categories" : [ {
      "name" : "Product defects",
      "matchedStatuses" : [ ],
      "flaky" : false
    } ],
    "history" : {
      "statistic" : {
        "failed" : 10,
        "broken" : 0,
        "skipped" : 0,
        "passed" : 0,
        "unknown" : 0,
        "total" : 10
      },
      "items" : [ {
        "uid" : "6e96f0b62e3d97e5",
        "status" : "failed",
        "statusDetails" : "System.Exception : (TEST FAILED) It was displayed an error. Please check the screenshot.",
        "time" : {
          "start" : 1619425896860,
          "stop" : 1619425924834,
          "duration" : 27974
        }
      }, {
        "uid" : "7d85b064dbff3fad",
        "status" : "failed",
        "statusDetails" : "System.Exception : (TEST FAILED) It was displayed an error. Please check the screenshot.",
        "time" : {
          "start" : 1619160705971,
          "stop" : 1619160734117,
          "duration" : 28146
        }
      }, {
        "uid" : "d3bce12cb9d00836",
        "status" : "failed",
        "statusDetails" : "System.Exception : (TEST FAILED) It was displayed an error. Please check the screenshot.",
        "time" : {
          "start" : 1618997489728,
          "stop" : 1618997517414,
          "duration" : 27686
        }
      }, {
        "uid" : "ff09807517e149fa",
        "status" : "failed",
        "statusDetails" : "System.Exception : (TEST FAILED) It was displayed an error. Please check the screenshot.",
        "time" : {
          "start" : 1618909157494,
          "stop" : 1618909185516,
          "duration" : 28022
        }
      }, {
        "uid" : "5e7366e5e2f67a82",
        "status" : "failed",
        "statusDetails" : "System.Exception : (TEST FAILED) It was displayed an error. Please check the screenshot.",
        "time" : {
          "start" : 1618653589061,
          "stop" : 1618653617284,
          "duration" : 28223
        }
      }, {
        "uid" : "3cc5961b13364b53",
        "status" : "failed",
        "statusDetails" : "System.Exception : (TEST FAILED) It was displayed an error. Please check the screenshot.",
        "time" : {
          "start" : 1618577420360,
          "stop" : 1618577468204,
          "duration" : 47844
        }
      }, {
        "uid" : "91f211199f3790aa",
        "status" : "failed",
        "statusDetails" : "System.Exception : (TEST FAILED) It was displayed an error. Please check the screenshot.",
        "time" : {
          "start" : 1618488358795,
          "stop" : 1618488387078,
          "duration" : 28283
        }
      }, {
        "uid" : "ede76f9032062b55",
        "status" : "failed",
        "statusDetails" : "System.Exception : (TEST FAILED) It was displayed an error. Please check the screenshot.",
        "time" : {
          "start" : 1618397194882,
          "stop" : 1618397222780,
          "duration" : 27898
        }
      }, {
        "uid" : "e5cabed629fb98b8",
        "status" : "failed",
        "statusDetails" : "System.Exception : (TEST FAILED) It was displayed an error. Please check the screenshot.",
        "time" : {
          "start" : 1618323067410,
          "stop" : 1618323096890,
          "duration" : 29480
        }
      } ]
    },
    "tags" : [ "URL.3" ]
  },
  "source" : "869bcde6ad75dbd1.json",
  "parameterValues" : [ ]
}