{
  "uid" : "95d45d1302f6b37d",
  "name" : "ADMINSECURITY_24",
  "fullName" : "BOEM_Tests.Tests.AdminSecurity.ADMINSECURITY_24",
  "historyId" : "BOEM_Tests.Tests.AdminSecurity.ADMINSECURITY_24",
  "time" : {
    "start" : 1619651705495,
    "stop" : 1619651717083,
    "duration" : 11588
  },
  "description" : "An user (without permissions) sign in and try to access an admin URL. It expects to redirect to /error/accessdenied\n",
  "descriptionHtml" : "<p>An user (without permissions) sign in and try to access an admin URL. It expects to redirect to /error/accessdenied</p>\n",
  "status" : "failed",
  "statusMessage" : "  (TEST FAILED) Was not redirected to Acess Denied\r\n  Expected: True\r\n  But was:  False\r\n",
  "statusTrace" : "   at BOEM_Tests.Tests.AdminSecurity.ADMINSECURITY_24() in C:\\Users\\QAOperator\\Documents\\GitHub\\BOEM_Tests\\BOEM\\BOEM_Tests\\Tests\\AdminSecurity.cs:line 740\r\n",
  "flaky" : false,
  "newFailed" : false,
  "beforeStages" : [ {
    "name" : "PrepareResultsDir",
    "time" : {
      "start" : 1619651717083,
      "stop" : 1619651717083,
      "duration" : 0
    },
    "status" : "passed",
    "steps" : [ ],
    "attachments" : [ ],
    "parameters" : [ ],
    "attachmentsCount" : 0,
    "shouldDisplayMessage" : false,
    "hasContent" : false,
    "stepsCount" : 0
  }, {
    "name" : "SetUp_Test",
    "time" : {
      "start" : 1619651717083,
      "stop" : 1619651717083,
      "duration" : 0
    },
    "status" : "passed",
    "steps" : [ ],
    "attachments" : [ ],
    "parameters" : [ ],
    "attachmentsCount" : 0,
    "shouldDisplayMessage" : false,
    "hasContent" : false,
    "stepsCount" : 0
  } ],
  "testStage" : {
    "description" : "An user (without permissions) sign in and try to access an admin URL. It expects to redirect to /error/accessdenied\n",
    "status" : "failed",
    "statusMessage" : "  (TEST FAILED) Was not redirected to Acess Denied\r\n  Expected: True\r\n  But was:  False\r\n",
    "statusTrace" : "   at BOEM_Tests.Tests.AdminSecurity.ADMINSECURITY_24() in C:\\Users\\QAOperator\\Documents\\GitHub\\BOEM_Tests\\BOEM\\BOEM_Tests\\Tests\\AdminSecurity.cs:line 740\r\n",
    "steps" : [ {
      "name" : "ADMINSECURITY_24",
      "time" : {
        "start" : 1619651705495,
        "stop" : 1619651717083,
        "duration" : 11588
      },
      "status" : "failed",
      "statusMessage" : "  (TEST FAILED) Was not redirected to Acess Denied\r\n  Expected: True\r\n  But was:  False\r\n",
      "statusTrace" : "   at BOEM_Tests.Tests.AdminSecurity.ADMINSECURITY_24() in C:\\Users\\QAOperator\\Documents\\GitHub\\BOEM_Tests\\BOEM\\BOEM_Tests\\Tests\\AdminSecurity.cs:line 740\r\n",
      "steps" : [ {
        "name" : "Log in using QA Not Admin user",
        "time" : {
          "start" : 1619651705496,
          "stop" : 1619651705507,
          "duration" : 11
        },
        "status" : "passed",
        "steps" : [ ],
        "attachments" : [ ],
        "parameters" : [ ],
        "attachmentsCount" : 0,
        "shouldDisplayMessage" : false,
        "hasContent" : false,
        "stepsCount" : 0
      }, {
        "name" : "Check and select correct project FAT_BOEM_GOM",
        "time" : {
          "start" : 1619651705514,
          "stop" : 1619651707534,
          "duration" : 2020
        },
        "status" : "passed",
        "steps" : [ ],
        "attachments" : [ ],
        "parameters" : [ ],
        "attachmentsCount" : 0,
        "shouldDisplayMessage" : false,
        "hasContent" : false,
        "stepsCount" : 0
      }, {
        "name" : "Access relative URL /WizSyncInventory",
        "time" : {
          "start" : 1619651707534,
          "stop" : 1619651716015,
          "duration" : 8481
        },
        "status" : "passed",
        "steps" : [ ],
        "attachments" : [ ],
        "parameters" : [ ],
        "attachmentsCount" : 0,
        "shouldDisplayMessage" : false,
        "hasContent" : false,
        "stepsCount" : 0
      }, {
        "name" : "Check if URL ends with /Error/AccessDenied",
        "time" : {
          "start" : 1619651716015,
          "stop" : 1619651717023,
          "duration" : 1008
        },
        "status" : "passed",
        "steps" : [ ],
        "attachments" : [ ],
        "parameters" : [ ],
        "attachmentsCount" : 0,
        "shouldDisplayMessage" : false,
        "hasContent" : false,
        "stepsCount" : 0
      }, {
        "name" : "Taking Screenshot",
        "time" : {
          "start" : 1619651717027,
          "stop" : 1619651717083,
          "duration" : 56
        },
        "status" : "passed",
        "steps" : [ ],
        "attachments" : [ {
          "uid" : "404cd39ab659033c",
          "name" : "Attachment Title",
          "source" : "404cd39ab659033c.png",
          "type" : "image/png",
          "size" : 43870
        } ],
        "parameters" : [ ],
        "attachmentsCount" : 1,
        "shouldDisplayMessage" : false,
        "hasContent" : true,
        "stepsCount" : 0
      } ],
      "attachments" : [ {
        "uid" : "27e193bf3d593ca6",
        "name" : "Console Output",
        "source" : "27e193bf3d593ca6.txt",
        "type" : "text/plain",
        "size" : 0
      } ],
      "parameters" : [ ],
      "attachmentsCount" : 2,
      "shouldDisplayMessage" : true,
      "hasContent" : true,
      "stepsCount" : 5
    } ],
    "attachments" : [ ],
    "parameters" : [ ],
    "attachmentsCount" : 2,
    "shouldDisplayMessage" : false,
    "hasContent" : true,
    "stepsCount" : 6
  },
  "afterStages" : [ {
    "name" : "TearDown",
    "time" : {
      "start" : 1619651717083,
      "stop" : 1619651717083,
      "duration" : 0
    },
    "status" : "passed",
    "steps" : [ ],
    "attachments" : [ ],
    "parameters" : [ ],
    "attachmentsCount" : 0,
    "shouldDisplayMessage" : false,
    "hasContent" : false,
    "stepsCount" : 0
  }, {
    "name" : "OneTimeTearDown",
    "time" : {
      "start" : 1619651717083,
      "stop" : 1619651717083,
      "duration" : 0
    },
    "status" : "unknown",
    "statusMessage" : "It's not possible to get status of OneTimeTearDown",
    "statusTrace" : "See Allure.NUnit wiki",
    "steps" : [ ],
    "attachments" : [ ],
    "parameters" : [ ],
    "attachmentsCount" : 0,
    "shouldDisplayMessage" : true,
    "hasContent" : true,
    "stepsCount" : 0
  } ],
  "labels" : [ {
    "name" : "thread",
    "value" : "NonParallelWorker"
  }, {
    "name" : "host",
    "value" : "QAB01"
  }, {
    "name" : "testClass",
    "value" : "BOEM_Tests.Tests.AdminSecurity"
  }, {
    "name" : "testMethod",
    "value" : "ADMINSECURITY_24"
  }, {
    "name" : "package",
    "value" : "BOEM_Tests.Tests.AdminSecurity"
  }, {
    "name" : "tag",
    "value" : "ADMINSECURITY.24"
  }, {
    "name" : "suite",
    "value" : "AdminSecurity"
  }, {
    "name" : "severity",
    "value" : "normal"
  }, {
    "name" : "resultFormat",
    "value" : "allure2"
  } ],
  "parameters" : [ ],
  "links" : [ ],
  "hidden" : false,
  "retry" : false,
  "extra" : {
    "severity" : "normal",
    "retries" : [ ],
    "categories" : [ {
      "name" : "Product defects",
      "matchedStatuses" : [ ],
      "flaky" : false
    } ],
    "history" : {
      "statistic" : {
        "failed" : 5,
        "broken" : 0,
        "skipped" : 0,
        "passed" : 0,
        "unknown" : 0,
        "total" : 5
      },
      "items" : [ {
        "uid" : "2e9c49c25d88c79f",
        "status" : "failed",
        "statusDetails" : "  (TEST FAILED) Was not redirected to Acess Denied\r\n  Expected: True\r\n  But was:  False\r\n",
        "time" : {
          "start" : 1619623954122,
          "stop" : 1619623965350,
          "duration" : 11228
        }
      }, {
        "uid" : "f86a956f0ef3b075",
        "status" : "failed",
        "statusDetails" : "  (TEST FAILED) Was not redirected to Acess Denied\r\n  Expected: True\r\n  But was:  False\r\n",
        "time" : {
          "start" : 1619393925464,
          "stop" : 1619393937172,
          "duration" : 11708
        }
      }, {
        "uid" : "8617beaca0e9413d",
        "status" : "failed",
        "statusDetails" : "  (TEST FAILED) Was not redirected to Acess Denied\r\n  Expected: True\r\n  But was:  False\r\n",
        "time" : {
          "start" : 1619128809113,
          "stop" : 1619128820316,
          "duration" : 11203
        }
      }, {
        "uid" : "71928d18609e72ed",
        "status" : "failed",
        "statusDetails" : "  (TEST FAILED) Was not redirected to Acess Denied\r\n  Expected: True\r\n  But was:  False\r\n",
        "time" : {
          "start" : 1618973175318,
          "stop" : 1618973186824,
          "duration" : 11506
        }
      } ]
    },
    "tags" : [ "ADMINSECURITY.24" ]
  },
  "source" : "95d45d1302f6b37d.json",
  "parameterValues" : [ ]
}