{
  "uid" : "ac23936c75146d4f",
  "name" : "ACCESSRIGHTSECURITY_31",
  "fullName" : "BOEM_Tests.Tests.AccessRightSecurity.ACCESSRIGHTSECURITY_31",
  "historyId" : "BOEM_Tests.Tests.AccessRightSecurity.ACCESSRIGHTSECURITY_31",
  "time" : {
    "start" : 1619649051788,
    "stop" : 1619649073918,
    "duration" : 22130
  },
  "description" : "Inventory Locked, Add Lease should give 'access denied' message\n",
  "descriptionHtml" : "<p>Inventory Locked, Add Lease should give 'access denied' message</p>\n",
  "status" : "failed",
  "statusMessage" : "System.Exception : (TEST FAILED) The 'Add Lease' button could NOT be found in current page. Please check the test's screenshot",
  "statusTrace" : "   at BOEM_Tests.Tests.AccessRightSecurity.ACCESSRIGHTSECURITY_31() in C:\\Users\\QAOperator\\Documents\\GitHub\\BOEM_Tests\\BOEM\\BOEM_Tests\\Tests\\AccessRightSecurity.cs:line 1089",
  "flaky" : false,
  "newFailed" : false,
  "beforeStages" : [ {
    "name" : "PrepareResultsDir",
    "time" : {
      "start" : 1619649073916,
      "stop" : 1619649073916,
      "duration" : 0
    },
    "status" : "passed",
    "steps" : [ ],
    "attachments" : [ ],
    "parameters" : [ ],
    "shouldDisplayMessage" : false,
    "attachmentsCount" : 0,
    "stepsCount" : 0,
    "hasContent" : false
  }, {
    "name" : "Setup_Test",
    "time" : {
      "start" : 1619649073916,
      "stop" : 1619649073916,
      "duration" : 0
    },
    "status" : "passed",
    "steps" : [ ],
    "attachments" : [ ],
    "parameters" : [ ],
    "shouldDisplayMessage" : false,
    "attachmentsCount" : 0,
    "stepsCount" : 0,
    "hasContent" : false
  } ],
  "testStage" : {
    "description" : "Inventory Locked, Add Lease should give 'access denied' message\n",
    "status" : "failed",
    "statusMessage" : "System.Exception : (TEST FAILED) The 'Add Lease' button could NOT be found in current page. Please check the test's screenshot",
    "statusTrace" : "   at BOEM_Tests.Tests.AccessRightSecurity.ACCESSRIGHTSECURITY_31() in C:\\Users\\QAOperator\\Documents\\GitHub\\BOEM_Tests\\BOEM\\BOEM_Tests\\Tests\\AccessRightSecurity.cs:line 1089",
    "steps" : [ {
      "name" : "ACCESSRIGHTSECURITY_31",
      "time" : {
        "start" : 1619649051788,
        "stop" : 1619649073918,
        "duration" : 22130
      },
      "status" : "failed",
      "statusMessage" : "System.Exception : (TEST FAILED) The 'Add Lease' button could NOT be found in current page. Please check the test's screenshot",
      "statusTrace" : "   at BOEM_Tests.Tests.AccessRightSecurity.ACCESSRIGHTSECURITY_31() in C:\\Users\\QAOperator\\Documents\\GitHub\\BOEM_Tests\\BOEM\\BOEM_Tests\\Tests\\AccessRightSecurity.cs:line 1089",
      "steps" : [ {
        "name" : "Log in using QA Not Edit user",
        "time" : {
          "start" : 1619649051794,
          "stop" : 1619649051908,
          "duration" : 114
        },
        "status" : "passed",
        "steps" : [ ],
        "attachments" : [ ],
        "parameters" : [ ],
        "shouldDisplayMessage" : false,
        "attachmentsCount" : 0,
        "stepsCount" : 0,
        "hasContent" : false
      }, {
        "name" : "Check and select correct project FAT_BOEM_GOM",
        "time" : {
          "start" : 1619649051945,
          "stop" : 1619649053959,
          "duration" : 2014
        },
        "status" : "passed",
        "steps" : [ ],
        "attachments" : [ ],
        "parameters" : [ ],
        "shouldDisplayMessage" : false,
        "attachmentsCount" : 0,
        "stepsCount" : 0,
        "hasContent" : false
      }, {
        "name" : "Check inventory 2017 - 2017 Complete Inventory",
        "time" : {
          "start" : 1619649053959,
          "stop" : 1619649056982,
          "duration" : 3023
        },
        "status" : "passed",
        "steps" : [ ],
        "attachments" : [ ],
        "parameters" : [ ],
        "shouldDisplayMessage" : false,
        "attachmentsCount" : 0,
        "stepsCount" : 0,
        "hasContent" : false
      }, {
        "name" : "Select inventory icon",
        "time" : {
          "start" : 1619649056982,
          "stop" : 1619649060000,
          "duration" : 3018
        },
        "status" : "passed",
        "steps" : [ ],
        "attachments" : [ ],
        "parameters" : [ ],
        "shouldDisplayMessage" : false,
        "attachmentsCount" : 0,
        "stepsCount" : 0,
        "hasContent" : false
      }, {
        "name" : "Access relative URL /Input/NavNPLOEmissionsManager/NploLease",
        "time" : {
          "start" : 1619649060000,
          "stop" : 1619649065266,
          "duration" : 5266
        },
        "status" : "passed",
        "steps" : [ ],
        "attachments" : [ ],
        "parameters" : [ ],
        "shouldDisplayMessage" : false,
        "attachmentsCount" : 0,
        "stepsCount" : 0,
        "hasContent" : false
      }, {
        "name" : "Click on add lease button",
        "time" : {
          "start" : 1619649065266,
          "stop" : 1619649070306,
          "duration" : 5040
        },
        "status" : "failed",
        "statusMessage" : "(TEST FAILED) The 'Add Lease' button could NOT be found in current page. Please check the test's screenshot",
        "statusTrace" : "   at BOEM_Tests.PageObjects.AdminSecurityPage.__a$_around_ClickAddLease_100666010_o() in C:\\Users\\QAOperator\\Documents\\GitHub\\BOEM_Tests\\BOEM\\BOEM_Tests\\PageObjects\\AdminSecurity\\AdminSecurityPage.cs:line 512\r\n   at BOEM_Tests.PageObjects.AdminSecurityPage.__a$_around_ClickAddLease_100666010_u(Object[] )\r\n   at NUnit.Allure.Steps.AllureStepAspect.WrapStep(String name, MethodBase methodBase, Object[] arguments, Func`2 method)",
        "steps" : [ ],
        "attachments" : [ ],
        "parameters" : [ ],
        "shouldDisplayMessage" : true,
        "attachmentsCount" : 0,
        "stepsCount" : 0,
        "hasContent" : true
      }, {
        "name" : "Taking Screenshot",
        "time" : {
          "start" : 1619649070306,
          "stop" : 1619649070364,
          "duration" : 58
        },
        "status" : "passed",
        "steps" : [ ],
        "attachments" : [ {
          "uid" : "a4c60ee48c796e62",
          "name" : "Attachment Title",
          "source" : "a4c60ee48c796e62.png",
          "type" : "image/png",
          "size" : 61346
        } ],
        "parameters" : [ ],
        "shouldDisplayMessage" : false,
        "attachmentsCount" : 1,
        "stepsCount" : 0,
        "hasContent" : true
      } ],
      "attachments" : [ {
        "uid" : "e646573f97d63caa",
        "name" : "Console Output",
        "source" : "e646573f97d63caa.txt",
        "type" : "text/plain",
        "size" : 0
      } ],
      "parameters" : [ ],
      "shouldDisplayMessage" : true,
      "attachmentsCount" : 2,
      "stepsCount" : 7,
      "hasContent" : true
    } ],
    "attachments" : [ ],
    "parameters" : [ ],
    "shouldDisplayMessage" : false,
    "attachmentsCount" : 2,
    "stepsCount" : 8,
    "hasContent" : true
  },
  "afterStages" : [ {
    "name" : "TearDown",
    "time" : {
      "start" : 1619649073916,
      "stop" : 1619649073916,
      "duration" : 0
    },
    "status" : "passed",
    "steps" : [ ],
    "attachments" : [ ],
    "parameters" : [ ],
    "shouldDisplayMessage" : false,
    "attachmentsCount" : 0,
    "stepsCount" : 0,
    "hasContent" : false
  }, {
    "name" : "OneTimeTearDown",
    "time" : {
      "start" : 1619649073916,
      "stop" : 1619649073916,
      "duration" : 0
    },
    "status" : "unknown",
    "statusMessage" : "It's not possible to get status of OneTimeTearDown",
    "statusTrace" : "See Allure.NUnit wiki",
    "steps" : [ ],
    "attachments" : [ ],
    "parameters" : [ ],
    "shouldDisplayMessage" : true,
    "attachmentsCount" : 0,
    "stepsCount" : 0,
    "hasContent" : true
  } ],
  "labels" : [ {
    "name" : "thread",
    "value" : "NonParallelWorker"
  }, {
    "name" : "host",
    "value" : "QAB01"
  }, {
    "name" : "testClass",
    "value" : "BOEM_Tests.Tests.AccessRightSecurity"
  }, {
    "name" : "testMethod",
    "value" : "ACCESSRIGHTSECURITY_31"
  }, {
    "name" : "package",
    "value" : "BOEM_Tests.Tests.AccessRightSecurity"
  }, {
    "name" : "tag",
    "value" : "ACCESSRIGHTSECURITY.31"
  }, {
    "name" : "suite",
    "value" : "AccessRightSecurity"
  }, {
    "name" : "severity",
    "value" : "normal"
  }, {
    "name" : "resultFormat",
    "value" : "allure2"
  } ],
  "parameters" : [ ],
  "links" : [ ],
  "hidden" : false,
  "retry" : false,
  "extra" : {
    "severity" : "normal",
    "retries" : [ ],
    "categories" : [ {
      "name" : "Product defects",
      "matchedStatuses" : [ ],
      "flaky" : false
    } ],
    "history" : {
      "statistic" : {
        "failed" : 5,
        "broken" : 0,
        "skipped" : 0,
        "passed" : 0,
        "unknown" : 0,
        "total" : 5
      },
      "items" : [ {
        "uid" : "34cb934a150ddedb",
        "status" : "failed",
        "statusDetails" : "System.Exception : (TEST FAILED) The 'Add Lease' button could NOT be found in current page. Please check the test's screenshot",
        "time" : {
          "start" : 1619623229440,
          "stop" : 1619623252040,
          "duration" : 22600
        }
      }, {
        "uid" : "45d2c500c0398a4b",
        "status" : "failed",
        "statusDetails" : "System.Exception : (TEST FAILED) The 'Add Lease' button could NOT be found in current page. Please check the test's screenshot",
        "time" : {
          "start" : 1619391402784,
          "stop" : 1619391425188,
          "duration" : 22404
        }
      }, {
        "uid" : "78dbe5f15ca25594",
        "status" : "failed",
        "statusDetails" : "System.Exception : (TEST FAILED) The 'Add Lease' button could NOT be found in current page. Please check the test's screenshot",
        "time" : {
          "start" : 1619126262670,
          "stop" : 1619126285312,
          "duration" : 22642
        }
      }, {
        "uid" : "f962019e69626a85",
        "status" : "failed",
        "statusDetails" : "System.Exception : (TEST FAILED) The 'Add Lease' button could NOT be found in current page. Please check the test's screenshot",
        "time" : {
          "start" : 1618970414455,
          "stop" : 1618970436518,
          "duration" : 22063
        }
      } ]
    },
    "tags" : [ "ACCESSRIGHTSECURITY.31" ]
  },
  "source" : "ac23936c75146d4f.json",
  "parameterValues" : [ ]
}