{
  "uid" : "b60a5572dcd5a05f",
  "name" : "ADMINSECURITY_38",
  "fullName" : "BOEM_Tests.Tests.AdminSecurity.ADMINSECURITY_38",
  "historyId" : "BOEM_Tests.Tests.AdminSecurity.ADMINSECURITY_38",
  "time" : {
    "start" : 1619394226749,
    "stop" : 1619394264690,
    "duration" : 37941
  },
  "description" : "Test with admin user to show access is permitted. Admin user sign in and try to access '/ProjectMappingAdmin' URL. It expects normal page load\n",
  "descriptionHtml" : "<p>Test with admin user to show access is permitted. Admin user sign in and try to access '/ProjectMappingAdmin' URL. It expects normal page load</p>\n",
  "status" : "failed",
  "statusMessage" : "System.Exception : (TEST FAILED) Was redirected to Access denied page\r\n\r\n  1)   Page did not load correctly\r\n  Expected: True\r\n  But was:  False\r\n\r\n",
  "statusTrace" : "   at BOEM_Tests.Tests.AdminSecurity.ADMINSECURITY_38() in C:\\Users\\QAOperator\\Documents\\GitHub\\BOEM_Tests\\BOEM\\BOEM_Tests\\Tests\\AdminSecurity.cs:line 1223",
  "flaky" : false,
  "newFailed" : false,
  "beforeStages" : [ {
    "name" : "PrepareResultsDir",
    "time" : {
      "start" : 1619394264690,
      "stop" : 1619394264690,
      "duration" : 0
    },
    "status" : "passed",
    "steps" : [ ],
    "attachments" : [ ],
    "parameters" : [ ],
    "stepsCount" : 0,
    "hasContent" : false,
    "shouldDisplayMessage" : false,
    "attachmentsCount" : 0
  }, {
    "name" : "SetUp_Test",
    "time" : {
      "start" : 1619394264690,
      "stop" : 1619394264690,
      "duration" : 0
    },
    "status" : "passed",
    "steps" : [ ],
    "attachments" : [ ],
    "parameters" : [ ],
    "stepsCount" : 0,
    "hasContent" : false,
    "shouldDisplayMessage" : false,
    "attachmentsCount" : 0
  } ],
  "testStage" : {
    "description" : "Test with admin user to show access is permitted. Admin user sign in and try to access '/ProjectMappingAdmin' URL. It expects normal page load\n",
    "status" : "failed",
    "statusMessage" : "System.Exception : (TEST FAILED) Was redirected to Access denied page\r\n\r\n  1)   Page did not load correctly\r\n  Expected: True\r\n  But was:  False\r\n\r\n",
    "statusTrace" : "   at BOEM_Tests.Tests.AdminSecurity.ADMINSECURITY_38() in C:\\Users\\QAOperator\\Documents\\GitHub\\BOEM_Tests\\BOEM\\BOEM_Tests\\Tests\\AdminSecurity.cs:line 1223",
    "steps" : [ {
      "name" : "ADMINSECURITY_38",
      "time" : {
        "start" : 1619394226749,
        "stop" : 1619394264690,
        "duration" : 37941
      },
      "status" : "failed",
      "statusMessage" : "System.Exception : (TEST FAILED) Was redirected to Access denied page\r\n\r\n  1)   Page did not load correctly\r\n  Expected: True\r\n  But was:  False\r\n\r\n",
      "statusTrace" : "   at BOEM_Tests.Tests.AdminSecurity.ADMINSECURITY_38() in C:\\Users\\QAOperator\\Documents\\GitHub\\BOEM_Tests\\BOEM\\BOEM_Tests\\Tests\\AdminSecurity.cs:line 1223",
      "steps" : [ {
        "name" : "Access relative URL /ProjectMappingAdmin",
        "time" : {
          "start" : 1619394248373,
          "stop" : 1619394253568,
          "duration" : 5195
        },
        "status" : "passed",
        "steps" : [ ],
        "attachments" : [ ],
        "parameters" : [ ],
        "stepsCount" : 0,
        "hasContent" : false,
        "shouldDisplayMessage" : false,
        "attachmentsCount" : 0
      }, {
        "name" : "Check if URL ends with /Error/AccessDenied",
        "time" : {
          "start" : 1619394253568,
          "stop" : 1619394254578,
          "duration" : 1010
        },
        "status" : "passed",
        "steps" : [ ],
        "attachments" : [ ],
        "parameters" : [ ],
        "stepsCount" : 0,
        "hasContent" : false,
        "shouldDisplayMessage" : false,
        "attachmentsCount" : 0
      }, {
        "name" : "Check if page loaded correctly",
        "time" : {
          "start" : 1619394254578,
          "stop" : 1619394264619,
          "duration" : 10041
        },
        "status" : "passed",
        "steps" : [ {
          "name" : "Check server error displayed",
          "time" : {
            "start" : 1619394264592,
            "stop" : 1619394264619,
            "duration" : 27
          },
          "status" : "passed",
          "steps" : [ ],
          "attachments" : [ ],
          "parameters" : [ ],
          "stepsCount" : 0,
          "hasContent" : false,
          "shouldDisplayMessage" : false,
          "attachmentsCount" : 0
        } ],
        "attachments" : [ ],
        "parameters" : [ ],
        "stepsCount" : 1,
        "hasContent" : true,
        "shouldDisplayMessage" : false,
        "attachmentsCount" : 0
      }, {
        "name" : "Taking Screenshot",
        "time" : {
          "start" : 1619394264622,
          "stop" : 1619394264689,
          "duration" : 67
        },
        "status" : "passed",
        "steps" : [ ],
        "attachments" : [ {
          "uid" : "ae9c4b0e688fc496",
          "name" : "Attachment Title",
          "source" : "ae9c4b0e688fc496.png",
          "type" : "image/png",
          "size" : 52256
        } ],
        "parameters" : [ ],
        "stepsCount" : 0,
        "hasContent" : true,
        "shouldDisplayMessage" : false,
        "attachmentsCount" : 1
      } ],
      "attachments" : [ {
        "uid" : "7ea1a064f3149c34",
        "name" : "Console Output",
        "source" : "7ea1a064f3149c34.txt",
        "type" : "text/plain",
        "size" : 0
      } ],
      "parameters" : [ ],
      "stepsCount" : 5,
      "hasContent" : true,
      "shouldDisplayMessage" : true,
      "attachmentsCount" : 2
    } ],
    "attachments" : [ ],
    "parameters" : [ ],
    "stepsCount" : 6,
    "hasContent" : true,
    "shouldDisplayMessage" : false,
    "attachmentsCount" : 2
  },
  "afterStages" : [ {
    "name" : "TearDown",
    "time" : {
      "start" : 1619394264690,
      "stop" : 1619394264690,
      "duration" : 0
    },
    "status" : "passed",
    "steps" : [ ],
    "attachments" : [ ],
    "parameters" : [ ],
    "stepsCount" : 0,
    "hasContent" : false,
    "shouldDisplayMessage" : false,
    "attachmentsCount" : 0
  }, {
    "name" : "OneTimeTearDown",
    "time" : {
      "start" : 1619394264690,
      "stop" : 1619394264690,
      "duration" : 0
    },
    "status" : "unknown",
    "statusMessage" : "It's not possible to get status of OneTimeTearDown",
    "statusTrace" : "See Allure.NUnit wiki",
    "steps" : [ ],
    "attachments" : [ ],
    "parameters" : [ ],
    "stepsCount" : 0,
    "hasContent" : true,
    "shouldDisplayMessage" : true,
    "attachmentsCount" : 0
  } ],
  "labels" : [ {
    "name" : "thread",
    "value" : "NonParallelWorker"
  }, {
    "name" : "host",
    "value" : "QAB01"
  }, {
    "name" : "testClass",
    "value" : "BOEM_Tests.Tests.AdminSecurity"
  }, {
    "name" : "testMethod",
    "value" : "ADMINSECURITY_38"
  }, {
    "name" : "package",
    "value" : "BOEM_Tests.Tests.AdminSecurity"
  }, {
    "name" : "tag",
    "value" : "ADMINSECURITY.38"
  }, {
    "name" : "suite",
    "value" : "AdminSecurity"
  }, {
    "name" : "severity",
    "value" : "normal"
  }, {
    "name" : "resultFormat",
    "value" : "allure2"
  } ],
  "parameters" : [ ],
  "links" : [ ],
  "hidden" : false,
  "retry" : false,
  "extra" : {
    "severity" : "normal",
    "retries" : [ ],
    "categories" : [ {
      "name" : "Product defects",
      "matchedStatuses" : [ ],
      "flaky" : false
    } ],
    "history" : {
      "statistic" : {
        "failed" : 3,
        "broken" : 0,
        "skipped" : 0,
        "passed" : 0,
        "unknown" : 0,
        "total" : 3
      },
      "items" : [ {
        "uid" : "e6a3e27878e4de12",
        "status" : "failed",
        "statusDetails" : "System.Exception : (TEST FAILED) Was redirected to Access denied page\r\n\r\n  1)   Page did not load correctly\r\n  Expected: True\r\n  But was:  False\r\n\r\n",
        "time" : {
          "start" : 1619129113623,
          "stop" : 1619129151560,
          "duration" : 37937
        }
      }, {
        "uid" : "e0dd015e5fd3b48d",
        "status" : "failed",
        "statusDetails" : "System.Exception : (TEST FAILED) Was redirected to Access denied page\r\n\r\n  1)   Page did not load correctly\r\n  Expected: True\r\n  But was:  False\r\n\r\n",
        "time" : {
          "start" : 1618973475659,
          "stop" : 1618973513504,
          "duration" : 37845
        }
      } ]
    },
    "tags" : [ "ADMINSECURITY.38" ]
  },
  "source" : "b60a5572dcd5a05f.json",
  "parameterValues" : [ ]
}