{
  "uid" : "bb7249d4724be479",
  "name" : "URL_11",
  "fullName" : "BOEM_Tests.Tests.Url.URL_11",
  "historyId" : "BOEM_Tests.Tests.Url.URL_11",
  "time" : {
    "start" : 1620304259336,
    "stop" : 1620304281646,
    "duration" : 22310
  },
  "description" : "Try to access the url: '/Input/NavReleasePointApportionment/Pntsite'. Should fail if page doesn't load\n",
  "descriptionHtml" : "<p>Try to access the url: '/Input/NavReleasePointApportionment/Pntsite'. Should fail if page doesn't load</p>\n",
  "status" : "failed",
  "statusMessage" : "System.Exception : (TEST FAILED) It was displayed an error. Please check the screenshot.",
  "statusTrace" : "   at BOEM_Tests.Tests.Url.URL_11() in C:\\Users\\QAOperator\\Documents\\GitHub\\BOEM_Tests\\BOEM\\BOEM_Tests\\Tests\\Url.cs:line 350",
  "flaky" : false,
  "newFailed" : false,
  "beforeStages" : [ {
    "name" : "PrepareResultsDir",
    "time" : {
      "start" : 1620304281645,
      "stop" : 1620304281645,
      "duration" : 0
    },
    "status" : "passed",
    "steps" : [ ],
    "attachments" : [ ],
    "parameters" : [ ],
    "attachmentsCount" : 0,
    "shouldDisplayMessage" : false,
    "stepsCount" : 0,
    "hasContent" : false
  }, {
    "name" : "SetUpTest",
    "time" : {
      "start" : 1620304281645,
      "stop" : 1620304281645,
      "duration" : 0
    },
    "status" : "passed",
    "steps" : [ ],
    "attachments" : [ ],
    "parameters" : [ ],
    "attachmentsCount" : 0,
    "shouldDisplayMessage" : false,
    "stepsCount" : 0,
    "hasContent" : false
  } ],
  "testStage" : {
    "description" : "Try to access the url: '/Input/NavReleasePointApportionment/Pntsite'. Should fail if page doesn't load\n",
    "status" : "failed",
    "statusMessage" : "System.Exception : (TEST FAILED) It was displayed an error. Please check the screenshot.",
    "statusTrace" : "   at BOEM_Tests.Tests.Url.URL_11() in C:\\Users\\QAOperator\\Documents\\GitHub\\BOEM_Tests\\BOEM\\BOEM_Tests\\Tests\\Url.cs:line 350",
    "steps" : [ {
      "name" : "URL_11",
      "time" : {
        "start" : 1620304259336,
        "stop" : 1620304281646,
        "duration" : 22310
      },
      "status" : "failed",
      "statusMessage" : "System.Exception : (TEST FAILED) It was displayed an error. Please check the screenshot.",
      "statusTrace" : "   at BOEM_Tests.Tests.Url.URL_11() in C:\\Users\\QAOperator\\Documents\\GitHub\\BOEM_Tests\\BOEM\\BOEM_Tests\\Tests\\Url.cs:line 350",
      "steps" : [ {
        "name" : "Log in using QA user",
        "time" : {
          "start" : 1620304259339,
          "stop" : 1620304259347,
          "duration" : 8
        },
        "status" : "passed",
        "steps" : [ ],
        "attachments" : [ ],
        "parameters" : [ ],
        "attachmentsCount" : 0,
        "shouldDisplayMessage" : false,
        "stepsCount" : 0,
        "hasContent" : false
      }, {
        "name" : "Access relative url /Input/NavReleasePointApportionment/Pntsite",
        "time" : {
          "start" : 1620304259348,
          "stop" : 1620304271569,
          "duration" : 12221
        },
        "status" : "passed",
        "steps" : [ ],
        "attachments" : [ ],
        "parameters" : [ ],
        "attachmentsCount" : 0,
        "shouldDisplayMessage" : false,
        "stepsCount" : 0,
        "hasContent" : false
      }, {
        "name" : "Check if page loaded correctly",
        "time" : {
          "start" : 1620304271569,
          "stop" : 1620304281584,
          "duration" : 10015
        },
        "status" : "failed",
        "statusMessage" : "(TEST FAILED) It was displayed an error. Please check the screenshot.",
        "statusTrace" : "   at BOEM_Tests.PageObjects.UrlPage.__a$_around_DidPageLoad_100666159_o(String titleText, By uniqueElement) in C:\\Users\\QAOperator\\Documents\\GitHub\\BOEM_Tests\\BOEM\\BOEM_Tests\\PageObjects\\Url\\UrlPage.cs:line 89\r\n   at BOEM_Tests.PageObjects.UrlPage.__a$_around_DidPageLoad_100666159_u(Object[] )\r\n   at NUnit.Allure.Steps.AllureStepAspect.WrapStep(String name, MethodBase methodBase, Object[] arguments, Func`2 method)",
        "steps" : [ {
          "name" : "Check if got server error message",
          "time" : {
            "start" : 1620304281574,
            "stop" : 1620304281584,
            "duration" : 10
          },
          "status" : "passed",
          "steps" : [ ],
          "attachments" : [ ],
          "parameters" : [ ],
          "attachmentsCount" : 0,
          "shouldDisplayMessage" : false,
          "stepsCount" : 0,
          "hasContent" : false
        } ],
        "attachments" : [ ],
        "parameters" : [ ],
        "attachmentsCount" : 0,
        "shouldDisplayMessage" : true,
        "stepsCount" : 1,
        "hasContent" : true
      }, {
        "name" : "Taking Screenshot",
        "time" : {
          "start" : 1620304281584,
          "stop" : 1620304281645,
          "duration" : 61
        },
        "status" : "passed",
        "steps" : [ ],
        "attachments" : [ {
          "uid" : "72e85d480735d095",
          "name" : "Attachment Title",
          "source" : "72e85d480735d095.png",
          "type" : "image/png",
          "size" : 51865
        } ],
        "parameters" : [ ],
        "attachmentsCount" : 1,
        "shouldDisplayMessage" : false,
        "stepsCount" : 0,
        "hasContent" : true
      } ],
      "attachments" : [ {
        "uid" : "95739cadc90ff9fb",
        "name" : "Console Output",
        "source" : "95739cadc90ff9fb.txt",
        "type" : "text/plain",
        "size" : 0
      } ],
      "parameters" : [ ],
      "attachmentsCount" : 2,
      "shouldDisplayMessage" : true,
      "stepsCount" : 5,
      "hasContent" : true
    } ],
    "attachments" : [ ],
    "parameters" : [ ],
    "attachmentsCount" : 2,
    "shouldDisplayMessage" : false,
    "stepsCount" : 6,
    "hasContent" : true
  },
  "afterStages" : [ {
    "name" : "TearDown",
    "time" : {
      "start" : 1620304281645,
      "stop" : 1620304281645,
      "duration" : 0
    },
    "status" : "passed",
    "steps" : [ ],
    "attachments" : [ ],
    "parameters" : [ ],
    "attachmentsCount" : 0,
    "shouldDisplayMessage" : false,
    "stepsCount" : 0,
    "hasContent" : false
  }, {
    "name" : "OneTimeTearDown",
    "time" : {
      "start" : 1620304281645,
      "stop" : 1620304281645,
      "duration" : 0
    },
    "status" : "unknown",
    "statusMessage" : "It's not possible to get status of OneTimeTearDown",
    "statusTrace" : "See Allure.NUnit wiki",
    "steps" : [ ],
    "attachments" : [ ],
    "parameters" : [ ],
    "attachmentsCount" : 0,
    "shouldDisplayMessage" : true,
    "stepsCount" : 0,
    "hasContent" : true
  } ],
  "labels" : [ {
    "name" : "thread",
    "value" : "NonParallelWorker"
  }, {
    "name" : "host",
    "value" : "QAB01"
  }, {
    "name" : "testClass",
    "value" : "BOEM_Tests.Tests.Url"
  }, {
    "name" : "testMethod",
    "value" : "URL_11"
  }, {
    "name" : "package",
    "value" : "BOEM_Tests.Tests.Url"
  }, {
    "name" : "tag",
    "value" : "URL.11"
  }, {
    "name" : "suite",
    "value" : "Url"
  }, {
    "name" : "severity",
    "value" : "normal"
  }, {
    "name" : "resultFormat",
    "value" : "allure2"
  } ],
  "parameters" : [ ],
  "links" : [ ],
  "hidden" : false,
  "retry" : false,
  "extra" : {
    "severity" : "normal",
    "retries" : [ ],
    "categories" : [ {
      "name" : "Product defects",
      "matchedStatuses" : [ ],
      "flaky" : false
    } ],
    "history" : {
      "statistic" : {
        "failed" : 15,
        "broken" : 0,
        "skipped" : 0,
        "passed" : 0,
        "unknown" : 0,
        "total" : 15
      },
      "items" : [ {
        "uid" : "9286b7e6d10bf23d",
        "status" : "failed",
        "statusDetails" : "System.Exception : (TEST FAILED) It was displayed an error. Please check the screenshot.",
        "time" : {
          "start" : 1620221034034,
          "stop" : 1620221058484,
          "duration" : 24450
        }
      }, {
        "uid" : "7a65f931b96c16eb",
        "status" : "failed",
        "statusDetails" : "System.Exception : (TEST FAILED) It was displayed an error. Please check the screenshot.",
        "time" : {
          "start" : 1620050721764,
          "stop" : 1620050744153,
          "duration" : 22389
        }
      }, {
        "uid" : "4b6b254e4f27a6b9",
        "status" : "failed",
        "statusDetails" : "System.Exception : (TEST FAILED) It was displayed an error. Please check the screenshot.",
        "time" : {
          "start" : 1619771363868,
          "stop" : 1619771386162,
          "duration" : 22294
        }
      }, {
        "uid" : "46f5aedb8886f31",
        "status" : "failed",
        "statusDetails" : "System.Exception : (TEST FAILED) It was displayed an error. Please check the screenshot.",
        "time" : {
          "start" : 1619682913891,
          "stop" : 1619682936242,
          "duration" : 22351
        }
      }, {
        "uid" : "2b7139ca43c90df0",
        "status" : "failed",
        "statusDetails" : "System.Exception : (TEST FAILED) It was displayed an error. Please check the screenshot.",
        "time" : {
          "start" : 1619594311948,
          "stop" : 1619594334555,
          "duration" : 22607
        }
      }, {
        "uid" : "6749d8fea4249d34",
        "status" : "failed",
        "statusDetails" : "System.Exception : (TEST FAILED) It was displayed an error. Please check the screenshot.",
        "time" : {
          "start" : 1619426071038,
          "stop" : 1619426093416,
          "duration" : 22378
        }
      }, {
        "uid" : "7d0ab83679fb03b5",
        "status" : "failed",
        "statusDetails" : "System.Exception : (TEST FAILED) It was displayed an error. Please check the screenshot.",
        "time" : {
          "start" : 1619160880368,
          "stop" : 1619160902712,
          "duration" : 22344
        }
      }, {
        "uid" : "a4cc19298c63091e",
        "status" : "failed",
        "statusDetails" : "System.Exception : (TEST FAILED) It was displayed an error. Please check the screenshot.",
        "time" : {
          "start" : 1618997680952,
          "stop" : 1618997703255,
          "duration" : 22303
        }
      }, {
        "uid" : "538b712728e98d3d",
        "status" : "failed",
        "statusDetails" : "System.Exception : (TEST FAILED) It was displayed an error. Please check the screenshot.",
        "time" : {
          "start" : 1618909331182,
          "stop" : 1618909353464,
          "duration" : 22282
        }
      }, {
        "uid" : "16ac1b1bc7146264",
        "status" : "failed",
        "statusDetails" : "System.Exception : (TEST FAILED) It was displayed an error. Please check the screenshot.",
        "time" : {
          "start" : 1618653762143,
          "stop" : 1618653784485,
          "duration" : 22342
        }
      }, {
        "uid" : "abfb9f66f83e654b",
        "status" : "failed",
        "statusDetails" : "System.Exception : (TEST FAILED) It was displayed an error. Please check the screenshot.",
        "time" : {
          "start" : 1618568670242,
          "stop" : 1618568692523,
          "duration" : 22281
        }
      }, {
        "uid" : "e014e4ab8cd40a45",
        "status" : "failed",
        "statusDetails" : "System.Exception : (TEST FAILED) It was displayed an error. Please check the screenshot.",
        "time" : {
          "start" : 1618488532059,
          "stop" : 1618488554327,
          "duration" : 22268
        }
      }, {
        "uid" : "c8636face4271eb0",
        "status" : "failed",
        "statusDetails" : "System.Exception : (TEST FAILED) It was displayed an error. Please check the screenshot.",
        "time" : {
          "start" : 1618397389389,
          "stop" : 1618397411676,
          "duration" : 22287
        }
      }, {
        "uid" : "18fb5237241012d5",
        "status" : "failed",
        "statusDetails" : "System.Exception : (TEST FAILED) It was displayed an error. Please check the screenshot.",
        "time" : {
          "start" : 1618323119261,
          "stop" : 1618323141540,
          "duration" : 22279
        }
      } ]
    },
    "tags" : [ "URL.11" ]
  },
  "source" : "bb7249d4724be479.json",
  "parameterValues" : [ ]
}