{
  "uid" : "c38b87bfd247621c",
  "name" : "ACCESSRIGHTSECURITY_31",
  "fullName" : "BOEM_Tests.Tests.AccessRightSecurity.ACCESSRIGHTSECURITY_31",
  "historyId" : "BOEM_Tests.Tests.AccessRightSecurity.ACCESSRIGHTSECURITY_31",
  "time" : {
    "start" : 1620166198399,
    "stop" : 1620166222435,
    "duration" : 24036
  },
  "description" : "Inventory Locked, Add Lease should give 'access denied' message\n",
  "descriptionHtml" : "<p>Inventory Locked, Add Lease should give 'access denied' message</p>\n",
  "status" : "failed",
  "statusMessage" : "System.Exception : (TEST FAILED) The 'Add Lease' button could NOT be found in current page. Please check the test's screenshot",
  "statusTrace" : "   at BOEM_Tests.Tests.AccessRightSecurity.ACCESSRIGHTSECURITY_31() in C:\\Users\\evers\\Documents\\GitHub\\Lakes\\BOEM_Tests\\BOEM\\BOEM_Tests\\Tests\\AccessRightSecurity.cs:line 1089",
  "flaky" : false,
  "newFailed" : false,
  "beforeStages" : [ {
    "name" : "PrepareResultsDir",
    "time" : {
      "start" : 1620166222432,
      "stop" : 1620166222432,
      "duration" : 0
    },
    "status" : "passed",
    "steps" : [ ],
    "attachments" : [ ],
    "parameters" : [ ],
    "stepsCount" : 0,
    "hasContent" : false,
    "attachmentsCount" : 0,
    "shouldDisplayMessage" : false
  }, {
    "name" : "Setup_Test",
    "time" : {
      "start" : 1620166222432,
      "stop" : 1620166222432,
      "duration" : 0
    },
    "status" : "passed",
    "steps" : [ ],
    "attachments" : [ ],
    "parameters" : [ ],
    "stepsCount" : 0,
    "hasContent" : false,
    "attachmentsCount" : 0,
    "shouldDisplayMessage" : false
  } ],
  "testStage" : {
    "description" : "Inventory Locked, Add Lease should give 'access denied' message\n",
    "status" : "failed",
    "statusMessage" : "System.Exception : (TEST FAILED) The 'Add Lease' button could NOT be found in current page. Please check the test's screenshot",
    "statusTrace" : "   at BOEM_Tests.Tests.AccessRightSecurity.ACCESSRIGHTSECURITY_31() in C:\\Users\\evers\\Documents\\GitHub\\Lakes\\BOEM_Tests\\BOEM\\BOEM_Tests\\Tests\\AccessRightSecurity.cs:line 1089",
    "steps" : [ {
      "name" : "ACCESSRIGHTSECURITY_31",
      "time" : {
        "start" : 1620166198399,
        "stop" : 1620166222435,
        "duration" : 24036
      },
      "status" : "failed",
      "statusMessage" : "System.Exception : (TEST FAILED) The 'Add Lease' button could NOT be found in current page. Please check the test's screenshot",
      "statusTrace" : "   at BOEM_Tests.Tests.AccessRightSecurity.ACCESSRIGHTSECURITY_31() in C:\\Users\\evers\\Documents\\GitHub\\Lakes\\BOEM_Tests\\BOEM\\BOEM_Tests\\Tests\\AccessRightSecurity.cs:line 1089",
      "steps" : [ {
        "name" : "Log in using QA Not Edit user",
        "time" : {
          "start" : 1620166198413,
          "stop" : 1620166198480,
          "duration" : 67
        },
        "status" : "passed",
        "steps" : [ ],
        "attachments" : [ ],
        "parameters" : [ ],
        "stepsCount" : 0,
        "hasContent" : false,
        "attachmentsCount" : 0,
        "shouldDisplayMessage" : false
      }, {
        "name" : "Check and select correct project FAT_BOEM_GOM",
        "time" : {
          "start" : 1620166198504,
          "stop" : 1620166200527,
          "duration" : 2023
        },
        "status" : "passed",
        "steps" : [ ],
        "attachments" : [ ],
        "parameters" : [ ],
        "stepsCount" : 0,
        "hasContent" : false,
        "attachmentsCount" : 0,
        "shouldDisplayMessage" : false
      }, {
        "name" : "Check inventory 2017 - 2017 Complete Inventory",
        "time" : {
          "start" : 1620166200527,
          "stop" : 1620166203556,
          "duration" : 3029
        },
        "status" : "passed",
        "steps" : [ ],
        "attachments" : [ ],
        "parameters" : [ ],
        "stepsCount" : 0,
        "hasContent" : false,
        "attachmentsCount" : 0,
        "shouldDisplayMessage" : false
      }, {
        "name" : "Select inventory icon",
        "time" : {
          "start" : 1620166203556,
          "stop" : 1620166206606,
          "duration" : 3050
        },
        "status" : "passed",
        "steps" : [ ],
        "attachments" : [ ],
        "parameters" : [ ],
        "stepsCount" : 0,
        "hasContent" : false,
        "attachmentsCount" : 0,
        "shouldDisplayMessage" : false
      }, {
        "name" : "Access relative URL /Input/NavNPLOEmissionsManager/NploLease",
        "time" : {
          "start" : 1620166206606,
          "stop" : 1620166212830,
          "duration" : 6224
        },
        "status" : "passed",
        "steps" : [ ],
        "attachments" : [ ],
        "parameters" : [ ],
        "stepsCount" : 0,
        "hasContent" : false,
        "attachmentsCount" : 0,
        "shouldDisplayMessage" : false
      }, {
        "name" : "Click on add lease button",
        "time" : {
          "start" : 1620166212831,
          "stop" : 1620166217916,
          "duration" : 5085
        },
        "status" : "failed",
        "statusMessage" : "(TEST FAILED) The 'Add Lease' button could NOT be found in current page. Please check the test's screenshot",
        "statusTrace" : "   at BOEM_Tests.PageObjects.AdminSecurityPage.__a$_around_ClickAddLease_100666011_o() in C:\\Users\\evers\\Documents\\GitHub\\Lakes\\BOEM_Tests\\BOEM\\BOEM_Tests\\PageObjects\\AdminSecurity\\AdminSecurityPage.cs:line 511\r\n   at BOEM_Tests.PageObjects.AdminSecurityPage.__a$_around_ClickAddLease_100666011_u(Object[] )\r\n   at NUnit.Allure.Steps.AllureStepAspect.WrapStep(String name, MethodBase methodBase, Object[] arguments, Func`2 method)",
        "steps" : [ ],
        "attachments" : [ ],
        "parameters" : [ ],
        "stepsCount" : 0,
        "hasContent" : true,
        "attachmentsCount" : 0,
        "shouldDisplayMessage" : true
      }, {
        "name" : "Taking Screenshot",
        "time" : {
          "start" : 1620166217917,
          "stop" : 1620166217996,
          "duration" : 79
        },
        "status" : "passed",
        "steps" : [ ],
        "attachments" : [ {
          "uid" : "e5caa2aecb167cc7",
          "name" : "Attachment Title",
          "source" : "e5caa2aecb167cc7.png",
          "type" : "image/png",
          "size" : 62172
        } ],
        "parameters" : [ ],
        "stepsCount" : 0,
        "hasContent" : true,
        "attachmentsCount" : 1,
        "shouldDisplayMessage" : false
      } ],
      "attachments" : [ {
        "uid" : "dbbe2ee8fa91af05",
        "name" : "Console Output",
        "source" : "dbbe2ee8fa91af05.txt",
        "type" : "text/plain",
        "size" : 0
      } ],
      "parameters" : [ ],
      "stepsCount" : 7,
      "hasContent" : true,
      "attachmentsCount" : 2,
      "shouldDisplayMessage" : true
    } ],
    "attachments" : [ ],
    "parameters" : [ ],
    "stepsCount" : 8,
    "hasContent" : true,
    "attachmentsCount" : 2,
    "shouldDisplayMessage" : false
  },
  "afterStages" : [ {
    "name" : "TearDown",
    "time" : {
      "start" : 1620166222432,
      "stop" : 1620166222432,
      "duration" : 0
    },
    "status" : "passed",
    "steps" : [ ],
    "attachments" : [ ],
    "parameters" : [ ],
    "stepsCount" : 0,
    "hasContent" : false,
    "attachmentsCount" : 0,
    "shouldDisplayMessage" : false
  }, {
    "name" : "OneTimeTearDown",
    "time" : {
      "start" : 1620166222432,
      "stop" : 1620166222432,
      "duration" : 0
    },
    "status" : "unknown",
    "statusMessage" : "It's not possible to get status of OneTimeTearDown",
    "statusTrace" : "See Allure.NUnit wiki",
    "steps" : [ ],
    "attachments" : [ ],
    "parameters" : [ ],
    "stepsCount" : 0,
    "hasContent" : true,
    "attachmentsCount" : 0,
    "shouldDisplayMessage" : true
  } ],
  "labels" : [ {
    "name" : "thread",
    "value" : "NonParallelWorker"
  }, {
    "name" : "host",
    "value" : "DESKTOP-I9CRH2D"
  }, {
    "name" : "testClass",
    "value" : "BOEM_Tests.Tests.AccessRightSecurity"
  }, {
    "name" : "testMethod",
    "value" : "ACCESSRIGHTSECURITY_31"
  }, {
    "name" : "package",
    "value" : "BOEM_Tests.Tests.AccessRightSecurity"
  }, {
    "name" : "tag",
    "value" : "ACCESSRIGHTSECURITY.31"
  }, {
    "name" : "suite",
    "value" : "AccessRightSecurity"
  }, {
    "name" : "severity",
    "value" : "normal"
  }, {
    "name" : "resultFormat",
    "value" : "allure2"
  } ],
  "parameters" : [ ],
  "links" : [ ],
  "hidden" : false,
  "retry" : false,
  "extra" : {
    "severity" : "normal",
    "retries" : [ ],
    "categories" : [ {
      "name" : "Product defects",
      "matchedStatuses" : [ ],
      "flaky" : false
    } ],
    "history" : {
      "statistic" : {
        "failed" : 8,
        "broken" : 0,
        "skipped" : 0,
        "passed" : 0,
        "unknown" : 0,
        "total" : 8
      },
      "items" : [ {
        "uid" : "7c1b571928966b2c",
        "status" : "failed",
        "statusDetails" : "System.Exception : (TEST FAILED) The 'Add Lease' button could NOT be found in current page. Please check the test's screenshot",
        "time" : {
          "start" : 1619819752449,
          "stop" : 1619819774652,
          "duration" : 22203
        }
      }, {
        "uid" : "bbc51fd0352fadf3",
        "status" : "failed",
        "statusDetails" : "System.Exception : (TEST FAILED) The 'Add Lease' button could NOT be found in current page. Please check the test's screenshot",
        "time" : {
          "start" : 1619737120334,
          "stop" : 1619737142514,
          "duration" : 22180
        }
      }, {
        "uid" : "ac23936c75146d4f",
        "status" : "failed",
        "statusDetails" : "System.Exception : (TEST FAILED) The 'Add Lease' button could NOT be found in current page. Please check the test's screenshot",
        "time" : {
          "start" : 1619649051788,
          "stop" : 1619649073918,
          "duration" : 22130
        }
      }, {
        "uid" : "34cb934a150ddedb",
        "status" : "failed",
        "statusDetails" : "System.Exception : (TEST FAILED) The 'Add Lease' button could NOT be found in current page. Please check the test's screenshot",
        "time" : {
          "start" : 1619623229440,
          "stop" : 1619623252040,
          "duration" : 22600
        }
      }, {
        "uid" : "45d2c500c0398a4b",
        "status" : "failed",
        "statusDetails" : "System.Exception : (TEST FAILED) The 'Add Lease' button could NOT be found in current page. Please check the test's screenshot",
        "time" : {
          "start" : 1619391402784,
          "stop" : 1619391425188,
          "duration" : 22404
        }
      }, {
        "uid" : "78dbe5f15ca25594",
        "status" : "failed",
        "statusDetails" : "System.Exception : (TEST FAILED) The 'Add Lease' button could NOT be found in current page. Please check the test's screenshot",
        "time" : {
          "start" : 1619126262670,
          "stop" : 1619126285312,
          "duration" : 22642
        }
      }, {
        "uid" : "f962019e69626a85",
        "status" : "failed",
        "statusDetails" : "System.Exception : (TEST FAILED) The 'Add Lease' button could NOT be found in current page. Please check the test's screenshot",
        "time" : {
          "start" : 1618970414455,
          "stop" : 1618970436518,
          "duration" : 22063
        }
      } ]
    },
    "tags" : [ "ACCESSRIGHTSECURITY.31" ]
  },
  "source" : "c38b87bfd247621c.json",
  "parameterValues" : [ ]
}