{
  "uid" : "d1e65507df5a49b7",
  "name" : "URL_07",
  "fullName" : "BOEM_Tests.Tests.Url.URL_07",
  "historyId" : "BOEM_Tests.Tests.Url.URL_07",
  "time" : {
    "start" : 1620200739480,
    "stop" : 1620200762583,
    "duration" : 23103
  },
  "description" : "Try to access the url: '/Input/NavDocuments/GenLinkedDocuments'. Should be fail if page doesn't load\n",
  "descriptionHtml" : "<p>Try to access the url: '/Input/NavDocuments/GenLinkedDocuments'. Should be fail if page doesn't load</p>\n",
  "status" : "failed",
  "statusMessage" : "System.Exception : (TEST FAILED) The Page Title wasn't correct or the unique element wasn't found.",
  "statusTrace" : "   at BOEM_Tests.Tests.Url.URL_07() in C:\\Users\\evers\\Documents\\GitHub\\Lakes\\BOEM_Tests\\BOEM\\BOEM_Tests\\Tests\\Url.cs:line 247",
  "flaky" : false,
  "newFailed" : false,
  "beforeStages" : [ {
    "name" : "PrepareResultsDir",
    "time" : {
      "start" : 1620200762582,
      "stop" : 1620200762582,
      "duration" : 0
    },
    "status" : "passed",
    "steps" : [ ],
    "attachments" : [ ],
    "parameters" : [ ],
    "stepsCount" : 0,
    "hasContent" : false,
    "attachmentsCount" : 0,
    "shouldDisplayMessage" : false
  }, {
    "name" : "SetUpTest",
    "time" : {
      "start" : 1620200762582,
      "stop" : 1620200762582,
      "duration" : 0
    },
    "status" : "passed",
    "steps" : [ ],
    "attachments" : [ ],
    "parameters" : [ ],
    "stepsCount" : 0,
    "hasContent" : false,
    "attachmentsCount" : 0,
    "shouldDisplayMessage" : false
  } ],
  "testStage" : {
    "description" : "Try to access the url: '/Input/NavDocuments/GenLinkedDocuments'. Should be fail if page doesn't load\n",
    "status" : "failed",
    "statusMessage" : "System.Exception : (TEST FAILED) The Page Title wasn't correct or the unique element wasn't found.",
    "statusTrace" : "   at BOEM_Tests.Tests.Url.URL_07() in C:\\Users\\evers\\Documents\\GitHub\\Lakes\\BOEM_Tests\\BOEM\\BOEM_Tests\\Tests\\Url.cs:line 247",
    "steps" : [ {
      "name" : "URL_07",
      "time" : {
        "start" : 1620200739480,
        "stop" : 1620200762583,
        "duration" : 23103
      },
      "status" : "failed",
      "statusMessage" : "System.Exception : (TEST FAILED) The Page Title wasn't correct or the unique element wasn't found.",
      "statusTrace" : "   at BOEM_Tests.Tests.Url.URL_07() in C:\\Users\\evers\\Documents\\GitHub\\Lakes\\BOEM_Tests\\BOEM\\BOEM_Tests\\Tests\\Url.cs:line 247",
      "steps" : [ {
        "name" : "Log in using QA user",
        "time" : {
          "start" : 1620200739486,
          "stop" : 1620200739498,
          "duration" : 12
        },
        "status" : "passed",
        "steps" : [ ],
        "attachments" : [ ],
        "parameters" : [ ],
        "stepsCount" : 0,
        "hasContent" : false,
        "attachmentsCount" : 0,
        "shouldDisplayMessage" : false
      }, {
        "name" : "Access relative url /Input/NavDocuments/GenLinkedDocuments",
        "time" : {
          "start" : 1620200739498,
          "stop" : 1620200752461,
          "duration" : 12963
        },
        "status" : "passed",
        "steps" : [ ],
        "attachments" : [ ],
        "parameters" : [ ],
        "stepsCount" : 0,
        "hasContent" : false,
        "attachmentsCount" : 0,
        "shouldDisplayMessage" : false
      }, {
        "name" : "Check if page loaded correctly",
        "time" : {
          "start" : 1620200752461,
          "stop" : 1620200762489,
          "duration" : 10028
        },
        "status" : "failed",
        "statusMessage" : "(TEST FAILED) The Page Title wasn't correct or the unique element wasn't found.",
        "statusTrace" : "   at BOEM_Tests.PageObjects.UrlPage.__a$_around_DidPageLoad_100666160_o(String titleText, By uniqueElement) in C:\\Users\\evers\\Documents\\GitHub\\Lakes\\BOEM_Tests\\BOEM\\BOEM_Tests\\PageObjects\\Url\\UrlPage.cs:line 88\r\n   at BOEM_Tests.PageObjects.UrlPage.__a$_around_DidPageLoad_100666160_u(Object[] )\r\n   at NUnit.Allure.Steps.AllureStepAspect.WrapStep(String name, MethodBase methodBase, Object[] arguments, Func`2 method)",
        "steps" : [ {
          "name" : "Check if got server error message",
          "time" : {
            "start" : 1620200762473,
            "stop" : 1620200762482,
            "duration" : 9
          },
          "status" : "passed",
          "steps" : [ ],
          "attachments" : [ ],
          "parameters" : [ ],
          "stepsCount" : 0,
          "hasContent" : false,
          "attachmentsCount" : 0,
          "shouldDisplayMessage" : false
        } ],
        "attachments" : [ ],
        "parameters" : [ ],
        "stepsCount" : 1,
        "hasContent" : true,
        "attachmentsCount" : 0,
        "shouldDisplayMessage" : true
      }, {
        "name" : "Taking Screenshot",
        "time" : {
          "start" : 1620200762489,
          "stop" : 1620200762581,
          "duration" : 92
        },
        "status" : "passed",
        "steps" : [ ],
        "attachments" : [ {
          "uid" : "5a0ad2d2466a2bb3",
          "name" : "Attachment Title",
          "source" : "5a0ad2d2466a2bb3.png",
          "type" : "image/png",
          "size" : 54408
        } ],
        "parameters" : [ ],
        "stepsCount" : 0,
        "hasContent" : true,
        "attachmentsCount" : 1,
        "shouldDisplayMessage" : false
      } ],
      "attachments" : [ {
        "uid" : "654ac951287cbdaa",
        "name" : "Console Output",
        "source" : "654ac951287cbdaa.txt",
        "type" : "text/plain",
        "size" : 0
      } ],
      "parameters" : [ ],
      "stepsCount" : 5,
      "hasContent" : true,
      "attachmentsCount" : 2,
      "shouldDisplayMessage" : true
    } ],
    "attachments" : [ ],
    "parameters" : [ ],
    "stepsCount" : 6,
    "hasContent" : true,
    "attachmentsCount" : 2,
    "shouldDisplayMessage" : false
  },
  "afterStages" : [ {
    "name" : "TearDown",
    "time" : {
      "start" : 1620200762582,
      "stop" : 1620200762582,
      "duration" : 0
    },
    "status" : "passed",
    "steps" : [ ],
    "attachments" : [ ],
    "parameters" : [ ],
    "stepsCount" : 0,
    "hasContent" : false,
    "attachmentsCount" : 0,
    "shouldDisplayMessage" : false
  }, {
    "name" : "OneTimeTearDown",
    "time" : {
      "start" : 1620200762582,
      "stop" : 1620200762582,
      "duration" : 0
    },
    "status" : "unknown",
    "statusMessage" : "It's not possible to get status of OneTimeTearDown",
    "statusTrace" : "See Allure.NUnit wiki",
    "steps" : [ ],
    "attachments" : [ ],
    "parameters" : [ ],
    "stepsCount" : 0,
    "hasContent" : true,
    "attachmentsCount" : 0,
    "shouldDisplayMessage" : true
  } ],
  "labels" : [ {
    "name" : "thread",
    "value" : "NonParallelWorker"
  }, {
    "name" : "host",
    "value" : "DESKTOP-I9CRH2D"
  }, {
    "name" : "testClass",
    "value" : "BOEM_Tests.Tests.Url"
  }, {
    "name" : "testMethod",
    "value" : "URL_07"
  }, {
    "name" : "package",
    "value" : "BOEM_Tests.Tests.Url"
  }, {
    "name" : "tag",
    "value" : "URL.7"
  }, {
    "name" : "suite",
    "value" : "Url"
  }, {
    "name" : "severity",
    "value" : "normal"
  }, {
    "name" : "resultFormat",
    "value" : "allure2"
  } ],
  "parameters" : [ ],
  "links" : [ ],
  "hidden" : true,
  "retry" : true,
  "extra" : {
    "categories" : [ ],
    "tags" : [ "URL.7" ]
  },
  "source" : "d1e65507df5a49b7.json",
  "parameterValues" : [ ]
}