{
  "uid" : "da3ccca1bea8f202",
  "name" : "ADMINSHADOWUSER_02",
  "fullName" : "BOEM_Tests.Tests.AdminShadowUser.ADMINSHADOWUSER_02",
  "historyId" : "BOEM_Tests.Tests.AdminShadowUser.ADMINSHADOWUSER_02",
  "time" : {
    "start" : 1619394445732,
    "stop" : 1619394454686,
    "duration" : 8954
  },
  "description" : "Show User, Able to Select Account with status <Available> and shadow user\n",
  "descriptionHtml" : "<p>Show User, Able to Select Account with status <Available> and shadow user</p>\n",
  "status" : "failed",
  "statusMessage" : "System.Exception : (TEST FAILED) The 'User row' element was not found in the Shadow user's table.",
  "statusTrace" : "   at BOEM_Tests.Tests.AdminShadowUser.ADMINSHADOWUSER_02() in C:\\Users\\QAOperator\\Documents\\GitHub\\BOEM_Tests\\BOEM\\BOEM_Tests\\Tests\\AdminShadowUser.cs:line 108",
  "flaky" : false,
  "newFailed" : false,
  "beforeStages" : [ {
    "name" : "PrepareResultsDir",
    "time" : {
      "start" : 1619394454685,
      "stop" : 1619394454685,
      "duration" : 0
    },
    "status" : "passed",
    "steps" : [ ],
    "attachments" : [ ],
    "parameters" : [ ],
    "stepsCount" : 0,
    "hasContent" : false,
    "shouldDisplayMessage" : false,
    "attachmentsCount" : 0
  }, {
    "name" : "Setup",
    "time" : {
      "start" : 1619394454685,
      "stop" : 1619394454685,
      "duration" : 0
    },
    "status" : "passed",
    "steps" : [ ],
    "attachments" : [ ],
    "parameters" : [ ],
    "stepsCount" : 0,
    "hasContent" : false,
    "shouldDisplayMessage" : false,
    "attachmentsCount" : 0
  } ],
  "testStage" : {
    "description" : "Show User, Able to Select Account with status <Available> and shadow user\n",
    "status" : "failed",
    "statusMessage" : "System.Exception : (TEST FAILED) The 'User row' element was not found in the Shadow user's table.",
    "statusTrace" : "   at BOEM_Tests.Tests.AdminShadowUser.ADMINSHADOWUSER_02() in C:\\Users\\QAOperator\\Documents\\GitHub\\BOEM_Tests\\BOEM\\BOEM_Tests\\Tests\\AdminShadowUser.cs:line 108",
    "steps" : [ {
      "name" : "ADMINSHADOWUSER_02",
      "time" : {
        "start" : 1619394445732,
        "stop" : 1619394454686,
        "duration" : 8954
      },
      "status" : "failed",
      "statusMessage" : "System.Exception : (TEST FAILED) The 'User row' element was not found in the Shadow user's table.",
      "statusTrace" : "   at BOEM_Tests.Tests.AdminShadowUser.ADMINSHADOWUSER_02() in C:\\Users\\QAOperator\\Documents\\GitHub\\BOEM_Tests\\BOEM\\BOEM_Tests\\Tests\\AdminShadowUser.cs:line 108",
      "steps" : [ {
        "name" : "Open admin shadow user page",
        "time" : {
          "start" : 1619394445752,
          "stop" : 1619394446614,
          "duration" : 862
        },
        "status" : "passed",
        "steps" : [ ],
        "attachments" : [ ],
        "parameters" : [ ],
        "stepsCount" : 0,
        "hasContent" : false,
        "shouldDisplayMessage" : false,
        "attachmentsCount" : 0
      }, {
        "name" : "Select user in first row",
        "time" : {
          "start" : 1619394446614,
          "stop" : 1619394454616,
          "duration" : 8002
        },
        "status" : "failed",
        "statusMessage" : "(TEST FAILED) The 'User row' element was not found in the Shadow user's table.",
        "statusTrace" : "   at BOEM_Tests.PageObjects.AdminShadowUserPage.__a$_around_SelectUserRow_100664224_o() in C:\\Users\\QAOperator\\Documents\\GitHub\\BOEM_Tests\\BOEM\\BOEM_Tests\\PageObjects\\AdminShadowUser\\AdminShadowUserPage.cs:line 70\r\n   at BOEM_Tests.PageObjects.AdminShadowUserPage.__a$_around_SelectUserRow_100664224_u(Object[] )\r\n   at NUnit.Allure.Steps.AllureStepAspect.WrapStep(String name, MethodBase methodBase, Object[] arguments, Func`2 method)",
        "steps" : [ ],
        "attachments" : [ ],
        "parameters" : [ ],
        "stepsCount" : 0,
        "hasContent" : true,
        "shouldDisplayMessage" : true,
        "attachmentsCount" : 0
      }, {
        "name" : "Taking Screenshot",
        "time" : {
          "start" : 1619394454617,
          "stop" : 1619394454685,
          "duration" : 68
        },
        "status" : "passed",
        "steps" : [ ],
        "attachments" : [ {
          "uid" : "a7799a688e422988",
          "name" : "Attachment Title",
          "source" : "a7799a688e422988.png",
          "type" : "image/png",
          "size" : 59838
        } ],
        "parameters" : [ ],
        "stepsCount" : 0,
        "hasContent" : true,
        "shouldDisplayMessage" : false,
        "attachmentsCount" : 1
      } ],
      "attachments" : [ {
        "uid" : "a51e98220e6329dc",
        "name" : "Console Output",
        "source" : "a51e98220e6329dc.txt",
        "type" : "text/plain",
        "size" : 0
      } ],
      "parameters" : [ ],
      "stepsCount" : 3,
      "hasContent" : true,
      "shouldDisplayMessage" : true,
      "attachmentsCount" : 2
    } ],
    "attachments" : [ ],
    "parameters" : [ ],
    "stepsCount" : 4,
    "hasContent" : true,
    "shouldDisplayMessage" : false,
    "attachmentsCount" : 2
  },
  "afterStages" : [ {
    "name" : "TearDown",
    "time" : {
      "start" : 1619394454685,
      "stop" : 1619394454685,
      "duration" : 0
    },
    "status" : "passed",
    "steps" : [ ],
    "attachments" : [ ],
    "parameters" : [ ],
    "stepsCount" : 0,
    "hasContent" : false,
    "shouldDisplayMessage" : false,
    "attachmentsCount" : 0
  }, {
    "name" : "OneTimeTearDown",
    "time" : {
      "start" : 1619394454685,
      "stop" : 1619394454685,
      "duration" : 0
    },
    "status" : "unknown",
    "statusMessage" : "It's not possible to get status of OneTimeTearDown",
    "statusTrace" : "See Allure.NUnit wiki",
    "steps" : [ ],
    "attachments" : [ ],
    "parameters" : [ ],
    "stepsCount" : 0,
    "hasContent" : true,
    "shouldDisplayMessage" : true,
    "attachmentsCount" : 0
  } ],
  "labels" : [ {
    "name" : "thread",
    "value" : "NonParallelWorker"
  }, {
    "name" : "host",
    "value" : "QAB01"
  }, {
    "name" : "testClass",
    "value" : "BOEM_Tests.Tests.AdminShadowUser"
  }, {
    "name" : "testMethod",
    "value" : "ADMINSHADOWUSER_02"
  }, {
    "name" : "package",
    "value" : "BOEM_Tests.Tests.AdminShadowUser"
  }, {
    "name" : "tag",
    "value" : "ADMINSHADOWUSER.2"
  }, {
    "name" : "suite",
    "value" : "AdminShadowUser"
  }, {
    "name" : "severity",
    "value" : "normal"
  }, {
    "name" : "resultFormat",
    "value" : "allure2"
  } ],
  "parameters" : [ ],
  "links" : [ ],
  "hidden" : false,
  "retry" : false,
  "extra" : {
    "severity" : "normal",
    "retries" : [ ],
    "categories" : [ {
      "name" : "Product defects",
      "matchedStatuses" : [ ],
      "flaky" : false
    } ],
    "history" : {
      "statistic" : {
        "failed" : 4,
        "broken" : 0,
        "skipped" : 0,
        "passed" : 0,
        "unknown" : 0,
        "total" : 4
      },
      "items" : [ {
        "uid" : "e48f5b6f036953a5",
        "status" : "failed",
        "statusDetails" : "System.Exception : (TEST FAILED) The 'User row' element was not found in the Shadow user's table.",
        "time" : {
          "start" : 1619129333413,
          "stop" : 1619129342375,
          "duration" : 8962
        }
      }, {
        "uid" : "a49d814025ec849c",
        "status" : "failed",
        "statusDetails" : "System.Exception : (TEST FAILED) The 'User row' element was not found in the Shadow user's table.",
        "time" : {
          "start" : 1618973694482,
          "stop" : 1618973703380,
          "duration" : 8898
        }
      }, {
        "uid" : "64f83efb790ea778",
        "status" : "failed",
        "statusDetails" : "System.Exception : (TEST FAILED) The 'User row' element was not found in the Shadow user's table.",
        "time" : {
          "start" : 1618880855214,
          "stop" : 1618880864149,
          "duration" : 8935
        }
      } ]
    },
    "tags" : [ "ADMINSHADOWUSER.2" ]
  },
  "source" : "da3ccca1bea8f202.json",
  "parameterValues" : [ ]
}