{
  "uid" : "e48f5b6f036953a5",
  "name" : "ADMINSHADOWUSER_02",
  "fullName" : "BOEM_Tests.Tests.AdminShadowUser.ADMINSHADOWUSER_02",
  "historyId" : "BOEM_Tests.Tests.AdminShadowUser.ADMINSHADOWUSER_02",
  "time" : {
    "start" : 1619129333413,
    "stop" : 1619129342375,
    "duration" : 8962
  },
  "description" : "Show User, Able to Select Account with status <Available> and shadow user\n",
  "descriptionHtml" : "<p>Show User, Able to Select Account with status <Available> and shadow user</p>\n",
  "status" : "failed",
  "statusMessage" : "System.Exception : (TEST FAILED) The 'User row' element was not found in the Shadow user's table.",
  "statusTrace" : "   at BOEM_Tests.Tests.AdminShadowUser.ADMINSHADOWUSER_02() in C:\\Users\\QAOperator\\Documents\\GitHub\\BOEM_Tests\\BOEM\\BOEM_Tests\\Tests\\AdminShadowUser.cs:line 108",
  "flaky" : false,
  "newFailed" : false,
  "beforeStages" : [ {
    "name" : "PrepareResultsDir",
    "time" : {
      "start" : 1619129342375,
      "stop" : 1619129342375,
      "duration" : 0
    },
    "status" : "passed",
    "steps" : [ ],
    "attachments" : [ ],
    "parameters" : [ ],
    "attachmentsCount" : 0,
    "shouldDisplayMessage" : false,
    "stepsCount" : 0,
    "hasContent" : false
  }, {
    "name" : "Setup",
    "time" : {
      "start" : 1619129342375,
      "stop" : 1619129342375,
      "duration" : 0
    },
    "status" : "passed",
    "steps" : [ ],
    "attachments" : [ ],
    "parameters" : [ ],
    "attachmentsCount" : 0,
    "shouldDisplayMessage" : false,
    "stepsCount" : 0,
    "hasContent" : false
  } ],
  "testStage" : {
    "description" : "Show User, Able to Select Account with status <Available> and shadow user\n",
    "status" : "failed",
    "statusMessage" : "System.Exception : (TEST FAILED) The 'User row' element was not found in the Shadow user's table.",
    "statusTrace" : "   at BOEM_Tests.Tests.AdminShadowUser.ADMINSHADOWUSER_02() in C:\\Users\\QAOperator\\Documents\\GitHub\\BOEM_Tests\\BOEM\\BOEM_Tests\\Tests\\AdminShadowUser.cs:line 108",
    "steps" : [ {
      "name" : "ADMINSHADOWUSER_02",
      "time" : {
        "start" : 1619129333413,
        "stop" : 1619129342375,
        "duration" : 8962
      },
      "status" : "failed",
      "statusMessage" : "System.Exception : (TEST FAILED) The 'User row' element was not found in the Shadow user's table.",
      "statusTrace" : "   at BOEM_Tests.Tests.AdminShadowUser.ADMINSHADOWUSER_02() in C:\\Users\\QAOperator\\Documents\\GitHub\\BOEM_Tests\\BOEM\\BOEM_Tests\\Tests\\AdminShadowUser.cs:line 108",
      "steps" : [ {
        "name" : "Open admin shadow user page",
        "time" : {
          "start" : 1619129333433,
          "stop" : 1619129334303,
          "duration" : 870
        },
        "status" : "passed",
        "steps" : [ ],
        "attachments" : [ ],
        "parameters" : [ ],
        "attachmentsCount" : 0,
        "shouldDisplayMessage" : false,
        "stepsCount" : 0,
        "hasContent" : false
      }, {
        "name" : "Select user in first row",
        "time" : {
          "start" : 1619129334303,
          "stop" : 1619129342313,
          "duration" : 8010
        },
        "status" : "failed",
        "statusMessage" : "(TEST FAILED) The 'User row' element was not found in the Shadow user's table.",
        "statusTrace" : "   at BOEM_Tests.PageObjects.AdminShadowUserPage.__a$_around_SelectUserRow_100664224_o() in C:\\Users\\QAOperator\\Documents\\GitHub\\BOEM_Tests\\BOEM\\BOEM_Tests\\PageObjects\\AdminShadowUser\\AdminShadowUserPage.cs:line 70\r\n   at BOEM_Tests.PageObjects.AdminShadowUserPage.__a$_around_SelectUserRow_100664224_u(Object[] )\r\n   at NUnit.Allure.Steps.AllureStepAspect.WrapStep(String name, MethodBase methodBase, Object[] arguments, Func`2 method)",
        "steps" : [ ],
        "attachments" : [ ],
        "parameters" : [ ],
        "attachmentsCount" : 0,
        "shouldDisplayMessage" : true,
        "stepsCount" : 0,
        "hasContent" : true
      }, {
        "name" : "Taking Screenshot",
        "time" : {
          "start" : 1619129342313,
          "stop" : 1619129342374,
          "duration" : 61
        },
        "status" : "passed",
        "steps" : [ ],
        "attachments" : [ {
          "uid" : "514c3c24d38cacee",
          "name" : "Attachment Title",
          "source" : "514c3c24d38cacee.png",
          "type" : "image/png",
          "size" : 60923
        } ],
        "parameters" : [ ],
        "attachmentsCount" : 1,
        "shouldDisplayMessage" : false,
        "stepsCount" : 0,
        "hasContent" : true
      } ],
      "attachments" : [ {
        "uid" : "dec68bf03089221c",
        "name" : "Console Output",
        "source" : "dec68bf03089221c.txt",
        "type" : "text/plain",
        "size" : 0
      } ],
      "parameters" : [ ],
      "attachmentsCount" : 2,
      "shouldDisplayMessage" : true,
      "stepsCount" : 3,
      "hasContent" : true
    } ],
    "attachments" : [ ],
    "parameters" : [ ],
    "attachmentsCount" : 2,
    "shouldDisplayMessage" : false,
    "stepsCount" : 4,
    "hasContent" : true
  },
  "afterStages" : [ {
    "name" : "TearDown",
    "time" : {
      "start" : 1619129342375,
      "stop" : 1619129342375,
      "duration" : 0
    },
    "status" : "passed",
    "steps" : [ ],
    "attachments" : [ ],
    "parameters" : [ ],
    "attachmentsCount" : 0,
    "shouldDisplayMessage" : false,
    "stepsCount" : 0,
    "hasContent" : false
  }, {
    "name" : "OneTimeTearDown",
    "time" : {
      "start" : 1619129342375,
      "stop" : 1619129342375,
      "duration" : 0
    },
    "status" : "unknown",
    "statusMessage" : "It's not possible to get status of OneTimeTearDown",
    "statusTrace" : "See Allure.NUnit wiki",
    "steps" : [ ],
    "attachments" : [ ],
    "parameters" : [ ],
    "attachmentsCount" : 0,
    "shouldDisplayMessage" : true,
    "stepsCount" : 0,
    "hasContent" : true
  } ],
  "labels" : [ {
    "name" : "thread",
    "value" : "NonParallelWorker"
  }, {
    "name" : "host",
    "value" : "QAB01"
  }, {
    "name" : "testClass",
    "value" : "BOEM_Tests.Tests.AdminShadowUser"
  }, {
    "name" : "testMethod",
    "value" : "ADMINSHADOWUSER_02"
  }, {
    "name" : "package",
    "value" : "BOEM_Tests.Tests.AdminShadowUser"
  }, {
    "name" : "tag",
    "value" : "ADMINSHADOWUSER.2"
  }, {
    "name" : "suite",
    "value" : "AdminShadowUser"
  }, {
    "name" : "severity",
    "value" : "normal"
  }, {
    "name" : "resultFormat",
    "value" : "allure2"
  } ],
  "parameters" : [ ],
  "links" : [ ],
  "hidden" : false,
  "retry" : false,
  "extra" : {
    "severity" : "normal",
    "retries" : [ ],
    "categories" : [ {
      "name" : "Product defects",
      "matchedStatuses" : [ ],
      "flaky" : false
    } ],
    "history" : {
      "statistic" : {
        "failed" : 3,
        "broken" : 0,
        "skipped" : 0,
        "passed" : 0,
        "unknown" : 0,
        "total" : 3
      },
      "items" : [ {
        "uid" : "a49d814025ec849c",
        "status" : "failed",
        "statusDetails" : "System.Exception : (TEST FAILED) The 'User row' element was not found in the Shadow user's table.",
        "time" : {
          "start" : 1618973694482,
          "stop" : 1618973703380,
          "duration" : 8898
        }
      }, {
        "uid" : "64f83efb790ea778",
        "status" : "failed",
        "statusDetails" : "System.Exception : (TEST FAILED) The 'User row' element was not found in the Shadow user's table.",
        "time" : {
          "start" : 1618880855214,
          "stop" : 1618880864149,
          "duration" : 8935
        }
      } ]
    },
    "tags" : [ "ADMINSHADOWUSER.2" ]
  },
  "source" : "e48f5b6f036953a5.json",
  "parameterValues" : [ ]
}