{
  "uid" : "e6a3e27878e4de12",
  "name" : "ADMINSECURITY_38",
  "fullName" : "BOEM_Tests.Tests.AdminSecurity.ADMINSECURITY_38",
  "historyId" : "BOEM_Tests.Tests.AdminSecurity.ADMINSECURITY_38",
  "time" : {
    "start" : 1619129113623,
    "stop" : 1619129151560,
    "duration" : 37937
  },
  "description" : "Test with admin user to show access is permitted. Admin user sign in and try to access '/ProjectMappingAdmin' URL. It expects normal page load\n",
  "descriptionHtml" : "<p>Test with admin user to show access is permitted. Admin user sign in and try to access '/ProjectMappingAdmin' URL. It expects normal page load</p>\n",
  "status" : "failed",
  "statusMessage" : "System.Exception : (TEST FAILED) Was redirected to Access denied page\r\n\r\n  1)   Page did not load correctly\r\n  Expected: True\r\n  But was:  False\r\n\r\n",
  "statusTrace" : "   at BOEM_Tests.Tests.AdminSecurity.ADMINSECURITY_38() in C:\\Users\\QAOperator\\Documents\\GitHub\\BOEM_Tests\\BOEM\\BOEM_Tests\\Tests\\AdminSecurity.cs:line 1223",
  "flaky" : false,
  "newFailed" : false,
  "beforeStages" : [ {
    "name" : "PrepareResultsDir",
    "time" : {
      "start" : 1619129151559,
      "stop" : 1619129151559,
      "duration" : 0
    },
    "status" : "passed",
    "steps" : [ ],
    "attachments" : [ ],
    "parameters" : [ ],
    "attachmentsCount" : 0,
    "shouldDisplayMessage" : false,
    "stepsCount" : 0,
    "hasContent" : false
  }, {
    "name" : "SetUp_Test",
    "time" : {
      "start" : 1619129151559,
      "stop" : 1619129151559,
      "duration" : 0
    },
    "status" : "passed",
    "steps" : [ ],
    "attachments" : [ ],
    "parameters" : [ ],
    "attachmentsCount" : 0,
    "shouldDisplayMessage" : false,
    "stepsCount" : 0,
    "hasContent" : false
  } ],
  "testStage" : {
    "description" : "Test with admin user to show access is permitted. Admin user sign in and try to access '/ProjectMappingAdmin' URL. It expects normal page load\n",
    "status" : "failed",
    "statusMessage" : "System.Exception : (TEST FAILED) Was redirected to Access denied page\r\n\r\n  1)   Page did not load correctly\r\n  Expected: True\r\n  But was:  False\r\n\r\n",
    "statusTrace" : "   at BOEM_Tests.Tests.AdminSecurity.ADMINSECURITY_38() in C:\\Users\\QAOperator\\Documents\\GitHub\\BOEM_Tests\\BOEM\\BOEM_Tests\\Tests\\AdminSecurity.cs:line 1223",
    "steps" : [ {
      "name" : "ADMINSECURITY_38",
      "time" : {
        "start" : 1619129113623,
        "stop" : 1619129151560,
        "duration" : 37937
      },
      "status" : "failed",
      "statusMessage" : "System.Exception : (TEST FAILED) Was redirected to Access denied page\r\n\r\n  1)   Page did not load correctly\r\n  Expected: True\r\n  But was:  False\r\n\r\n",
      "statusTrace" : "   at BOEM_Tests.Tests.AdminSecurity.ADMINSECURITY_38() in C:\\Users\\QAOperator\\Documents\\GitHub\\BOEM_Tests\\BOEM\\BOEM_Tests\\Tests\\AdminSecurity.cs:line 1223",
      "steps" : [ {
        "name" : "Access relative URL /ProjectMappingAdmin",
        "time" : {
          "start" : 1619129135246,
          "stop" : 1619129140454,
          "duration" : 5208
        },
        "status" : "passed",
        "steps" : [ ],
        "attachments" : [ ],
        "parameters" : [ ],
        "attachmentsCount" : 0,
        "shouldDisplayMessage" : false,
        "stepsCount" : 0,
        "hasContent" : false
      }, {
        "name" : "Check if URL ends with /Error/AccessDenied",
        "time" : {
          "start" : 1619129140454,
          "stop" : 1619129141470,
          "duration" : 1016
        },
        "status" : "passed",
        "steps" : [ ],
        "attachments" : [ ],
        "parameters" : [ ],
        "attachmentsCount" : 0,
        "shouldDisplayMessage" : false,
        "stepsCount" : 0,
        "hasContent" : false
      }, {
        "name" : "Check if page loaded correctly",
        "time" : {
          "start" : 1619129141470,
          "stop" : 1619129151494,
          "duration" : 10024
        },
        "status" : "passed",
        "steps" : [ {
          "name" : "Check server error displayed",
          "time" : {
            "start" : 1619129151482,
            "stop" : 1619129151494,
            "duration" : 12
          },
          "status" : "passed",
          "steps" : [ ],
          "attachments" : [ ],
          "parameters" : [ ],
          "attachmentsCount" : 0,
          "shouldDisplayMessage" : false,
          "stepsCount" : 0,
          "hasContent" : false
        } ],
        "attachments" : [ ],
        "parameters" : [ ],
        "attachmentsCount" : 0,
        "shouldDisplayMessage" : false,
        "stepsCount" : 1,
        "hasContent" : true
      }, {
        "name" : "Taking Screenshot",
        "time" : {
          "start" : 1619129151498,
          "stop" : 1619129151558,
          "duration" : 60
        },
        "status" : "passed",
        "steps" : [ ],
        "attachments" : [ {
          "uid" : "8d868a43d5c2ea11",
          "name" : "Attachment Title",
          "source" : "8d868a43d5c2ea11.png",
          "type" : "image/png",
          "size" : 53266
        } ],
        "parameters" : [ ],
        "attachmentsCount" : 1,
        "shouldDisplayMessage" : false,
        "stepsCount" : 0,
        "hasContent" : true
      } ],
      "attachments" : [ {
        "uid" : "afff963b56995dec",
        "name" : "Console Output",
        "source" : "afff963b56995dec.txt",
        "type" : "text/plain",
        "size" : 0
      } ],
      "parameters" : [ ],
      "attachmentsCount" : 2,
      "shouldDisplayMessage" : true,
      "stepsCount" : 5,
      "hasContent" : true
    } ],
    "attachments" : [ ],
    "parameters" : [ ],
    "attachmentsCount" : 2,
    "shouldDisplayMessage" : false,
    "stepsCount" : 6,
    "hasContent" : true
  },
  "afterStages" : [ {
    "name" : "TearDown",
    "time" : {
      "start" : 1619129151559,
      "stop" : 1619129151559,
      "duration" : 0
    },
    "status" : "passed",
    "steps" : [ ],
    "attachments" : [ ],
    "parameters" : [ ],
    "attachmentsCount" : 0,
    "shouldDisplayMessage" : false,
    "stepsCount" : 0,
    "hasContent" : false
  }, {
    "name" : "OneTimeTearDown",
    "time" : {
      "start" : 1619129151559,
      "stop" : 1619129151559,
      "duration" : 0
    },
    "status" : "unknown",
    "statusMessage" : "It's not possible to get status of OneTimeTearDown",
    "statusTrace" : "See Allure.NUnit wiki",
    "steps" : [ ],
    "attachments" : [ ],
    "parameters" : [ ],
    "attachmentsCount" : 0,
    "shouldDisplayMessage" : true,
    "stepsCount" : 0,
    "hasContent" : true
  } ],
  "labels" : [ {
    "name" : "thread",
    "value" : "NonParallelWorker"
  }, {
    "name" : "host",
    "value" : "QAB01"
  }, {
    "name" : "testClass",
    "value" : "BOEM_Tests.Tests.AdminSecurity"
  }, {
    "name" : "testMethod",
    "value" : "ADMINSECURITY_38"
  }, {
    "name" : "package",
    "value" : "BOEM_Tests.Tests.AdminSecurity"
  }, {
    "name" : "tag",
    "value" : "ADMINSECURITY.38"
  }, {
    "name" : "suite",
    "value" : "AdminSecurity"
  }, {
    "name" : "severity",
    "value" : "normal"
  }, {
    "name" : "resultFormat",
    "value" : "allure2"
  } ],
  "parameters" : [ ],
  "links" : [ ],
  "hidden" : false,
  "retry" : false,
  "extra" : {
    "severity" : "normal",
    "retries" : [ ],
    "categories" : [ {
      "name" : "Product defects",
      "matchedStatuses" : [ ],
      "flaky" : false
    } ],
    "history" : {
      "statistic" : {
        "failed" : 2,
        "broken" : 0,
        "skipped" : 0,
        "passed" : 0,
        "unknown" : 0,
        "total" : 2
      },
      "items" : [ {
        "uid" : "e0dd015e5fd3b48d",
        "status" : "failed",
        "statusDetails" : "System.Exception : (TEST FAILED) Was redirected to Access denied page\r\n\r\n  1)   Page did not load correctly\r\n  Expected: True\r\n  But was:  False\r\n\r\n",
        "time" : {
          "start" : 1618973475659,
          "stop" : 1618973513504,
          "duration" : 37845
        }
      } ]
    },
    "tags" : [ "ADMINSECURITY.38" ]
  },
  "source" : "e6a3e27878e4de12.json",
  "parameterValues" : [ ]
}