{
  "uid" : "eee6629d5e631135",
  "name" : "ACCESSRIGHTS_02",
  "fullName" : "BOEM_Tests.Tests.AdminAccessRights.ACCESSRIGHTS_02",
  "historyId" : "BOEM_Tests.Tests.AdminAccessRights.ACCESSRIGHTS_02",
  "time" : {
    "start" : 1620341367028,
    "stop" : 1620341495607,
    "duration" : 128579
  },
  "description" : "Verify if 'Facility List' admin access right has 'Platform'\n",
  "descriptionHtml" : "<p>Verify if 'Facility List' admin access right has 'Platform'</p>\n",
  "status" : "failed",
  "statusMessage" : "System.Exception : (TEST FAILED) EXPECTED: 2 menu item(s). BUT WAS: 1 menu item(s).",
  "statusTrace" : "   at BOEM_Tests.Tests.AdminAccessRights.ACCESSRIGHTS_02() in C:\\Users\\QAOperator\\Documents\\GitHub\\BOEM_Tests\\BOEM\\BOEM_Tests\\Tests\\AdminAccessRights.cs:line 128",
  "flaky" : false,
  "newFailed" : false,
  "beforeStages" : [ {
    "name" : "PrepareResultsDir",
    "time" : {
      "start" : 1620341495606,
      "stop" : 1620341495606,
      "duration" : 0
    },
    "status" : "passed",
    "steps" : [ ],
    "attachments" : [ ],
    "parameters" : [ ],
    "attachmentsCount" : 0,
    "shouldDisplayMessage" : false,
    "stepsCount" : 0,
    "hasContent" : false
  }, {
    "name" : "Setup_Test",
    "time" : {
      "start" : 1620341495606,
      "stop" : 1620341495606,
      "duration" : 0
    },
    "status" : "passed",
    "steps" : [ ],
    "attachments" : [ ],
    "parameters" : [ ],
    "attachmentsCount" : 0,
    "shouldDisplayMessage" : false,
    "stepsCount" : 0,
    "hasContent" : false
  } ],
  "testStage" : {
    "description" : "Verify if 'Facility List' admin access right has 'Platform'\n",
    "status" : "failed",
    "statusMessage" : "System.Exception : (TEST FAILED) EXPECTED: 2 menu item(s). BUT WAS: 1 menu item(s).",
    "statusTrace" : "   at BOEM_Tests.Tests.AdminAccessRights.ACCESSRIGHTS_02() in C:\\Users\\QAOperator\\Documents\\GitHub\\BOEM_Tests\\BOEM\\BOEM_Tests\\Tests\\AdminAccessRights.cs:line 128",
    "steps" : [ {
      "name" : "ACCESSRIGHTS_02",
      "time" : {
        "start" : 1620341367028,
        "stop" : 1620341495606,
        "duration" : 128578
      },
      "status" : "failed",
      "statusMessage" : "System.Exception : (TEST FAILED) EXPECTED: 2 menu item(s). BUT WAS: 1 menu item(s).",
      "statusTrace" : "   at BOEM_Tests.Tests.AdminAccessRights.ACCESSRIGHTS_02() in C:\\Users\\QAOperator\\Documents\\GitHub\\BOEM_Tests\\BOEM\\BOEM_Tests\\Tests\\AdminAccessRights.cs:line 128",
      "steps" : [ {
        "name" : "Log in using QA user",
        "time" : {
          "start" : 1620341367031,
          "stop" : 1620341367042,
          "duration" : 11
        },
        "status" : "passed",
        "steps" : [ ],
        "attachments" : [ ],
        "parameters" : [ ],
        "attachmentsCount" : 0,
        "shouldDisplayMessage" : false,
        "stepsCount" : 0,
        "hasContent" : false
      }, {
        "name" : "Open AdminAccessRights page",
        "time" : {
          "start" : 1620341367042,
          "stop" : 1620341372536,
          "duration" : 5494
        },
        "status" : "passed",
        "steps" : [ ],
        "attachments" : [ ],
        "parameters" : [ ],
        "attachmentsCount" : 0,
        "shouldDisplayMessage" : false,
        "stepsCount" : 0,
        "hasContent" : false
      }, {
        "name" : "Change user group",
        "time" : {
          "start" : 1620341372536,
          "stop" : 1620341393482,
          "duration" : 20946
        },
        "status" : "passed",
        "steps" : [ ],
        "attachments" : [ ],
        "parameters" : [ ],
        "attachmentsCount" : 0,
        "shouldDisplayMessage" : false,
        "stepsCount" : 0,
        "hasContent" : false
      }, {
        "name" : "Filter Object type using Report",
        "time" : {
          "start" : 1620341393482,
          "stop" : 1620341403732,
          "duration" : 10250
        },
        "status" : "passed",
        "steps" : [ ],
        "attachments" : [ ],
        "parameters" : [ ],
        "attachmentsCount" : 0,
        "shouldDisplayMessage" : false,
        "stepsCount" : 0,
        "hasContent" : false
      }, {
        "name" : "Unchek all checkboxes",
        "time" : {
          "start" : 1620341403732,
          "stop" : 1620341469018,
          "duration" : 65286
        },
        "status" : "passed",
        "steps" : [ ],
        "attachments" : [ ],
        "parameters" : [ ],
        "attachmentsCount" : 0,
        "shouldDisplayMessage" : false,
        "stepsCount" : 0,
        "hasContent" : false
      }, {
        "name" : "Check Checkbox for Facilities/Structures",
        "time" : {
          "start" : 1620341469019,
          "stop" : 1620341485302,
          "duration" : 16283
        },
        "status" : "passed",
        "steps" : [ ],
        "attachments" : [ ],
        "parameters" : [ ],
        "attachmentsCount" : 0,
        "shouldDisplayMessage" : false,
        "stepsCount" : 0,
        "hasContent" : false
      }, {
        "name" : "Open NavReporting page ",
        "time" : {
          "start" : 1620341485302,
          "stop" : 1620341485530,
          "duration" : 228
        },
        "status" : "passed",
        "steps" : [ ],
        "attachments" : [ ],
        "parameters" : [ ],
        "attachmentsCount" : 0,
        "shouldDisplayMessage" : false,
        "stepsCount" : 0,
        "hasContent" : false
      }, {
        "name" : "Wait 5000 ms",
        "time" : {
          "start" : 1620341485530,
          "stop" : 1620341490545,
          "duration" : 5015
        },
        "status" : "passed",
        "steps" : [ ],
        "attachments" : [ ],
        "parameters" : [ ],
        "attachmentsCount" : 0,
        "shouldDisplayMessage" : false,
        "stepsCount" : 0,
        "hasContent" : false
      }, {
        "name" : "Verify menu items",
        "time" : {
          "start" : 1620341490545,
          "stop" : 1620341495555,
          "duration" : 5010
        },
        "status" : "failed",
        "statusMessage" : "(TEST FAILED) EXPECTED: 2 menu item(s). BUT WAS: 1 menu item(s).",
        "statusTrace" : "   at BOEM_Tests.PageObjects.NavReportingPage.__a$_around_VerifyMenuItemsAvailable_100665413_o(List`1 menuItemsTitles) in C:\\Users\\QAOperator\\Documents\\GitHub\\BOEM_Tests\\BOEM\\BOEM_Tests\\PageObjects\\NavReporting\\NavReportingPage.cs:line 73\r\n   at BOEM_Tests.PageObjects.NavReportingPage.__a$_around_VerifyMenuItemsAvailable_100665413_u(Object[] )\r\n   at NUnit.Allure.Steps.AllureStepAspect.WrapStep(String name, MethodBase methodBase, Object[] arguments, Func`2 method)",
        "steps" : [ ],
        "attachments" : [ ],
        "parameters" : [ ],
        "attachmentsCount" : 0,
        "shouldDisplayMessage" : true,
        "stepsCount" : 0,
        "hasContent" : true
      }, {
        "name" : "Taking Screenshot",
        "time" : {
          "start" : 1620341495556,
          "stop" : 1620341495605,
          "duration" : 49
        },
        "status" : "passed",
        "steps" : [ ],
        "attachments" : [ {
          "uid" : "e1738ad3684bc91e",
          "name" : "Attachment Title",
          "source" : "e1738ad3684bc91e.png",
          "type" : "image/png",
          "size" : 38328
        } ],
        "parameters" : [ ],
        "attachmentsCount" : 1,
        "shouldDisplayMessage" : false,
        "stepsCount" : 0,
        "hasContent" : true
      } ],
      "attachments" : [ {
        "uid" : "864a655452598e1e",
        "name" : "Console Output",
        "source" : "864a655452598e1e.txt",
        "type" : "text/plain",
        "size" : 0
      } ],
      "parameters" : [ ],
      "attachmentsCount" : 2,
      "shouldDisplayMessage" : true,
      "stepsCount" : 10,
      "hasContent" : true
    } ],
    "attachments" : [ ],
    "parameters" : [ ],
    "attachmentsCount" : 2,
    "shouldDisplayMessage" : false,
    "stepsCount" : 11,
    "hasContent" : true
  },
  "afterStages" : [ {
    "name" : "TearDown",
    "time" : {
      "start" : 1620341495606,
      "stop" : 1620341495606,
      "duration" : 0
    },
    "status" : "passed",
    "steps" : [ ],
    "attachments" : [ ],
    "parameters" : [ ],
    "attachmentsCount" : 0,
    "shouldDisplayMessage" : false,
    "stepsCount" : 0,
    "hasContent" : false
  }, {
    "name" : "OneTimeTearDown",
    "time" : {
      "start" : 1620341495606,
      "stop" : 1620341495606,
      "duration" : 0
    },
    "status" : "unknown",
    "statusMessage" : "It's not possible to get status of OneTimeTearDown",
    "statusTrace" : "See Allure.NUnit wiki",
    "steps" : [ ],
    "attachments" : [ ],
    "parameters" : [ ],
    "attachmentsCount" : 0,
    "shouldDisplayMessage" : true,
    "stepsCount" : 0,
    "hasContent" : true
  } ],
  "labels" : [ {
    "name" : "thread",
    "value" : "NonParallelWorker"
  }, {
    "name" : "host",
    "value" : "QAB01"
  }, {
    "name" : "testClass",
    "value" : "BOEM_Tests.Tests.AdminAccessRights"
  }, {
    "name" : "testMethod",
    "value" : "ACCESSRIGHTS_02"
  }, {
    "name" : "package",
    "value" : "BOEM_Tests.Tests.AdminAccessRights"
  }, {
    "name" : "tag",
    "value" : "ACCESSRIGHTS.2"
  }, {
    "name" : "suite",
    "value" : "AccessRights"
  }, {
    "name" : "severity",
    "value" : "normal"
  }, {
    "name" : "resultFormat",
    "value" : "allure2"
  } ],
  "parameters" : [ ],
  "links" : [ ],
  "hidden" : false,
  "retry" : false,
  "extra" : {
    "severity" : "normal",
    "retries" : [ ],
    "categories" : [ {
      "name" : "Product defects",
      "matchedStatuses" : [ ],
      "flaky" : false
    } ],
    "history" : {
      "statistic" : {
        "failed" : 11,
        "broken" : 0,
        "skipped" : 0,
        "passed" : 0,
        "unknown" : 0,
        "total" : 11
      },
      "items" : [ {
        "uid" : "3cfa255b8a9705fc",
        "status" : "failed",
        "statusDetails" : "System.Exception : (TEST FAILED) EXPECTED: 2 menu item(s). BUT WAS: 1 menu item(s).",
        "time" : {
          "start" : 1620269030767,
          "stop" : 1620269159281,
          "duration" : 128514
        }
      }, {
        "uid" : "8f686eb395d98eb6",
        "status" : "failed",
        "statusDetails" : "System.Exception : (TEST FAILED) EXPECTED: 2 menu item(s). BUT WAS: 1 menu item(s).",
        "time" : {
          "start" : 1620168118678,
          "stop" : 1620168250081,
          "duration" : 131403
        }
      }, {
        "uid" : "3117cd882203ab5f",
        "status" : "failed",
        "statusDetails" : "System.Exception : (TEST FAILED) EXPECTED: 2 menu item(s). BUT WAS: 1 menu item(s).",
        "time" : {
          "start" : 1620049625133,
          "stop" : 1620049753858,
          "duration" : 128725
        }
      }, {
        "uid" : "64175bc7ce9f5c9e",
        "status" : "failed",
        "statusDetails" : "System.Exception : (TEST FAILED) EXPECTED: 2 menu item(s). BUT WAS: 1 menu item(s).",
        "time" : {
          "start" : 1619739092647,
          "stop" : 1619739221405,
          "duration" : 128758
        }
      }, {
        "uid" : "71a10b627e232f7",
        "status" : "failed",
        "statusDetails" : "System.Exception : (TEST FAILED) EXPECTED: 2 menu item(s). BUT WAS: 1 menu item(s).",
        "time" : {
          "start" : 1619650901804,
          "stop" : 1619651030466,
          "duration" : 128662
        }
      }, {
        "uid" : "cb8bcc9fe1a70cb5",
        "status" : "failed",
        "statusDetails" : "System.Exception : (TEST FAILED) EXPECTED: 2 menu item(s). BUT WAS: 1 menu item(s).",
        "time" : {
          "start" : 1619623784985,
          "stop" : 1619623914002,
          "duration" : 129017
        }
      }, {
        "uid" : "18a2d97d6de904b6",
        "status" : "failed",
        "statusDetails" : "System.Exception : (TEST FAILED) EXPECTED: 2 menu item(s). BUT WAS: 1 menu item(s).",
        "time" : {
          "start" : 1619393122053,
          "stop" : 1619393250765,
          "duration" : 128712
        }
      }, {
        "uid" : "8bf4cf3040dff052",
        "status" : "failed",
        "statusDetails" : "System.Exception : (TEST FAILED) EXPECTED: 2 menu item(s). BUT WAS: 1 menu item(s).",
        "time" : {
          "start" : 1619127997920,
          "stop" : 1619128126908,
          "duration" : 128988
        }
      }, {
        "uid" : "39fe777cc8570af3",
        "status" : "failed",
        "statusDetails" : "System.Exception : (TEST FAILED) EXPECTED: 2 menu item(s). BUT WAS: 1 menu item(s).",
        "time" : {
          "start" : 1618972372516,
          "stop" : 1618972501078,
          "duration" : 128562
        }
      }, {
        "uid" : "41dbc59940be87b7",
        "status" : "failed",
        "statusDetails" : "System.Exception : (TEST FAILED) EXPECTED: 2 menu item(s). BUT WAS: 1 menu item(s).",
        "time" : {
          "start" : 1618878593908,
          "stop" : 1618878722538,
          "duration" : 128630
        }
      } ]
    },
    "tags" : [ "ACCESSRIGHTS.2" ]
  },
  "source" : "eee6629d5e631135.json",
  "parameterValues" : [ ]
}