{
  "uid" : "f09b4793ad18b74f",
  "name" : "URL_03",
  "fullName" : "BOEM_Tests.Tests.Url.URL_03",
  "historyId" : "BOEM_Tests.Tests.Url.URL_03",
  "time" : {
    "start" : 1620375889218,
    "stop" : 1620375917019,
    "duration" : 27801
  },
  "description" : "Visit /InputDetails/NavSourceConfig/DetailedEditor/Create/ and assure page loads\n",
  "descriptionHtml" : "<p>Visit /InputDetails/NavSourceConfig/DetailedEditor/Create/ and assure page loads</p>\n",
  "status" : "failed",
  "statusMessage" : "System.Exception : (TEST FAILED) It was displayed an error. Please check the screenshot.",
  "statusTrace" : "   at BOEM_Tests.Tests.Url.URL_03() in C:\\Users\\QAOperator\\Documents\\GitHub\\BOEM_Tests\\BOEM\\BOEM_Tests\\Tests\\Url.cs:line 144",
  "flaky" : false,
  "newFailed" : false,
  "beforeStages" : [ {
    "name" : "PrepareResultsDir",
    "time" : {
      "start" : 1620375917018,
      "stop" : 1620375917018,
      "duration" : 0
    },
    "status" : "passed",
    "steps" : [ ],
    "attachments" : [ ],
    "parameters" : [ ],
    "attachmentsCount" : 0,
    "shouldDisplayMessage" : false,
    "stepsCount" : 0,
    "hasContent" : false
  }, {
    "name" : "SetUpTest",
    "time" : {
      "start" : 1620375917018,
      "stop" : 1620375917018,
      "duration" : 0
    },
    "status" : "passed",
    "steps" : [ ],
    "attachments" : [ ],
    "parameters" : [ ],
    "attachmentsCount" : 0,
    "shouldDisplayMessage" : false,
    "stepsCount" : 0,
    "hasContent" : false
  } ],
  "testStage" : {
    "description" : "Visit /InputDetails/NavSourceConfig/DetailedEditor/Create/ and assure page loads\n",
    "status" : "failed",
    "statusMessage" : "System.Exception : (TEST FAILED) It was displayed an error. Please check the screenshot.",
    "statusTrace" : "   at BOEM_Tests.Tests.Url.URL_03() in C:\\Users\\QAOperator\\Documents\\GitHub\\BOEM_Tests\\BOEM\\BOEM_Tests\\Tests\\Url.cs:line 144",
    "steps" : [ {
      "name" : "URL_03",
      "time" : {
        "start" : 1620375889218,
        "stop" : 1620375917019,
        "duration" : 27801
      },
      "status" : "failed",
      "statusMessage" : "System.Exception : (TEST FAILED) It was displayed an error. Please check the screenshot.",
      "statusTrace" : "   at BOEM_Tests.Tests.Url.URL_03() in C:\\Users\\QAOperator\\Documents\\GitHub\\BOEM_Tests\\BOEM\\BOEM_Tests\\Tests\\Url.cs:line 144",
      "steps" : [ {
        "name" : "Log in using QA user",
        "time" : {
          "start" : 1620375889221,
          "stop" : 1620375889237,
          "duration" : 16
        },
        "status" : "passed",
        "steps" : [ ],
        "attachments" : [ ],
        "parameters" : [ ],
        "attachmentsCount" : 0,
        "shouldDisplayMessage" : false,
        "stepsCount" : 0,
        "hasContent" : false
      }, {
        "name" : "Check inventory 2017 - 2017 Complete Inventory",
        "time" : {
          "start" : 1620375889237,
          "stop" : 1620375892266,
          "duration" : 3029
        },
        "status" : "passed",
        "steps" : [ ],
        "attachments" : [ ],
        "parameters" : [ ],
        "attachmentsCount" : 0,
        "shouldDisplayMessage" : false,
        "stepsCount" : 0,
        "hasContent" : false
      }, {
        "name" : "Access relative url /InputDetails/NavSourceConfig/DetailedEditor/Create/",
        "time" : {
          "start" : 1620375892267,
          "stop" : 1620375906931,
          "duration" : 14664
        },
        "status" : "passed",
        "steps" : [ ],
        "attachments" : [ ],
        "parameters" : [ ],
        "attachmentsCount" : 0,
        "shouldDisplayMessage" : false,
        "stepsCount" : 0,
        "hasContent" : false
      }, {
        "name" : "Check if page loaded correctly",
        "time" : {
          "start" : 1620375906931,
          "stop" : 1620375916948,
          "duration" : 10017
        },
        "status" : "failed",
        "statusMessage" : "(TEST FAILED) It was displayed an error. Please check the screenshot.",
        "statusTrace" : "   at BOEM_Tests.PageObjects.UrlPage.__a$_around_DidPageLoad_100666159_o(String titleText, By uniqueElement) in C:\\Users\\QAOperator\\Documents\\GitHub\\BOEM_Tests\\BOEM\\BOEM_Tests\\PageObjects\\Url\\UrlPage.cs:line 89\r\n   at BOEM_Tests.PageObjects.UrlPage.__a$_around_DidPageLoad_100666159_u(Object[] )\r\n   at NUnit.Allure.Steps.AllureStepAspect.WrapStep(String name, MethodBase methodBase, Object[] arguments, Func`2 method)",
        "steps" : [ {
          "name" : "Check if got server error message",
          "time" : {
            "start" : 1620375916933,
            "stop" : 1620375916946,
            "duration" : 13
          },
          "status" : "passed",
          "steps" : [ ],
          "attachments" : [ ],
          "parameters" : [ ],
          "attachmentsCount" : 0,
          "shouldDisplayMessage" : false,
          "stepsCount" : 0,
          "hasContent" : false
        } ],
        "attachments" : [ ],
        "parameters" : [ ],
        "attachmentsCount" : 0,
        "shouldDisplayMessage" : true,
        "stepsCount" : 1,
        "hasContent" : true
      }, {
        "name" : "Taking Screenshot",
        "time" : {
          "start" : 1620375916948,
          "stop" : 1620375917017,
          "duration" : 69
        },
        "status" : "passed",
        "steps" : [ ],
        "attachments" : [ {
          "uid" : "3a40b5571c992b5b",
          "name" : "Attachment Title",
          "source" : "3a40b5571c992b5b.png",
          "type" : "image/png",
          "size" : 38709
        } ],
        "parameters" : [ ],
        "attachmentsCount" : 1,
        "shouldDisplayMessage" : false,
        "stepsCount" : 0,
        "hasContent" : true
      } ],
      "attachments" : [ {
        "uid" : "aca4fd2d6bfe07c2",
        "name" : "Console Output",
        "source" : "aca4fd2d6bfe07c2.txt",
        "type" : "text/plain",
        "size" : 0
      } ],
      "parameters" : [ ],
      "attachmentsCount" : 2,
      "shouldDisplayMessage" : true,
      "stepsCount" : 6,
      "hasContent" : true
    } ],
    "attachments" : [ ],
    "parameters" : [ ],
    "attachmentsCount" : 2,
    "shouldDisplayMessage" : false,
    "stepsCount" : 7,
    "hasContent" : true
  },
  "afterStages" : [ {
    "name" : "TearDown",
    "time" : {
      "start" : 1620375917018,
      "stop" : 1620375917018,
      "duration" : 0
    },
    "status" : "passed",
    "steps" : [ ],
    "attachments" : [ ],
    "parameters" : [ ],
    "attachmentsCount" : 0,
    "shouldDisplayMessage" : false,
    "stepsCount" : 0,
    "hasContent" : false
  }, {
    "name" : "OneTimeTearDown",
    "time" : {
      "start" : 1620375917018,
      "stop" : 1620375917018,
      "duration" : 0
    },
    "status" : "unknown",
    "statusMessage" : "It's not possible to get status of OneTimeTearDown",
    "statusTrace" : "See Allure.NUnit wiki",
    "steps" : [ ],
    "attachments" : [ ],
    "parameters" : [ ],
    "attachmentsCount" : 0,
    "shouldDisplayMessage" : true,
    "stepsCount" : 0,
    "hasContent" : true
  } ],
  "labels" : [ {
    "name" : "thread",
    "value" : "NonParallelWorker"
  }, {
    "name" : "host",
    "value" : "QAB01"
  }, {
    "name" : "testClass",
    "value" : "BOEM_Tests.Tests.Url"
  }, {
    "name" : "testMethod",
    "value" : "URL_03"
  }, {
    "name" : "package",
    "value" : "BOEM_Tests.Tests.Url"
  }, {
    "name" : "tag",
    "value" : "URL.3"
  }, {
    "name" : "suite",
    "value" : "Url"
  }, {
    "name" : "severity",
    "value" : "normal"
  }, {
    "name" : "resultFormat",
    "value" : "allure2"
  } ],
  "parameters" : [ ],
  "links" : [ ],
  "hidden" : true,
  "retry" : true,
  "extra" : {
    "categories" : [ ],
    "tags" : [ "URL.3" ]
  },
  "source" : "f09b4793ad18b74f.json",
  "parameterValues" : [ ]
}