{
  "uid" : "f3dbec519cd3413a",
  "name" : "InviteUser_NoUserGroup_Rejected",
  "fullName" : "BOEM_Tests.Tests.AdminUserInvite.InviteUser_NoUserGroup_Rejected",
  "historyId" : "BOEM_Tests.Tests.AdminUserInvite.InviteUser_NoUserGroup_Rejected",
  "time" : {
    "start" : 1618459430161,
    "stop" : 1618459484768,
    "duration" : 54607
  },
  "description" : "User Invite, [Invites Users], Invitation to joe.inventory@weblakes.com does not proceed without User Group\n",
  "descriptionHtml" : "<p>User Invite, [Invites Users], Invitation to joe.inventory@weblakes.com does not proceed without User Group</p>\n",
  "status" : "failed",
  "statusMessage" : "System.Exception : (TEST FAILED) The 'Pop-Up Error' element was NOT displayed! Please, check this test's screenshot.",
  "statusTrace" : "   at BOEM_Tests.Tests.AdminUserInvite.InviteUser_NoUserGroup_Rejected() in C:\\Users\\QAOperator\\Documents\\GitHub\\BOEM_Tests\\BOEM\\BOEM_Tests\\Tests\\AdminUserInvite.cs:line 294",
  "flaky" : false,
  "newFailed" : false,
  "beforeStages" : [ {
    "name" : "PrepareResultsDir",
    "time" : {
      "start" : 1618459484768,
      "stop" : 1618459484768,
      "duration" : 0
    },
    "status" : "passed",
    "steps" : [ ],
    "attachments" : [ ],
    "parameters" : [ ],
    "hasContent" : false,
    "stepsCount" : 0,
    "shouldDisplayMessage" : false,
    "attachmentsCount" : 0
  }, {
    "name" : "Setup",
    "time" : {
      "start" : 1618459484768,
      "stop" : 1618459484768,
      "duration" : 0
    },
    "status" : "passed",
    "steps" : [ ],
    "attachments" : [ ],
    "parameters" : [ ],
    "hasContent" : false,
    "stepsCount" : 0,
    "shouldDisplayMessage" : false,
    "attachmentsCount" : 0
  } ],
  "testStage" : {
    "description" : "User Invite, [Invites Users], Invitation to joe.inventory@weblakes.com does not proceed without User Group\n",
    "status" : "failed",
    "statusMessage" : "System.Exception : (TEST FAILED) The 'Pop-Up Error' element was NOT displayed! Please, check this test's screenshot.",
    "statusTrace" : "   at BOEM_Tests.Tests.AdminUserInvite.InviteUser_NoUserGroup_Rejected() in C:\\Users\\QAOperator\\Documents\\GitHub\\BOEM_Tests\\BOEM\\BOEM_Tests\\Tests\\AdminUserInvite.cs:line 294",
    "steps" : [ {
      "name" : "InviteUser_NoUserGroup_Rejected",
      "time" : {
        "start" : 1618459430161,
        "stop" : 1618459484768,
        "duration" : 54607
      },
      "status" : "failed",
      "statusMessage" : "System.Exception : (TEST FAILED) The 'Pop-Up Error' element was NOT displayed! Please, check this test's screenshot.",
      "statusTrace" : "   at BOEM_Tests.Tests.AdminUserInvite.InviteUser_NoUserGroup_Rejected() in C:\\Users\\QAOperator\\Documents\\GitHub\\BOEM_Tests\\BOEM\\BOEM_Tests\\Tests\\AdminUserInvite.cs:line 294",
      "steps" : [ {
        "name" : "Open admin user invitations page",
        "time" : {
          "start" : 1618459453300,
          "stop" : 1618459453804,
          "duration" : 504
        },
        "status" : "passed",
        "steps" : [ ],
        "attachments" : [ ],
        "parameters" : [ ],
        "hasContent" : false,
        "stepsCount" : 0,
        "shouldDisplayMessage" : false,
        "attachmentsCount" : 0
      }, {
        "name" : "Click on invite users button",
        "time" : {
          "start" : 1618459453804,
          "stop" : 1618459458844,
          "duration" : 5040
        },
        "status" : "passed",
        "steps" : [ ],
        "attachments" : [ ],
        "parameters" : [ ],
        "hasContent" : false,
        "stepsCount" : 0,
        "shouldDisplayMessage" : false,
        "attachmentsCount" : 0
      }, {
        "name" : "Set user email text area to joe.inventory@weblakes.com",
        "time" : {
          "start" : 1618459458844,
          "stop" : 1618459463891,
          "duration" : 5047
        },
        "status" : "passed",
        "steps" : [ ],
        "attachments" : [ ],
        "parameters" : [ ],
        "hasContent" : false,
        "stepsCount" : 0,
        "shouldDisplayMessage" : false,
        "attachmentsCount" : 0
      }, {
        "name" : "Click on next button",
        "time" : {
          "start" : 1618459463891,
          "stop" : 1618459468912,
          "duration" : 5021
        },
        "status" : "passed",
        "steps" : [ ],
        "attachments" : [ ],
        "parameters" : [ ],
        "hasContent" : false,
        "stepsCount" : 0,
        "shouldDisplayMessage" : false,
        "attachmentsCount" : 0
      }, {
        "name" : "Click on next button",
        "time" : {
          "start" : 1618459468912,
          "stop" : 1618459473942,
          "duration" : 5030
        },
        "status" : "passed",
        "steps" : [ ],
        "attachments" : [ ],
        "parameters" : [ ],
        "hasContent" : false,
        "stepsCount" : 0,
        "shouldDisplayMessage" : false,
        "attachmentsCount" : 0
      }, {
        "name" : "Get error pop up group",
        "time" : {
          "start" : 1618459473943,
          "stop" : 1618459483974,
          "duration" : 10031
        },
        "status" : "failed",
        "statusMessage" : "(TEST FAILED) The 'Pop-Up Error' element was NOT displayed! Please, check this test's screenshot.",
        "statusTrace" : "   at BOEM_Tests.PageObjects.AdminUserInvitationsPage.__a$_around_GetErrorPopUpGroup_100664238_o(Boolean expectedValue) in C:\\Users\\QAOperator\\Documents\\GitHub\\BOEM_Tests\\BOEM\\BOEM_Tests\\PageObjects\\AdminUserInvite\\AdminUserInvitationsPage.cs:line 123\r\n   at BOEM_Tests.PageObjects.AdminUserInvitationsPage.__a$_around_GetErrorPopUpGroup_100664238_u(Object[] )\r\n   at NUnit.Allure.Steps.AllureStepAspect.WrapStep(String name, MethodBase methodBase, Object[] arguments, Func`2 method)",
        "steps" : [ ],
        "attachments" : [ ],
        "parameters" : [ ],
        "hasContent" : true,
        "stepsCount" : 0,
        "shouldDisplayMessage" : true,
        "attachmentsCount" : 0
      }, {
        "name" : "Taking Screenshot",
        "time" : {
          "start" : 1618459483974,
          "stop" : 1618459484034,
          "duration" : 60
        },
        "status" : "passed",
        "steps" : [ ],
        "attachments" : [ {
          "uid" : "50764a582e3461c",
          "name" : "Attachment Title",
          "source" : "50764a582e3461c.png",
          "type" : "image/png",
          "size" : 61180
        } ],
        "parameters" : [ ],
        "hasContent" : true,
        "stepsCount" : 0,
        "shouldDisplayMessage" : false,
        "attachmentsCount" : 1
      } ],
      "attachments" : [ {
        "uid" : "a135f3b1be716043",
        "name" : "Console Output",
        "source" : "a135f3b1be716043.txt",
        "type" : "text/plain",
        "size" : 0
      } ],
      "parameters" : [ ],
      "hasContent" : true,
      "stepsCount" : 7,
      "shouldDisplayMessage" : true,
      "attachmentsCount" : 2
    } ],
    "attachments" : [ ],
    "parameters" : [ ],
    "hasContent" : true,
    "stepsCount" : 8,
    "shouldDisplayMessage" : false,
    "attachmentsCount" : 2
  },
  "afterStages" : [ {
    "name" : "TearDown_Test",
    "time" : {
      "start" : 1618459484768,
      "stop" : 1618459484768,
      "duration" : 0
    },
    "status" : "passed",
    "steps" : [ ],
    "attachments" : [ ],
    "parameters" : [ ],
    "hasContent" : false,
    "stepsCount" : 0,
    "shouldDisplayMessage" : false,
    "attachmentsCount" : 0
  } ],
  "labels" : [ {
    "name" : "thread",
    "value" : "NonParallelWorker"
  }, {
    "name" : "host",
    "value" : "QAB01"
  }, {
    "name" : "testClass",
    "value" : "BOEM_Tests.Tests.AdminUserInvite"
  }, {
    "name" : "testMethod",
    "value" : "InviteUser_NoUserGroup_Rejected"
  }, {
    "name" : "package",
    "value" : "BOEM_Tests.Tests.AdminUserInvite"
  }, {
    "name" : "tag",
    "value" : "ADMINUSERINVITE.10"
  }, {
    "name" : "suite",
    "value" : "AdminUserInvite"
  }, {
    "name" : "severity",
    "value" : "normal"
  }, {
    "name" : "resultFormat",
    "value" : "allure2"
  } ],
  "parameters" : [ ],
  "links" : [ ],
  "hidden" : false,
  "retry" : false,
  "extra" : {
    "severity" : "normal",
    "retries" : [ ],
    "categories" : [ {
      "name" : "Product defects",
      "matchedStatuses" : [ ],
      "flaky" : false
    } ],
    "history" : {
      "statistic" : {
        "failed" : 31,
        "broken" : 0,
        "skipped" : 0,
        "passed" : 0,
        "unknown" : 0,
        "total" : 31
      },
      "items" : [ {
        "uid" : "7f427ff904e29b5b",
        "status" : "failed",
        "statusDetails" : "System.Exception : (TEST FAILED) The 'Pop-Up Error' element was NOT displayed! Please, check this test's screenshot.",
        "time" : {
          "start" : 1618367534818,
          "stop" : 1618367584143,
          "duration" : 49325
        }
      }, {
        "uid" : "2a53fb66a4548932",
        "status" : "failed",
        "statusDetails" : "System.Exception : (TEST FAILED) The 'Pop-Up Error' element was NOT displayed! Please, check this test's screenshot.",
        "time" : {
          "start" : 1618273632255,
          "stop" : 1618273679177,
          "duration" : 46922
        }
      }, {
        "uid" : "8f151b1bd6e53e98",
        "status" : "failed",
        "statusDetails" : "System.Exception : (TEST FAILED) The 'Pop-Up Error' element was NOT displayed! Please, check this test's screenshot.",
        "time" : {
          "start" : 1618027447209,
          "stop" : 1618027494013,
          "duration" : 46804
        }
      }, {
        "uid" : "4c132d78675982fd",
        "status" : "failed",
        "statusDetails" : "System.Exception : (TEST FAILED) The 'Pop-Up Error' element was NOT displayed! Please, check this test's screenshot.",
        "time" : {
          "start" : 1617926616352,
          "stop" : 1617926663531,
          "duration" : 47179
        }
      }, {
        "uid" : "6ff24534291aba2a",
        "status" : "failed",
        "statusDetails" : "System.Exception : (TEST FAILED) The 'Pop-Up Error' element was NOT displayed! Please, check this test's screenshot.",
        "time" : {
          "start" : 1617843294361,
          "stop" : 1617843340781,
          "duration" : 46420
        }
      }, {
        "uid" : "e57a29b390034e60",
        "status" : "failed",
        "statusDetails" : "System.Exception : (TEST FAILED) The 'Pop-Up Error' element was NOT displayed! Please, check this test's screenshot.",
        "time" : {
          "start" : 1617750855945,
          "stop" : 1617750902297,
          "duration" : 46352
        }
      }, {
        "uid" : "2a71cbcde3dcc735",
        "status" : "failed",
        "statusDetails" : "System.Exception : (TEST FAILED) The 'Pop-Up Error' element was NOT displayed! Please, check this test's screenshot.",
        "time" : {
          "start" : 1617675531761,
          "stop" : 1617675581074,
          "duration" : 49313
        }
      }, {
        "uid" : "43f44e561127d7d2",
        "status" : "failed",
        "statusDetails" : "System.Exception : (TEST FAILED) The 'Pop-Up Error' element was NOT displayed! Please, check this test's screenshot.",
        "time" : {
          "start" : 1617329750295,
          "stop" : 1617329811453,
          "duration" : 61158
        }
      }, {
        "uid" : "b2e9a25775127745",
        "status" : "failed",
        "statusDetails" : "System.Exception : (TEST FAILED) The 'Pop-Up Error' element was NOT displayed! Please, check this test's screenshot.",
        "time" : {
          "start" : 1617153069926,
          "stop" : 1617153145707,
          "duration" : 75781
        }
      }, {
        "uid" : "e64fe80250f736e0",
        "status" : "failed",
        "statusDetails" : "System.Exception : (TEST FAILED) The 'Pop-Up Error' element was NOT displayed! Please, check this test's screenshot.",
        "time" : {
          "start" : 1617068087557,
          "stop" : 1617068163581,
          "duration" : 76024
        }
      }, {
        "uid" : "aaf824066ec579ee",
        "status" : "failed",
        "statusDetails" : "System.Exception : (TEST FAILED) The 'Pop-Up Error' element was NOT displayed! Please, check this test's screenshot.",
        "time" : {
          "start" : 1616821181225,
          "stop" : 1616821237095,
          "duration" : 55870
        }
      }, {
        "uid" : "c5254ed3a07afa53",
        "status" : "failed",
        "statusDetails" : "System.Exception : (TEST FAILED) The 'Pop-Up Error' element was NOT displayed! Please, check this test's screenshot.",
        "time" : {
          "start" : 1616722376453,
          "stop" : 1616722452401,
          "duration" : 75948
        }
      }, {
        "uid" : "450eb07d4e8e9275",
        "status" : "failed",
        "statusDetails" : "  Expected: True\r\n  But was:  False\r\n",
        "time" : {
          "start" : 1616458459881,
          "stop" : 1616458535818,
          "duration" : 75937
        }
      }, {
        "uid" : "5cd2c25c8917d36e",
        "status" : "failed",
        "statusDetails" : "  Expected: True\r\n  But was:  False\r\n",
        "time" : {
          "start" : 1616212895173,
          "stop" : 1616212955857,
          "duration" : 60684
        }
      }, {
        "uid" : "b75bff3b8e63aa27",
        "status" : "failed",
        "statusDetails" : "  Expected: True\r\n  But was:  False\r\n",
        "time" : {
          "start" : 1616120335638,
          "stop" : 1616120385413,
          "duration" : 49775
        }
      }, {
        "uid" : "162e2feb1b36816c",
        "status" : "failed",
        "statusDetails" : "  Expected: True\r\n  But was:  False\r\n",
        "time" : {
          "start" : 1616029196897,
          "stop" : 1616029272935,
          "duration" : 76038
        }
      }, {
        "uid" : "43fd1e9e255cd1d9",
        "status" : "failed",
        "statusDetails" : "  Expected: True\r\n  But was:  False\r\n",
        "time" : {
          "start" : 1615949362391,
          "stop" : 1615949438249,
          "duration" : 75858
        }
      }, {
        "uid" : "dd014cfac9715b67",
        "status" : "failed",
        "statusDetails" : "  Expected: True\r\n  But was:  False\r\n",
        "time" : {
          "start" : 1615858079605,
          "stop" : 1615858154027,
          "duration" : 74422
        }
      }, {
        "uid" : "fedd58d4cf6b9421",
        "status" : "failed",
        "statusDetails" : "  Expected: True\r\n  But was:  False\r\n",
        "time" : {
          "start" : 1615655576961,
          "stop" : 1615655630362,
          "duration" : 53401
        }
      }, {
        "uid" : "86f093579e45f23a",
        "status" : "failed",
        "statusDetails" : "  Expected: True\r\n  But was:  False\r\n",
        "time" : {
          "start" : 1615428720190,
          "stop" : 1615428815446,
          "duration" : 95256
        }
      } ]
    },
    "tags" : [ "ADMINUSERINVITE.10" ]
  },
  "source" : "f3dbec519cd3413a.json",
  "parameterValues" : [ ]
}