{
  "uid" : "fc8d7809c6fb249b",
  "name" : "ACCESSRIGHTSECURITY_31",
  "fullName" : "BOEM_Tests.Tests.AccessRightSecurity.ACCESSRIGHTSECURITY_31",
  "historyId" : "BOEM_Tests.Tests.AccessRightSecurity.ACCESSRIGHTSECURITY_31",
  "time" : {
    "start" : 1620779255089,
    "stop" : 1620779271523,
    "duration" : 16434
  },
  "description" : "Inventory Locked, Add Lease should give 'access denied' message\n",
  "descriptionHtml" : "<p>Inventory Locked, Add Lease should give 'access denied' message</p>\n",
  "status" : "failed",
  "statusMessage" : "System.Exception : (TEST FAILED) The 'Add Lease' button could NOT be found in current page. Please check the test's screenshot",
  "statusTrace" : "   at BOEM_Tests.Tests.AccessRightSecurity.ACCESSRIGHTSECURITY_31() in C:\\Users\\QAOperator\\Documents\\GitHub\\BOEM_Tests\\BOEM\\BOEM_Tests\\Tests\\AccessRightSecurity.cs:line 1089",
  "flaky" : false,
  "newFailed" : false,
  "beforeStages" : [ {
    "name" : "PrepareResultsDir",
    "time" : {
      "start" : 1620779271521,
      "stop" : 1620779271521,
      "duration" : 0
    },
    "status" : "passed",
    "steps" : [ ],
    "attachments" : [ ],
    "parameters" : [ ],
    "stepsCount" : 0,
    "hasContent" : false,
    "shouldDisplayMessage" : false,
    "attachmentsCount" : 0
  }, {
    "name" : "Setup_Test",
    "time" : {
      "start" : 1620779271521,
      "stop" : 1620779271521,
      "duration" : 0
    },
    "status" : "passed",
    "steps" : [ ],
    "attachments" : [ ],
    "parameters" : [ ],
    "stepsCount" : 0,
    "hasContent" : false,
    "shouldDisplayMessage" : false,
    "attachmentsCount" : 0
  } ],
  "testStage" : {
    "description" : "Inventory Locked, Add Lease should give 'access denied' message\n",
    "status" : "failed",
    "statusMessage" : "System.Exception : (TEST FAILED) The 'Add Lease' button could NOT be found in current page. Please check the test's screenshot",
    "statusTrace" : "   at BOEM_Tests.Tests.AccessRightSecurity.ACCESSRIGHTSECURITY_31() in C:\\Users\\QAOperator\\Documents\\GitHub\\BOEM_Tests\\BOEM\\BOEM_Tests\\Tests\\AccessRightSecurity.cs:line 1089",
    "steps" : [ {
      "name" : "ACCESSRIGHTSECURITY_31",
      "time" : {
        "start" : 1620779255089,
        "stop" : 1620779271523,
        "duration" : 16434
      },
      "status" : "failed",
      "statusMessage" : "System.Exception : (TEST FAILED) The 'Add Lease' button could NOT be found in current page. Please check the test's screenshot",
      "statusTrace" : "   at BOEM_Tests.Tests.AccessRightSecurity.ACCESSRIGHTSECURITY_31() in C:\\Users\\QAOperator\\Documents\\GitHub\\BOEM_Tests\\BOEM\\BOEM_Tests\\Tests\\AccessRightSecurity.cs:line 1089",
      "steps" : [ {
        "name" : "Log in using QA Not Edit user",
        "time" : {
          "start" : 1620779255095,
          "stop" : 1620779255213,
          "duration" : 118
        },
        "status" : "passed",
        "steps" : [ ],
        "attachments" : [ ],
        "parameters" : [ ],
        "stepsCount" : 0,
        "hasContent" : false,
        "shouldDisplayMessage" : false,
        "attachmentsCount" : 0
      }, {
        "name" : "Check and select correct project FAT_BOEM_GOM",
        "time" : {
          "start" : 1620779255521,
          "stop" : 1620779257536,
          "duration" : 2015
        },
        "status" : "passed",
        "steps" : [ ],
        "attachments" : [ ],
        "parameters" : [ ],
        "stepsCount" : 0,
        "hasContent" : false,
        "shouldDisplayMessage" : false,
        "attachmentsCount" : 0
      }, {
        "name" : "Check inventory 2017 - 2017 Complete Inventory",
        "time" : {
          "start" : 1620779257536,
          "stop" : 1620779257558,
          "duration" : 22
        },
        "status" : "passed",
        "steps" : [ ],
        "attachments" : [ ],
        "parameters" : [ ],
        "stepsCount" : 0,
        "hasContent" : false,
        "shouldDisplayMessage" : false,
        "attachmentsCount" : 0
      }, {
        "name" : "Select inventory icon",
        "time" : {
          "start" : 1620779257558,
          "stop" : 1620779257586,
          "duration" : 28
        },
        "status" : "passed",
        "steps" : [ ],
        "attachments" : [ ],
        "parameters" : [ ],
        "stepsCount" : 0,
        "hasContent" : false,
        "shouldDisplayMessage" : false,
        "attachmentsCount" : 0
      }, {
        "name" : "Access relative URL /Input/NavNPLOEmissionsManager/NploLease",
        "time" : {
          "start" : 1620779257586,
          "stop" : 1620779262809,
          "duration" : 5223
        },
        "status" : "passed",
        "steps" : [ ],
        "attachments" : [ ],
        "parameters" : [ ],
        "stepsCount" : 0,
        "hasContent" : false,
        "shouldDisplayMessage" : false,
        "attachmentsCount" : 0
      }, {
        "name" : "Click on add lease button",
        "time" : {
          "start" : 1620779262809,
          "stop" : 1620779267850,
          "duration" : 5041
        },
        "status" : "failed",
        "statusMessage" : "(TEST FAILED) The 'Add Lease' button could NOT be found in current page. Please check the test's screenshot",
        "statusTrace" : "   at BOEM_Tests.PageObjects.AdminSecurityPage.__a$_around_ClickAddLease_100665992_o() in C:\\Users\\QAOperator\\Documents\\GitHub\\BOEM_Tests\\BOEM\\BOEM_Tests\\PageObjects\\AdminSecurity\\AdminSecurityPage.cs:line 512\r\n   at BOEM_Tests.PageObjects.AdminSecurityPage.__a$_around_ClickAddLease_100665992_u(Object[] )\r\n   at NUnit.Allure.Steps.AllureStepAspect.WrapStep(String name, MethodBase methodBase, Object[] arguments, Func`2 method)",
        "steps" : [ ],
        "attachments" : [ ],
        "parameters" : [ ],
        "stepsCount" : 0,
        "hasContent" : true,
        "shouldDisplayMessage" : true,
        "attachmentsCount" : 0
      }, {
        "name" : "Taking Screenshot",
        "time" : {
          "start" : 1620779267851,
          "stop" : 1620779267908,
          "duration" : 57
        },
        "status" : "passed",
        "steps" : [ ],
        "attachments" : [ {
          "uid" : "483561ffba71d0dd",
          "name" : "Attachment Title",
          "source" : "483561ffba71d0dd.png",
          "type" : "image/png",
          "size" : 61299
        } ],
        "parameters" : [ ],
        "stepsCount" : 0,
        "hasContent" : true,
        "shouldDisplayMessage" : false,
        "attachmentsCount" : 1
      } ],
      "attachments" : [ {
        "uid" : "863d8298f5896ea5",
        "name" : "Console Output",
        "source" : "863d8298f5896ea5.txt",
        "type" : "text/plain",
        "size" : 0
      } ],
      "parameters" : [ ],
      "stepsCount" : 7,
      "hasContent" : true,
      "shouldDisplayMessage" : true,
      "attachmentsCount" : 2
    } ],
    "attachments" : [ ],
    "parameters" : [ ],
    "stepsCount" : 8,
    "hasContent" : true,
    "shouldDisplayMessage" : false,
    "attachmentsCount" : 2
  },
  "afterStages" : [ {
    "name" : "TearDown",
    "time" : {
      "start" : 1620779271521,
      "stop" : 1620779271521,
      "duration" : 0
    },
    "status" : "passed",
    "steps" : [ ],
    "attachments" : [ ],
    "parameters" : [ ],
    "stepsCount" : 0,
    "hasContent" : false,
    "shouldDisplayMessage" : false,
    "attachmentsCount" : 0
  }, {
    "name" : "OneTimeTearDown",
    "time" : {
      "start" : 1620779271521,
      "stop" : 1620779271521,
      "duration" : 0
    },
    "status" : "unknown",
    "statusMessage" : "It's not possible to get status of OneTimeTearDown",
    "statusTrace" : "See Allure.NUnit wiki",
    "steps" : [ ],
    "attachments" : [ ],
    "parameters" : [ ],
    "stepsCount" : 0,
    "hasContent" : true,
    "shouldDisplayMessage" : true,
    "attachmentsCount" : 0
  } ],
  "labels" : [ {
    "name" : "thread",
    "value" : "NonParallelWorker"
  }, {
    "name" : "host",
    "value" : "QAB01"
  }, {
    "name" : "testClass",
    "value" : "BOEM_Tests.Tests.AccessRightSecurity"
  }, {
    "name" : "testMethod",
    "value" : "ACCESSRIGHTSECURITY_31"
  }, {
    "name" : "package",
    "value" : "BOEM_Tests.Tests.AccessRightSecurity"
  }, {
    "name" : "tag",
    "value" : "ACCESSRIGHTSECURITY.31"
  }, {
    "name" : "suite",
    "value" : "AccessRightSecurity"
  }, {
    "name" : "severity",
    "value" : "normal"
  }, {
    "name" : "resultFormat",
    "value" : "allure2"
  } ],
  "parameters" : [ ],
  "links" : [ ],
  "hidden" : false,
  "retry" : false,
  "extra" : {
    "severity" : "normal",
    "retries" : [ ],
    "categories" : [ {
      "name" : "Product defects",
      "matchedStatuses" : [ ],
      "flaky" : false
    } ],
    "history" : {
      "statistic" : {
        "failed" : 12,
        "broken" : 0,
        "skipped" : 0,
        "passed" : 0,
        "unknown" : 0,
        "total" : 12
      },
      "items" : [ {
        "uid" : "2a36d02f38c1a16e",
        "status" : "failed",
        "statusDetails" : "System.Exception : (TEST FAILED) The 'Add Lease' button could NOT be found in current page. Please check the test's screenshot",
        "time" : {
          "start" : 1620425202498,
          "stop" : 1620425224588,
          "duration" : 22090
        }
      }, {
        "uid" : "7522b4737240b851",
        "status" : "failed",
        "statusDetails" : "System.Exception : (TEST FAILED) The 'Add Lease' button could NOT be found in current page. Please check the test's screenshot",
        "time" : {
          "start" : 1620339488603,
          "stop" : 1620339511036,
          "duration" : 22433
        }
      }, {
        "uid" : "72a59d2645a72cfd",
        "status" : "failed",
        "statusDetails" : "System.Exception : (TEST FAILED) The 'Add Lease' button could NOT be found in current page. Please check the test's screenshot",
        "time" : {
          "start" : 1620267313467,
          "stop" : 1620267336009,
          "duration" : 22542
        }
      }, {
        "uid" : "c38b87bfd247621c",
        "status" : "failed",
        "statusDetails" : "System.Exception : (TEST FAILED) The 'Add Lease' button could NOT be found in current page. Please check the test's screenshot",
        "time" : {
          "start" : 1620166198399,
          "stop" : 1620166222435,
          "duration" : 24036
        }
      }, {
        "uid" : "7c1b571928966b2c",
        "status" : "failed",
        "statusDetails" : "System.Exception : (TEST FAILED) The 'Add Lease' button could NOT be found in current page. Please check the test's screenshot",
        "time" : {
          "start" : 1619819752449,
          "stop" : 1619819774652,
          "duration" : 22203
        }
      }, {
        "uid" : "bbc51fd0352fadf3",
        "status" : "failed",
        "statusDetails" : "System.Exception : (TEST FAILED) The 'Add Lease' button could NOT be found in current page. Please check the test's screenshot",
        "time" : {
          "start" : 1619737120334,
          "stop" : 1619737142514,
          "duration" : 22180
        }
      }, {
        "uid" : "ac23936c75146d4f",
        "status" : "failed",
        "statusDetails" : "System.Exception : (TEST FAILED) The 'Add Lease' button could NOT be found in current page. Please check the test's screenshot",
        "time" : {
          "start" : 1619649051788,
          "stop" : 1619649073918,
          "duration" : 22130
        }
      }, {
        "uid" : "34cb934a150ddedb",
        "status" : "failed",
        "statusDetails" : "System.Exception : (TEST FAILED) The 'Add Lease' button could NOT be found in current page. Please check the test's screenshot",
        "time" : {
          "start" : 1619623229440,
          "stop" : 1619623252040,
          "duration" : 22600
        }
      }, {
        "uid" : "45d2c500c0398a4b",
        "status" : "failed",
        "statusDetails" : "System.Exception : (TEST FAILED) The 'Add Lease' button could NOT be found in current page. Please check the test's screenshot",
        "time" : {
          "start" : 1619391402784,
          "stop" : 1619391425188,
          "duration" : 22404
        }
      }, {
        "uid" : "78dbe5f15ca25594",
        "status" : "failed",
        "statusDetails" : "System.Exception : (TEST FAILED) The 'Add Lease' button could NOT be found in current page. Please check the test's screenshot",
        "time" : {
          "start" : 1619126262670,
          "stop" : 1619126285312,
          "duration" : 22642
        }
      }, {
        "uid" : "f962019e69626a85",
        "status" : "failed",
        "statusDetails" : "System.Exception : (TEST FAILED) The 'Add Lease' button could NOT be found in current page. Please check the test's screenshot",
        "time" : {
          "start" : 1618970414455,
          "stop" : 1618970436518,
          "duration" : 22063
        }
      } ]
    },
    "tags" : [ "ACCESSRIGHTSECURITY.31" ]
  },
  "source" : "fc8d7809c6fb249b.json",
  "parameterValues" : [ ]
}