{
  "uid" : "2d61722d7f8e769a",
  "name" : "ADMINSECURITY_13",
  "fullName" : "BOEM_Tests.Tests.AdminSecurity.ADMINSECURITY_13",
  "historyId" : "BOEM_Tests.Tests.AdminSecurity.ADMINSECURITY_13",
  "time" : {
    "start" : 1618887068999,
    "stop" : 1618887078857,
    "duration" : 9858
  },
  "description" : "An user (without permissions) sign in and try to access an admin URL. It expects to redirect to /error/accessdenied\n",
  "descriptionHtml" : "<p>An user (without permissions) sign in and try to access an admin URL. It expects to redirect to /error/accessdenied</p>\n",
  "status" : "failed",
  "statusMessage" : "  (TEST FAILED) Was not redirected to Acess Denied\r\n  Expected: True\r\n  But was:  False\r\n",
  "statusTrace" : "   at BOEM_Tests.Tests.AdminSecurity.ADMINSECURITY_13() in C:\\Users\\galen\\OneDrive\\Documentos\\GitHub\\Lakes\\BOEM_Tests\\BOEM\\BOEM_Tests\\Tests\\AdminSecurity.cs:line 433\r\n",
  "flaky" : false,
  "newFailed" : false,
  "beforeStages" : [ {
    "name" : "PrepareResultsDir",
    "time" : {
      "start" : 1618887078857,
      "stop" : 1618887078857,
      "duration" : 0
    },
    "status" : "passed",
    "steps" : [ ],
    "attachments" : [ ],
    "parameters" : [ ],
    "stepsCount" : 0,
    "hasContent" : false,
    "shouldDisplayMessage" : false,
    "attachmentsCount" : 0
  }, {
    "name" : "SetUp_Test",
    "time" : {
      "start" : 1618887078857,
      "stop" : 1618887078857,
      "duration" : 0
    },
    "status" : "passed",
    "steps" : [ ],
    "attachments" : [ ],
    "parameters" : [ ],
    "stepsCount" : 0,
    "hasContent" : false,
    "shouldDisplayMessage" : false,
    "attachmentsCount" : 0
  } ],
  "testStage" : {
    "description" : "An user (without permissions) sign in and try to access an admin URL. It expects to redirect to /error/accessdenied\n",
    "status" : "failed",
    "statusMessage" : "  (TEST FAILED) Was not redirected to Acess Denied\r\n  Expected: True\r\n  But was:  False\r\n",
    "statusTrace" : "   at BOEM_Tests.Tests.AdminSecurity.ADMINSECURITY_13() in C:\\Users\\galen\\OneDrive\\Documentos\\GitHub\\Lakes\\BOEM_Tests\\BOEM\\BOEM_Tests\\Tests\\AdminSecurity.cs:line 433\r\n",
    "steps" : [ {
      "name" : "ADMINSECURITY_13",
      "time" : {
        "start" : 1618887068999,
        "stop" : 1618887078857,
        "duration" : 9858
      },
      "status" : "failed",
      "statusMessage" : "  (TEST FAILED) Was not redirected to Acess Denied\r\n  Expected: True\r\n  But was:  False\r\n",
      "statusTrace" : "   at BOEM_Tests.Tests.AdminSecurity.ADMINSECURITY_13() in C:\\Users\\galen\\OneDrive\\Documentos\\GitHub\\Lakes\\BOEM_Tests\\BOEM\\BOEM_Tests\\Tests\\AdminSecurity.cs:line 433\r\n",
      "steps" : [ {
        "name" : "Log in using QA Not Admin user",
        "time" : {
          "start" : 1618887069001,
          "stop" : 1618887069041,
          "duration" : 40
        },
        "status" : "passed",
        "steps" : [ ],
        "attachments" : [ ],
        "parameters" : [ ],
        "stepsCount" : 0,
        "hasContent" : false,
        "shouldDisplayMessage" : false,
        "attachmentsCount" : 0
      }, {
        "name" : "Check and select correct project FAT_BOEM_GOM",
        "time" : {
          "start" : 1618887069046,
          "stop" : 1618887071124,
          "duration" : 2078
        },
        "status" : "passed",
        "steps" : [ ],
        "attachments" : [ ],
        "parameters" : [ ],
        "stepsCount" : 0,
        "hasContent" : false,
        "shouldDisplayMessage" : false,
        "attachmentsCount" : 0
      }, {
        "name" : "Access relative URL /WizInviteUsers",
        "time" : {
          "start" : 1618887071124,
          "stop" : 1618887077501,
          "duration" : 6377
        },
        "status" : "passed",
        "steps" : [ ],
        "attachments" : [ ],
        "parameters" : [ ],
        "stepsCount" : 0,
        "hasContent" : false,
        "shouldDisplayMessage" : false,
        "attachmentsCount" : 0
      }, {
        "name" : "Check if URL ends with /Error/AccessDenied",
        "time" : {
          "start" : 1618887077501,
          "stop" : 1618887078522,
          "duration" : 1021
        },
        "status" : "passed",
        "steps" : [ ],
        "attachments" : [ ],
        "parameters" : [ ],
        "stepsCount" : 0,
        "hasContent" : false,
        "shouldDisplayMessage" : false,
        "attachmentsCount" : 0
      }, {
        "name" : "Taking Screenshot",
        "time" : {
          "start" : 1618887078534,
          "stop" : 1618887078856,
          "duration" : 322
        },
        "status" : "passed",
        "steps" : [ ],
        "attachments" : [ {
          "uid" : "65eee4ca05e89d23",
          "name" : "Attachment Title",
          "source" : "65eee4ca05e89d23.png",
          "type" : "image/png",
          "size" : 48172
        } ],
        "parameters" : [ ],
        "stepsCount" : 0,
        "hasContent" : true,
        "shouldDisplayMessage" : false,
        "attachmentsCount" : 1
      } ],
      "attachments" : [ {
        "uid" : "97f1a4bc0d642cf5",
        "name" : "Console Output",
        "source" : "97f1a4bc0d642cf5.txt",
        "type" : "text/plain",
        "size" : 0
      } ],
      "parameters" : [ ],
      "stepsCount" : 5,
      "hasContent" : true,
      "shouldDisplayMessage" : true,
      "attachmentsCount" : 2
    } ],
    "attachments" : [ ],
    "parameters" : [ ],
    "stepsCount" : 6,
    "hasContent" : true,
    "shouldDisplayMessage" : false,
    "attachmentsCount" : 2
  },
  "afterStages" : [ {
    "name" : "TearDown",
    "time" : {
      "start" : 1618887078857,
      "stop" : 1618887078857,
      "duration" : 0
    },
    "status" : "passed",
    "steps" : [ ],
    "attachments" : [ ],
    "parameters" : [ ],
    "stepsCount" : 0,
    "hasContent" : false,
    "shouldDisplayMessage" : false,
    "attachmentsCount" : 0
  }, {
    "name" : "OneTimeTearDown",
    "time" : {
      "start" : 1618887078857,
      "stop" : 1618887078857,
      "duration" : 0
    },
    "status" : "unknown",
    "statusMessage" : "It's not possible to get status of OneTimeTearDown",
    "statusTrace" : "See Allure.NUnit wiki",
    "steps" : [ ],
    "attachments" : [ ],
    "parameters" : [ ],
    "stepsCount" : 0,
    "hasContent" : true,
    "shouldDisplayMessage" : true,
    "attachmentsCount" : 0
  } ],
  "labels" : [ {
    "name" : "thread",
    "value" : "NonParallelWorker"
  }, {
    "name" : "host",
    "value" : "SPEEDBYTES-HP"
  }, {
    "name" : "testClass",
    "value" : "BOEM_Tests.Tests.AdminSecurity"
  }, {
    "name" : "testMethod",
    "value" : "ADMINSECURITY_13"
  }, {
    "name" : "package",
    "value" : "BOEM_Tests.Tests.AdminSecurity"
  }, {
    "name" : "tag",
    "value" : "ADMINSECURITY.13"
  }, {
    "name" : "suite",
    "value" : "AdminSecurity"
  }, {
    "name" : "severity",
    "value" : "normal"
  }, {
    "name" : "resultFormat",
    "value" : "allure2"
  } ],
  "parameters" : [ ],
  "links" : [ ],
  "hidden" : false,
  "retry" : false,
  "extra" : {
    "severity" : "normal",
    "retries" : [ ],
    "categories" : [ {
      "name" : "Product defects",
      "matchedStatuses" : [ ],
      "flaky" : false
    } ],
    "tags" : [ "ADMINSECURITY.13" ]
  },
  "source" : "2d61722d7f8e769a.json",
  "parameterValues" : [ ]
}