{
  "uid" : "499a052e2147e0e6",
  "name" : "ADMINSECURITY_38",
  "fullName" : "BOEM_Tests.Tests.AdminSecurity.ADMINSECURITY_38",
  "historyId" : "BOEM_Tests.Tests.AdminSecurity.ADMINSECURITY_38",
  "time" : {
    "start" : 1619452851377,
    "stop" : 1619452891200,
    "duration" : 39823
  },
  "description" : "Test with admin user to show access is permitted. Admin user sign in and try to access '/ProjectMappingAdmin' URL. It expects normal page load\n",
  "descriptionHtml" : "<p>Test with admin user to show access is permitted. Admin user sign in and try to access '/ProjectMappingAdmin' URL. It expects normal page load</p>\n",
  "status" : "failed",
  "statusMessage" : "System.Exception : (TEST FAILED) Was redirected to Access denied page\r\n\r\n  1)   Page did not load correctly\r\n  Expected: True\r\n  But was:  False\r\n\r\n",
  "statusTrace" : "   at BOEM_Tests.Tests.AdminSecurity.ADMINSECURITY_38() in C:\\Users\\QAOperator\\Documents\\GitHub\\BOEM_Tests\\BOEM\\BOEM_Tests\\Tests\\AdminSecurity.cs:line 1223",
  "flaky" : false,
  "newFailed" : false,
  "beforeStages" : [ {
    "name" : "PrepareResultsDir",
    "time" : {
      "start" : 1619452891198,
      "stop" : 1619452891198,
      "duration" : 0
    },
    "status" : "passed",
    "steps" : [ ],
    "attachments" : [ ],
    "parameters" : [ ],
    "shouldDisplayMessage" : false,
    "attachmentsCount" : 0,
    "stepsCount" : 0,
    "hasContent" : false
  }, {
    "name" : "SetUp_Test",
    "time" : {
      "start" : 1619452891198,
      "stop" : 1619452891198,
      "duration" : 0
    },
    "status" : "passed",
    "steps" : [ ],
    "attachments" : [ ],
    "parameters" : [ ],
    "shouldDisplayMessage" : false,
    "attachmentsCount" : 0,
    "stepsCount" : 0,
    "hasContent" : false
  } ],
  "testStage" : {
    "description" : "Test with admin user to show access is permitted. Admin user sign in and try to access '/ProjectMappingAdmin' URL. It expects normal page load\n",
    "status" : "failed",
    "statusMessage" : "System.Exception : (TEST FAILED) Was redirected to Access denied page\r\n\r\n  1)   Page did not load correctly\r\n  Expected: True\r\n  But was:  False\r\n\r\n",
    "statusTrace" : "   at BOEM_Tests.Tests.AdminSecurity.ADMINSECURITY_38() in C:\\Users\\QAOperator\\Documents\\GitHub\\BOEM_Tests\\BOEM\\BOEM_Tests\\Tests\\AdminSecurity.cs:line 1223",
    "steps" : [ {
      "name" : "ADMINSECURITY_38",
      "time" : {
        "start" : 1619452851377,
        "stop" : 1619452891200,
        "duration" : 39823
      },
      "status" : "failed",
      "statusMessage" : "System.Exception : (TEST FAILED) Was redirected to Access denied page\r\n\r\n  1)   Page did not load correctly\r\n  Expected: True\r\n  But was:  False\r\n\r\n",
      "statusTrace" : "   at BOEM_Tests.Tests.AdminSecurity.ADMINSECURITY_38() in C:\\Users\\QAOperator\\Documents\\GitHub\\BOEM_Tests\\BOEM\\BOEM_Tests\\Tests\\AdminSecurity.cs:line 1223",
      "steps" : [ {
        "name" : "Access relative URL /ProjectMappingAdmin",
        "time" : {
          "start" : 1619452874457,
          "stop" : 1619452879919,
          "duration" : 5462
        },
        "status" : "passed",
        "steps" : [ ],
        "attachments" : [ ],
        "parameters" : [ ],
        "shouldDisplayMessage" : false,
        "attachmentsCount" : 0,
        "stepsCount" : 0,
        "hasContent" : false
      }, {
        "name" : "Check if URL ends with /Error/AccessDenied",
        "time" : {
          "start" : 1619452879919,
          "stop" : 1619452880933,
          "duration" : 1014
        },
        "status" : "passed",
        "steps" : [ ],
        "attachments" : [ ],
        "parameters" : [ ],
        "shouldDisplayMessage" : false,
        "attachmentsCount" : 0,
        "stepsCount" : 0,
        "hasContent" : false
      }, {
        "name" : "Check if page loaded correctly",
        "time" : {
          "start" : 1619452880933,
          "stop" : 1619452890974,
          "duration" : 10041
        },
        "status" : "passed",
        "steps" : [ {
          "name" : "Check server error displayed",
          "time" : {
            "start" : 1619452890946,
            "stop" : 1619452890974,
            "duration" : 28
          },
          "status" : "passed",
          "steps" : [ ],
          "attachments" : [ ],
          "parameters" : [ ],
          "shouldDisplayMessage" : false,
          "attachmentsCount" : 0,
          "stepsCount" : 0,
          "hasContent" : false
        } ],
        "attachments" : [ ],
        "parameters" : [ ],
        "shouldDisplayMessage" : false,
        "attachmentsCount" : 0,
        "stepsCount" : 1,
        "hasContent" : true
      }, {
        "name" : "Taking Screenshot",
        "time" : {
          "start" : 1619452891025,
          "stop" : 1619452891193,
          "duration" : 168
        },
        "status" : "passed",
        "steps" : [ ],
        "attachments" : [ {
          "uid" : "77cf196fe0e6be11",
          "name" : "Attachment Title",
          "source" : "77cf196fe0e6be11.png",
          "type" : "image/png",
          "size" : 59494
        } ],
        "parameters" : [ ],
        "shouldDisplayMessage" : false,
        "attachmentsCount" : 1,
        "stepsCount" : 0,
        "hasContent" : true
      } ],
      "attachments" : [ {
        "uid" : "4ad3e41918f6fd88",
        "name" : "Console Output",
        "source" : "4ad3e41918f6fd88.txt",
        "type" : "text/plain",
        "size" : 0
      } ],
      "parameters" : [ ],
      "shouldDisplayMessage" : true,
      "attachmentsCount" : 2,
      "stepsCount" : 5,
      "hasContent" : true
    } ],
    "attachments" : [ ],
    "parameters" : [ ],
    "shouldDisplayMessage" : false,
    "attachmentsCount" : 2,
    "stepsCount" : 6,
    "hasContent" : true
  },
  "afterStages" : [ {
    "name" : "TearDown",
    "time" : {
      "start" : 1619452891198,
      "stop" : 1619452891198,
      "duration" : 0
    },
    "status" : "passed",
    "steps" : [ ],
    "attachments" : [ ],
    "parameters" : [ ],
    "shouldDisplayMessage" : false,
    "attachmentsCount" : 0,
    "stepsCount" : 0,
    "hasContent" : false
  }, {
    "name" : "OneTimeTearDown",
    "time" : {
      "start" : 1619452891198,
      "stop" : 1619452891198,
      "duration" : 0
    },
    "status" : "unknown",
    "statusMessage" : "It's not possible to get status of OneTimeTearDown",
    "statusTrace" : "See Allure.NUnit wiki",
    "steps" : [ ],
    "attachments" : [ ],
    "parameters" : [ ],
    "shouldDisplayMessage" : true,
    "attachmentsCount" : 0,
    "stepsCount" : 0,
    "hasContent" : true
  } ],
  "labels" : [ {
    "name" : "thread",
    "value" : "NonParallelWorker"
  }, {
    "name" : "host",
    "value" : "QAB01"
  }, {
    "name" : "testClass",
    "value" : "BOEM_Tests.Tests.AdminSecurity"
  }, {
    "name" : "testMethod",
    "value" : "ADMINSECURITY_38"
  }, {
    "name" : "package",
    "value" : "BOEM_Tests.Tests.AdminSecurity"
  }, {
    "name" : "tag",
    "value" : "ADMINSECURITY.38"
  }, {
    "name" : "suite",
    "value" : "AdminSecurity"
  }, {
    "name" : "severity",
    "value" : "normal"
  }, {
    "name" : "resultFormat",
    "value" : "allure2"
  } ],
  "parameters" : [ ],
  "links" : [ ],
  "hidden" : true,
  "retry" : true,
  "extra" : {
    "categories" : [ ],
    "tags" : [ "ADMINSECURITY.38" ]
  },
  "source" : "499a052e2147e0e6.json",
  "parameterValues" : [ ]
}