{
  "uid" : "508e714f5a3b7ff2",
  "name" : "ACCESSRIGHTS_01",
  "fullName" : "BOEM_Tests.Tests.AdminAccessRights.ACCESSRIGHTS_01",
  "historyId" : "BOEM_Tests.Tests.AdminAccessRights.ACCESSRIGHTS_01",
  "time" : {
    "start" : 1619203154531,
    "stop" : 1619203291863,
    "duration" : 137332
  },
  "description" : "Remove all access rights from reports and verify only 'User-Defined Reports' is available in 'All Reports View' page.\n",
  "descriptionHtml" : "<p>Remove all access rights from reports and verify only 'User-Defined Reports' is available in 'All Reports View' page.</p>\n",
  "status" : "failed",
  "statusMessage" : "System.Exception : (TEST FAILED) EXPECTED: 1 menu item(s). BUT WAS: 0 menu item(s).",
  "statusTrace" : "   at BOEM_Tests.Tests.AdminAccessRights.ACCESSRIGHTS_01() in C:\\Users\\QAOperator\\Documents\\GitHub\\BOEM_Tests\\BOEM\\BOEM_Tests\\Tests\\AdminAccessRights.cs:line 89",
  "flaky" : false,
  "newFailed" : false,
  "beforeStages" : [ {
    "name" : "PrepareResultsDir",
    "time" : {
      "start" : 1619203291863,
      "stop" : 1619203291863,
      "duration" : 0
    },
    "status" : "passed",
    "steps" : [ ],
    "attachments" : [ ],
    "parameters" : [ ],
    "shouldDisplayMessage" : false,
    "attachmentsCount" : 0,
    "stepsCount" : 0,
    "hasContent" : false
  }, {
    "name" : "Setup_Test",
    "time" : {
      "start" : 1619203291863,
      "stop" : 1619203291863,
      "duration" : 0
    },
    "status" : "passed",
    "steps" : [ ],
    "attachments" : [ ],
    "parameters" : [ ],
    "shouldDisplayMessage" : false,
    "attachmentsCount" : 0,
    "stepsCount" : 0,
    "hasContent" : false
  } ],
  "testStage" : {
    "description" : "Remove all access rights from reports and verify only 'User-Defined Reports' is available in 'All Reports View' page.\n",
    "status" : "failed",
    "statusMessage" : "System.Exception : (TEST FAILED) EXPECTED: 1 menu item(s). BUT WAS: 0 menu item(s).",
    "statusTrace" : "   at BOEM_Tests.Tests.AdminAccessRights.ACCESSRIGHTS_01() in C:\\Users\\QAOperator\\Documents\\GitHub\\BOEM_Tests\\BOEM\\BOEM_Tests\\Tests\\AdminAccessRights.cs:line 89",
    "steps" : [ {
      "name" : "ACCESSRIGHTS_01",
      "time" : {
        "start" : 1619203154531,
        "stop" : 1619203291863,
        "duration" : 137332
      },
      "status" : "failed",
      "statusMessage" : "System.Exception : (TEST FAILED) EXPECTED: 1 menu item(s). BUT WAS: 0 menu item(s).",
      "statusTrace" : "   at BOEM_Tests.Tests.AdminAccessRights.ACCESSRIGHTS_01() in C:\\Users\\QAOperator\\Documents\\GitHub\\BOEM_Tests\\BOEM\\BOEM_Tests\\Tests\\AdminAccessRights.cs:line 89",
      "steps" : [ {
        "name" : "Open AdminAccessRights page",
        "time" : {
          "start" : 1619203177597,
          "stop" : 1619203183260,
          "duration" : 5663
        },
        "status" : "passed",
        "steps" : [ ],
        "attachments" : [ ],
        "parameters" : [ ],
        "shouldDisplayMessage" : false,
        "attachmentsCount" : 0,
        "stepsCount" : 0,
        "hasContent" : false
      }, {
        "name" : "Change user group",
        "time" : {
          "start" : 1619203183260,
          "stop" : 1619203204520,
          "duration" : 21260
        },
        "status" : "passed",
        "steps" : [ ],
        "attachments" : [ ],
        "parameters" : [ ],
        "shouldDisplayMessage" : false,
        "attachmentsCount" : 0,
        "stepsCount" : 0,
        "hasContent" : false
      }, {
        "name" : "Filter Object type using Report",
        "time" : {
          "start" : 1619203204520,
          "stop" : 1619203214674,
          "duration" : 10154
        },
        "status" : "passed",
        "steps" : [ ],
        "attachments" : [ ],
        "parameters" : [ ],
        "shouldDisplayMessage" : false,
        "attachmentsCount" : 0,
        "stepsCount" : 0,
        "hasContent" : false
      }, {
        "name" : "Unchek all checkboxes",
        "time" : {
          "start" : 1619203214674,
          "stop" : 1619203281457,
          "duration" : 66783
        },
        "status" : "passed",
        "steps" : [ ],
        "attachments" : [ ],
        "parameters" : [ ],
        "shouldDisplayMessage" : false,
        "attachmentsCount" : 0,
        "stepsCount" : 0,
        "hasContent" : false
      }, {
        "name" : "Open NavReporting page ",
        "time" : {
          "start" : 1619203281458,
          "stop" : 1619203281761,
          "duration" : 303
        },
        "status" : "passed",
        "steps" : [ ],
        "attachments" : [ ],
        "parameters" : [ ],
        "shouldDisplayMessage" : false,
        "attachmentsCount" : 0,
        "stepsCount" : 0,
        "hasContent" : false
      }, {
        "name" : "Wait 5000 ms",
        "time" : {
          "start" : 1619203281761,
          "stop" : 1619203286763,
          "duration" : 5002
        },
        "status" : "passed",
        "steps" : [ ],
        "attachments" : [ ],
        "parameters" : [ ],
        "shouldDisplayMessage" : false,
        "attachmentsCount" : 0,
        "stepsCount" : 0,
        "hasContent" : false
      }, {
        "name" : "Verify menu items",
        "time" : {
          "start" : 1619203286763,
          "stop" : 1619203291780,
          "duration" : 5017
        },
        "status" : "failed",
        "statusMessage" : "(TEST FAILED) EXPECTED: 1 menu item(s). BUT WAS: 0 menu item(s).",
        "statusTrace" : "   at BOEM_Tests.PageObjects.NavReportingPage.__a$_around_VerifyMenuItemsAvailable_100665408_o(List`1 menuItemsTitles) in C:\\Users\\QAOperator\\Documents\\GitHub\\BOEM_Tests\\BOEM\\BOEM_Tests\\PageObjects\\NavReporting\\NavReportingPage.cs:line 73\r\n   at BOEM_Tests.PageObjects.NavReportingPage.__a$_around_VerifyMenuItemsAvailable_100665408_u(Object[] )\r\n   at NUnit.Allure.Steps.AllureStepAspect.WrapStep(String name, MethodBase methodBase, Object[] arguments, Func`2 method)",
        "steps" : [ ],
        "attachments" : [ ],
        "parameters" : [ ],
        "shouldDisplayMessage" : true,
        "attachmentsCount" : 0,
        "stepsCount" : 0,
        "hasContent" : true
      }, {
        "name" : "Taking Screenshot",
        "time" : {
          "start" : 1619203291780,
          "stop" : 1619203291857,
          "duration" : 77
        },
        "status" : "passed",
        "steps" : [ ],
        "attachments" : [ {
          "uid" : "5b1c9da35bd9f37b",
          "name" : "Attachment Title",
          "source" : "5b1c9da35bd9f37b.png",
          "type" : "image/png",
          "size" : 38628
        } ],
        "parameters" : [ ],
        "shouldDisplayMessage" : false,
        "attachmentsCount" : 1,
        "stepsCount" : 0,
        "hasContent" : true
      } ],
      "attachments" : [ {
        "uid" : "48f1f413bce27435",
        "name" : "Console Output",
        "source" : "48f1f413bce27435.txt",
        "type" : "text/plain",
        "size" : 0
      } ],
      "parameters" : [ ],
      "shouldDisplayMessage" : true,
      "attachmentsCount" : 2,
      "stepsCount" : 8,
      "hasContent" : true
    } ],
    "attachments" : [ ],
    "parameters" : [ ],
    "shouldDisplayMessage" : false,
    "attachmentsCount" : 2,
    "stepsCount" : 9,
    "hasContent" : true
  },
  "afterStages" : [ {
    "name" : "TearDown",
    "time" : {
      "start" : 1619203291863,
      "stop" : 1619203291863,
      "duration" : 0
    },
    "status" : "passed",
    "steps" : [ ],
    "attachments" : [ ],
    "parameters" : [ ],
    "shouldDisplayMessage" : false,
    "attachmentsCount" : 0,
    "stepsCount" : 0,
    "hasContent" : false
  }, {
    "name" : "OneTimeTearDown",
    "time" : {
      "start" : 1619203291863,
      "stop" : 1619203291863,
      "duration" : 0
    },
    "status" : "unknown",
    "statusMessage" : "It's not possible to get status of OneTimeTearDown",
    "statusTrace" : "See Allure.NUnit wiki",
    "steps" : [ ],
    "attachments" : [ ],
    "parameters" : [ ],
    "shouldDisplayMessage" : true,
    "attachmentsCount" : 0,
    "stepsCount" : 0,
    "hasContent" : true
  } ],
  "labels" : [ {
    "name" : "thread",
    "value" : "NonParallelWorker"
  }, {
    "name" : "host",
    "value" : "QAB01"
  }, {
    "name" : "testClass",
    "value" : "BOEM_Tests.Tests.AdminAccessRights"
  }, {
    "name" : "testMethod",
    "value" : "ACCESSRIGHTS_01"
  }, {
    "name" : "package",
    "value" : "BOEM_Tests.Tests.AdminAccessRights"
  }, {
    "name" : "tag",
    "value" : "ACCESSRIGHTS.1"
  }, {
    "name" : "suite",
    "value" : "AccessRights"
  }, {
    "name" : "severity",
    "value" : "normal"
  }, {
    "name" : "resultFormat",
    "value" : "allure2"
  } ],
  "parameters" : [ ],
  "links" : [ ],
  "hidden" : false,
  "retry" : false,
  "extra" : {
    "severity" : "normal",
    "retries" : [ ],
    "categories" : [ {
      "name" : "Product defects",
      "matchedStatuses" : [ ],
      "flaky" : false
    } ],
    "history" : {
      "statistic" : {
        "failed" : 2,
        "broken" : 0,
        "skipped" : 0,
        "passed" : 0,
        "unknown" : 0,
        "total" : 2
      },
      "items" : [ {
        "uid" : "f9910a019ca8b8ed",
        "status" : "failed",
        "statusDetails" : "System.Exception : (TEST FAILED) EXPECTED: 1 menu item(s). BUT WAS: 0 menu item(s).",
        "time" : {
          "start" : 1618886157109,
          "stop" : 1618886310713,
          "duration" : 153604
        }
      } ]
    },
    "tags" : [ "ACCESSRIGHTS.1" ]
  },
  "source" : "508e714f5a3b7ff2.json",
  "parameterValues" : [ ]
}