{
  "uid" : "63486e9d4a913242",
  "name" : "InviteUser_NoUserGroup_Rejected",
  "fullName" : "BOEM_Tests.Tests.AdminUserInvite.InviteUser_NoUserGroup_Rejected",
  "historyId" : "BOEM_Tests.Tests.AdminUserInvite.InviteUser_NoUserGroup_Rejected",
  "time" : {
    "start" : 1617174810014,
    "stop" : 1617174894038,
    "duration" : 84024
  },
  "description" : "User Invite, [Invites Users], Invitation to joe.inventory@weblakes.com does not proceed without User Group\n",
  "descriptionHtml" : "<p>User Invite, [Invites Users], Invitation to joe.inventory@weblakes.com does not proceed without User Group</p>\n",
  "status" : "failed",
  "statusMessage" : "System.Exception : (TEST FAILED) The 'Pop-Up Error' element was NOT displayed! Please, check this test's screenshot.",
  "statusTrace" : "   at BOEM_Tests.Tests.AdminUserInvite.InviteUser_NoUserGroup_Rejected() in C:\\Users\\galen\\OneDrive\\Documentos\\GitHub\\Lakes\\BOEM_Tests\\BOEM\\BOEM_Tests\\Tests\\AdminUserInvite.cs:line 294",
  "flaky" : false,
  "newFailed" : false,
  "beforeStages" : [ {
    "name" : "PrepareResultsDir",
    "time" : {
      "start" : 1617174894037,
      "stop" : 1617174894037,
      "duration" : 0
    },
    "status" : "passed",
    "steps" : [ ],
    "attachments" : [ ],
    "parameters" : [ ],
    "attachmentsCount" : 0,
    "shouldDisplayMessage" : false,
    "stepsCount" : 0,
    "hasContent" : false
  }, {
    "name" : "Setup",
    "time" : {
      "start" : 1617174894037,
      "stop" : 1617174894037,
      "duration" : 0
    },
    "status" : "passed",
    "steps" : [ ],
    "attachments" : [ ],
    "parameters" : [ ],
    "attachmentsCount" : 0,
    "shouldDisplayMessage" : false,
    "stepsCount" : 0,
    "hasContent" : false
  } ],
  "testStage" : {
    "description" : "User Invite, [Invites Users], Invitation to joe.inventory@weblakes.com does not proceed without User Group\n",
    "status" : "failed",
    "statusMessage" : "System.Exception : (TEST FAILED) The 'Pop-Up Error' element was NOT displayed! Please, check this test's screenshot.",
    "statusTrace" : "   at BOEM_Tests.Tests.AdminUserInvite.InviteUser_NoUserGroup_Rejected() in C:\\Users\\galen\\OneDrive\\Documentos\\GitHub\\Lakes\\BOEM_Tests\\BOEM\\BOEM_Tests\\Tests\\AdminUserInvite.cs:line 294",
    "steps" : [ {
      "name" : "InviteUser_NoUserGroup_Rejected",
      "time" : {
        "start" : 1617174810014,
        "stop" : 1617174894037,
        "duration" : 84023
      },
      "status" : "failed",
      "statusMessage" : "System.Exception : (TEST FAILED) The 'Pop-Up Error' element was NOT displayed! Please, check this test's screenshot.",
      "statusTrace" : "   at BOEM_Tests.Tests.AdminUserInvite.InviteUser_NoUserGroup_Rejected() in C:\\Users\\galen\\OneDrive\\Documentos\\GitHub\\Lakes\\BOEM_Tests\\BOEM\\BOEM_Tests\\Tests\\AdminUserInvite.cs:line 294",
      "steps" : [ ],
      "attachments" : [ {
        "uid" : "9b860eb9a7f6bdf6",
        "name" : "Attachment Title",
        "source" : "9b860eb9a7f6bdf6.png",
        "type" : "image/png",
        "size" : 64266
      }, {
        "uid" : "70ea3069cc86904c",
        "name" : "Console Output",
        "source" : "70ea3069cc86904c.txt",
        "type" : "text/plain",
        "size" : 0
      } ],
      "parameters" : [ ],
      "attachmentsCount" : 2,
      "shouldDisplayMessage" : true,
      "stepsCount" : 0,
      "hasContent" : true
    } ],
    "attachments" : [ ],
    "parameters" : [ ],
    "attachmentsCount" : 2,
    "shouldDisplayMessage" : false,
    "stepsCount" : 1,
    "hasContent" : true
  },
  "afterStages" : [ {
    "name" : "TearDown_Test",
    "time" : {
      "start" : 1617174894037,
      "stop" : 1617174894037,
      "duration" : 0
    },
    "status" : "passed",
    "steps" : [ ],
    "attachments" : [ ],
    "parameters" : [ ],
    "attachmentsCount" : 0,
    "shouldDisplayMessage" : false,
    "stepsCount" : 0,
    "hasContent" : false
  } ],
  "labels" : [ {
    "name" : "thread",
    "value" : "NonParallelWorker"
  }, {
    "name" : "host",
    "value" : "SPEEDBYTES-HP"
  }, {
    "name" : "testClass",
    "value" : "BOEM_Tests.Tests.AdminUserInvite"
  }, {
    "name" : "testMethod",
    "value" : "InviteUser_NoUserGroup_Rejected"
  }, {
    "name" : "package",
    "value" : "BOEM_Tests.Tests.AdminUserInvite"
  }, {
    "name" : "tag",
    "value" : "ADMINUSERINVITE.10"
  }, {
    "name" : "suite",
    "value" : "AdminUserInvite"
  }, {
    "name" : "severity",
    "value" : "normal"
  }, {
    "name" : "resultFormat",
    "value" : "allure2"
  } ],
  "parameters" : [ ],
  "links" : [ ],
  "hidden" : false,
  "retry" : false,
  "extra" : {
    "severity" : "normal",
    "retries" : [ ],
    "categories" : [ {
      "name" : "Product defects",
      "matchedStatuses" : [ ],
      "flaky" : false
    } ],
    "history" : {
      "statistic" : {
        "failed" : 14,
        "broken" : 0,
        "skipped" : 0,
        "passed" : 0,
        "unknown" : 0,
        "total" : 14
      },
      "items" : [ {
        "uid" : "bb02390a920bfd7e",
        "status" : "failed",
        "statusDetails" : "System.Exception : (TEST FAILED) The 'Pop-Up Error' element was NOT displayed! Please, check this test's screenshot.",
        "time" : {
          "start" : 1617066942870,
          "stop" : 1617067007010,
          "duration" : 64140
        }
      }, {
        "uid" : "ea418ba55189572c",
        "status" : "failed",
        "statusDetails" : "System.Exception : (TEST FAILED) The 'Pop-Up Error' element was NOT displayed! Please, check this test's screenshot.",
        "time" : {
          "start" : 1616615239580,
          "stop" : 1616615297430,
          "duration" : 57850
        }
      }, {
        "uid" : "8d19f22366f38785",
        "status" : "failed",
        "statusDetails" : "  Expected: True\r\n  But was:  False\r\n",
        "time" : {
          "start" : 1616045829369,
          "stop" : 1616045906898,
          "duration" : 77529
        }
      }, {
        "uid" : "2a8ae274ca12b7e3",
        "status" : "failed",
        "statusDetails" : "  Expected: True\r\n  But was:  False\r\n",
        "time" : {
          "start" : 1615425819265,
          "stop" : 1615425879503,
          "duration" : 60238
        }
      }, {
        "uid" : "1843e3f9c9d216c1",
        "status" : "failed",
        "statusDetails" : "  Expected: True\r\n  But was:  False\r\n",
        "time" : {
          "start" : 1614734021324,
          "stop" : 1614734083909,
          "duration" : 62585
        }
      }, {
        "uid" : "2e9badb45352a83",
        "status" : "failed",
        "statusDetails" : "  Expected: True\r\n  But was:  False\r\n",
        "time" : {
          "start" : 1613612772208,
          "stop" : 1613612822916,
          "duration" : 50708
        }
      }, {
        "uid" : "edfad6e5453eb03",
        "status" : "failed",
        "statusDetails" : "  Expected: True\r\n  But was:  False\r\n",
        "time" : {
          "start" : 1611898063238,
          "stop" : 1611898110733,
          "duration" : 47495
        }
      }, {
        "uid" : "fcdbd6c78b026de7",
        "status" : "failed",
        "statusDetails" : "  Expected: True\r\n  But was:  False\r\n",
        "time" : {
          "start" : 1609916983083,
          "stop" : 1609917028610,
          "duration" : 45527
        }
      }, {
        "uid" : "8b0c21a80bdc21ca",
        "status" : "failed",
        "statusDetails" : "  Expected: True\r\n  But was:  False\r\n",
        "time" : {
          "start" : 1606842722176,
          "stop" : 1606842768870,
          "duration" : 46694
        }
      }, {
        "uid" : "fd853106d9e94172",
        "status" : "failed",
        "statusDetails" : "  Expected: True\r\n  But was:  False\r\n",
        "time" : {
          "start" : 1606233666236,
          "stop" : 1606233716309,
          "duration" : 50073
        }
      }, {
        "uid" : "2dcff0cc20b20bd1",
        "status" : "failed",
        "statusDetails" : "  Expected: True\r\n  But was:  False\r\n",
        "time" : {
          "start" : 1605883828567,
          "stop" : 1605883877169,
          "duration" : 48602
        }
      }, {
        "uid" : "c5aff08e5b061351",
        "status" : "failed",
        "statusDetails" : "  Expected: True\r\n  But was:  False\r\n",
        "time" : {
          "start" : 1604444617280,
          "stop" : 1604444666507,
          "duration" : 49227
        }
      }, {
        "uid" : "93f9c5a27f83fb68",
        "status" : "failed",
        "statusDetails" : "  Expected: True\r\n  But was:  False\r\n",
        "time" : {
          "start" : 1601669120990,
          "stop" : 1601669211312,
          "duration" : 90322
        }
      } ]
    },
    "tags" : [ "ADMINUSERINVITE.10" ]
  },
  "source" : "63486e9d4a913242.json",
  "parameterValues" : [ ]
}