{
  "uid" : "e6e0e6725c9d0af8",
  "name" : "ADMINSECURITY_24",
  "fullName" : "BOEM_Tests.Tests.AdminSecurity.ADMINSECURITY_24",
  "historyId" : "BOEM_Tests.Tests.AdminSecurity.ADMINSECURITY_24",
  "time" : {
    "start" : 1618887175412,
    "stop" : 1618887187735,
    "duration" : 12323
  },
  "description" : "An user (without permissions) sign in and try to access an admin URL. It expects to redirect to /error/accessdenied\n",
  "descriptionHtml" : "<p>An user (without permissions) sign in and try to access an admin URL. It expects to redirect to /error/accessdenied</p>\n",
  "status" : "failed",
  "statusMessage" : "  (TEST FAILED) Was not redirected to Acess Denied\r\n  Expected: True\r\n  But was:  False\r\n",
  "statusTrace" : "   at BOEM_Tests.Tests.AdminSecurity.ADMINSECURITY_24() in C:\\Users\\galen\\OneDrive\\Documentos\\GitHub\\Lakes\\BOEM_Tests\\BOEM\\BOEM_Tests\\Tests\\AdminSecurity.cs:line 739\r\n",
  "flaky" : false,
  "newFailed" : false,
  "beforeStages" : [ {
    "name" : "PrepareResultsDir",
    "time" : {
      "start" : 1618887187734,
      "stop" : 1618887187734,
      "duration" : 0
    },
    "status" : "passed",
    "steps" : [ ],
    "attachments" : [ ],
    "parameters" : [ ],
    "stepsCount" : 0,
    "hasContent" : false,
    "shouldDisplayMessage" : false,
    "attachmentsCount" : 0
  }, {
    "name" : "SetUp_Test",
    "time" : {
      "start" : 1618887187734,
      "stop" : 1618887187734,
      "duration" : 0
    },
    "status" : "passed",
    "steps" : [ ],
    "attachments" : [ ],
    "parameters" : [ ],
    "stepsCount" : 0,
    "hasContent" : false,
    "shouldDisplayMessage" : false,
    "attachmentsCount" : 0
  } ],
  "testStage" : {
    "description" : "An user (without permissions) sign in and try to access an admin URL. It expects to redirect to /error/accessdenied\n",
    "status" : "failed",
    "statusMessage" : "  (TEST FAILED) Was not redirected to Acess Denied\r\n  Expected: True\r\n  But was:  False\r\n",
    "statusTrace" : "   at BOEM_Tests.Tests.AdminSecurity.ADMINSECURITY_24() in C:\\Users\\galen\\OneDrive\\Documentos\\GitHub\\Lakes\\BOEM_Tests\\BOEM\\BOEM_Tests\\Tests\\AdminSecurity.cs:line 739\r\n",
    "steps" : [ {
      "name" : "ADMINSECURITY_24",
      "time" : {
        "start" : 1618887175412,
        "stop" : 1618887187735,
        "duration" : 12323
      },
      "status" : "failed",
      "statusMessage" : "  (TEST FAILED) Was not redirected to Acess Denied\r\n  Expected: True\r\n  But was:  False\r\n",
      "statusTrace" : "   at BOEM_Tests.Tests.AdminSecurity.ADMINSECURITY_24() in C:\\Users\\galen\\OneDrive\\Documentos\\GitHub\\Lakes\\BOEM_Tests\\BOEM\\BOEM_Tests\\Tests\\AdminSecurity.cs:line 739\r\n",
      "steps" : [ {
        "name" : "Log in using QA Not Admin user",
        "time" : {
          "start" : 1618887175415,
          "stop" : 1618887175455,
          "duration" : 40
        },
        "status" : "passed",
        "steps" : [ ],
        "attachments" : [ ],
        "parameters" : [ ],
        "stepsCount" : 0,
        "hasContent" : false,
        "shouldDisplayMessage" : false,
        "attachmentsCount" : 0
      }, {
        "name" : "Check and select correct project FAT_BOEM_GOM",
        "time" : {
          "start" : 1618887175459,
          "stop" : 1618887177510,
          "duration" : 2051
        },
        "status" : "passed",
        "steps" : [ ],
        "attachments" : [ ],
        "parameters" : [ ],
        "stepsCount" : 0,
        "hasContent" : false,
        "shouldDisplayMessage" : false,
        "attachmentsCount" : 0
      }, {
        "name" : "Access relative URL /WizSyncInventory",
        "time" : {
          "start" : 1618887177510,
          "stop" : 1618887186396,
          "duration" : 8886
        },
        "status" : "passed",
        "steps" : [ ],
        "attachments" : [ ],
        "parameters" : [ ],
        "stepsCount" : 0,
        "hasContent" : false,
        "shouldDisplayMessage" : false,
        "attachmentsCount" : 0
      }, {
        "name" : "Check if URL ends with /Error/AccessDenied",
        "time" : {
          "start" : 1618887186396,
          "stop" : 1618887187410,
          "duration" : 1014
        },
        "status" : "passed",
        "steps" : [ ],
        "attachments" : [ ],
        "parameters" : [ ],
        "stepsCount" : 0,
        "hasContent" : false,
        "shouldDisplayMessage" : false,
        "attachmentsCount" : 0
      }, {
        "name" : "Taking Screenshot",
        "time" : {
          "start" : 1618887187416,
          "stop" : 1618887187734,
          "duration" : 318
        },
        "status" : "passed",
        "steps" : [ ],
        "attachments" : [ {
          "uid" : "3cdd2c78522a42e",
          "name" : "Attachment Title",
          "source" : "3cdd2c78522a42e.png",
          "type" : "image/png",
          "size" : 48141
        } ],
        "parameters" : [ ],
        "stepsCount" : 0,
        "hasContent" : true,
        "shouldDisplayMessage" : false,
        "attachmentsCount" : 1
      } ],
      "attachments" : [ {
        "uid" : "5571e99f8e6c8bb9",
        "name" : "Console Output",
        "source" : "5571e99f8e6c8bb9.txt",
        "type" : "text/plain",
        "size" : 0
      } ],
      "parameters" : [ ],
      "stepsCount" : 5,
      "hasContent" : true,
      "shouldDisplayMessage" : true,
      "attachmentsCount" : 2
    } ],
    "attachments" : [ ],
    "parameters" : [ ],
    "stepsCount" : 6,
    "hasContent" : true,
    "shouldDisplayMessage" : false,
    "attachmentsCount" : 2
  },
  "afterStages" : [ {
    "name" : "TearDown",
    "time" : {
      "start" : 1618887187734,
      "stop" : 1618887187734,
      "duration" : 0
    },
    "status" : "passed",
    "steps" : [ ],
    "attachments" : [ ],
    "parameters" : [ ],
    "stepsCount" : 0,
    "hasContent" : false,
    "shouldDisplayMessage" : false,
    "attachmentsCount" : 0
  }, {
    "name" : "OneTimeTearDown",
    "time" : {
      "start" : 1618887187734,
      "stop" : 1618887187734,
      "duration" : 0
    },
    "status" : "unknown",
    "statusMessage" : "It's not possible to get status of OneTimeTearDown",
    "statusTrace" : "See Allure.NUnit wiki",
    "steps" : [ ],
    "attachments" : [ ],
    "parameters" : [ ],
    "stepsCount" : 0,
    "hasContent" : true,
    "shouldDisplayMessage" : true,
    "attachmentsCount" : 0
  } ],
  "labels" : [ {
    "name" : "thread",
    "value" : "NonParallelWorker"
  }, {
    "name" : "host",
    "value" : "SPEEDBYTES-HP"
  }, {
    "name" : "testClass",
    "value" : "BOEM_Tests.Tests.AdminSecurity"
  }, {
    "name" : "testMethod",
    "value" : "ADMINSECURITY_24"
  }, {
    "name" : "package",
    "value" : "BOEM_Tests.Tests.AdminSecurity"
  }, {
    "name" : "tag",
    "value" : "ADMINSECURITY.24"
  }, {
    "name" : "suite",
    "value" : "AdminSecurity"
  }, {
    "name" : "severity",
    "value" : "normal"
  }, {
    "name" : "resultFormat",
    "value" : "allure2"
  } ],
  "parameters" : [ ],
  "links" : [ ],
  "hidden" : false,
  "retry" : false,
  "extra" : {
    "severity" : "normal",
    "retries" : [ ],
    "categories" : [ {
      "name" : "Product defects",
      "matchedStatuses" : [ ],
      "flaky" : false
    } ],
    "tags" : [ "ADMINSECURITY.24" ]
  },
  "source" : "e6e0e6725c9d0af8.json",
  "parameterValues" : [ ]
}