{
  "uid" : "ae0ff21935e4b17c",
  "name" : "ADMINSHADOWUSER_02",
  "fullName" : "BOEM_Tests.Tests.AdminShadowUser.ADMINSHADOWUSER_02",
  "historyId" : "BOEM_Tests.Tests.AdminShadowUser.ADMINSHADOWUSER_02",
  "time" : {
    "start" : 1619539128962,
    "stop" : 1619539138391,
    "duration" : 9429
  },
  "description" : "Show User, Able to Select Account with status <Available> and shadow user\n",
  "descriptionHtml" : "<p>Show User, Able to Select Account with status <Available> and shadow user</p>\n",
  "status" : "failed",
  "statusMessage" : "System.Exception : (TEST FAILED) The 'User row' element was not found in the Shadow user's table.",
  "statusTrace" : "   at BOEM_Tests.Tests.AdminShadowUser.ADMINSHADOWUSER_02() in C:\\Users\\galen\\OneDrive\\Documentos\\GitHub\\Lakes\\BOEM_Tests\\BOEM\\BOEM_Tests\\Tests\\AdminShadowUser.cs:line 108",
  "flaky" : false,
  "newFailed" : false,
  "beforeStages" : [ {
    "name" : "PrepareResultsDir",
    "time" : {
      "start" : 1619539138390,
      "stop" : 1619539138390,
      "duration" : 0
    },
    "status" : "passed",
    "steps" : [ ],
    "attachments" : [ ],
    "parameters" : [ ],
    "attachmentsCount" : 0,
    "shouldDisplayMessage" : false,
    "hasContent" : false,
    "stepsCount" : 0
  }, {
    "name" : "Setup",
    "time" : {
      "start" : 1619539138390,
      "stop" : 1619539138390,
      "duration" : 0
    },
    "status" : "passed",
    "steps" : [ ],
    "attachments" : [ ],
    "parameters" : [ ],
    "attachmentsCount" : 0,
    "shouldDisplayMessage" : false,
    "hasContent" : false,
    "stepsCount" : 0
  } ],
  "testStage" : {
    "description" : "Show User, Able to Select Account with status <Available> and shadow user\n",
    "status" : "failed",
    "statusMessage" : "System.Exception : (TEST FAILED) The 'User row' element was not found in the Shadow user's table.",
    "statusTrace" : "   at BOEM_Tests.Tests.AdminShadowUser.ADMINSHADOWUSER_02() in C:\\Users\\galen\\OneDrive\\Documentos\\GitHub\\Lakes\\BOEM_Tests\\BOEM\\BOEM_Tests\\Tests\\AdminShadowUser.cs:line 108",
    "steps" : [ {
      "name" : "ADMINSHADOWUSER_02",
      "time" : {
        "start" : 1619539128962,
        "stop" : 1619539138391,
        "duration" : 9429
      },
      "status" : "failed",
      "statusMessage" : "System.Exception : (TEST FAILED) The 'User row' element was not found in the Shadow user's table.",
      "statusTrace" : "   at BOEM_Tests.Tests.AdminShadowUser.ADMINSHADOWUSER_02() in C:\\Users\\galen\\OneDrive\\Documentos\\GitHub\\Lakes\\BOEM_Tests\\BOEM\\BOEM_Tests\\Tests\\AdminShadowUser.cs:line 108",
      "steps" : [ {
        "name" : "Open admin shadow user page",
        "time" : {
          "start" : 1619539128998,
          "stop" : 1619539130214,
          "duration" : 1216
        },
        "status" : "passed",
        "steps" : [ ],
        "attachments" : [ ],
        "parameters" : [ ],
        "attachmentsCount" : 0,
        "shouldDisplayMessage" : false,
        "hasContent" : false,
        "stepsCount" : 0
      }, {
        "name" : "Select user in first row",
        "time" : {
          "start" : 1619539130214,
          "stop" : 1619539138262,
          "duration" : 8048
        },
        "status" : "failed",
        "statusMessage" : "(TEST FAILED) The 'User row' element was not found in the Shadow user's table.",
        "statusTrace" : "   at BOEM_Tests.PageObjects.AdminShadowUserPage.__a$_around_SelectUserRow_100664224_o() in C:\\Users\\galen\\OneDrive\\Documentos\\GitHub\\Lakes\\BOEM_Tests\\BOEM\\BOEM_Tests\\PageObjects\\AdminShadowUser\\AdminShadowUserPage.cs:line 69\r\n   at BOEM_Tests.PageObjects.AdminShadowUserPage.__a$_around_SelectUserRow_100664224_u(Object[] )\r\n   at NUnit.Allure.Steps.AllureStepAspect.WrapStep(String name, MethodBase methodBase, Object[] arguments, Func`2 method)",
        "steps" : [ ],
        "attachments" : [ ],
        "parameters" : [ ],
        "attachmentsCount" : 0,
        "shouldDisplayMessage" : true,
        "hasContent" : true,
        "stepsCount" : 0
      }, {
        "name" : "Taking Screenshot",
        "time" : {
          "start" : 1619539138264,
          "stop" : 1619539138390,
          "duration" : 126
        },
        "status" : "passed",
        "steps" : [ ],
        "attachments" : [ {
          "uid" : "94e62814be83af81",
          "name" : "Attachment Title",
          "source" : "94e62814be83af81.png",
          "type" : "image/png",
          "size" : 64709
        } ],
        "parameters" : [ ],
        "attachmentsCount" : 1,
        "shouldDisplayMessage" : false,
        "hasContent" : true,
        "stepsCount" : 0
      } ],
      "attachments" : [ {
        "uid" : "14e03b5f3ef5dc78",
        "name" : "Console Output",
        "source" : "14e03b5f3ef5dc78.txt",
        "type" : "text/plain",
        "size" : 0
      } ],
      "parameters" : [ ],
      "attachmentsCount" : 2,
      "shouldDisplayMessage" : true,
      "hasContent" : true,
      "stepsCount" : 3
    } ],
    "attachments" : [ ],
    "parameters" : [ ],
    "attachmentsCount" : 2,
    "shouldDisplayMessage" : false,
    "hasContent" : true,
    "stepsCount" : 4
  },
  "afterStages" : [ {
    "name" : "TearDown",
    "time" : {
      "start" : 1619539138390,
      "stop" : 1619539138390,
      "duration" : 0
    },
    "status" : "passed",
    "steps" : [ ],
    "attachments" : [ ],
    "parameters" : [ ],
    "attachmentsCount" : 0,
    "shouldDisplayMessage" : false,
    "hasContent" : false,
    "stepsCount" : 0
  }, {
    "name" : "OneTimeTearDown",
    "time" : {
      "start" : 1619539138390,
      "stop" : 1619539138390,
      "duration" : 0
    },
    "status" : "unknown",
    "statusMessage" : "It's not possible to get status of OneTimeTearDown",
    "statusTrace" : "See Allure.NUnit wiki",
    "steps" : [ ],
    "attachments" : [ ],
    "parameters" : [ ],
    "attachmentsCount" : 0,
    "shouldDisplayMessage" : true,
    "hasContent" : true,
    "stepsCount" : 0
  } ],
  "labels" : [ {
    "name" : "thread",
    "value" : "NonParallelWorker"
  }, {
    "name" : "host",
    "value" : "SPEEDBYTES-HP"
  }, {
    "name" : "testClass",
    "value" : "BOEM_Tests.Tests.AdminShadowUser"
  }, {
    "name" : "testMethod",
    "value" : "ADMINSHADOWUSER_02"
  }, {
    "name" : "package",
    "value" : "BOEM_Tests.Tests.AdminShadowUser"
  }, {
    "name" : "tag",
    "value" : "ADMINSHADOWUSER.2"
  }, {
    "name" : "suite",
    "value" : "AdminShadowUser"
  }, {
    "name" : "severity",
    "value" : "normal"
  }, {
    "name" : "resultFormat",
    "value" : "allure2"
  } ],
  "parameters" : [ ],
  "links" : [ ],
  "hidden" : true,
  "retry" : true,
  "extra" : {
    "categories" : [ ],
    "tags" : [ "ADMINSHADOWUSER.2" ]
  },
  "source" : "ae0ff21935e4b17c.json",
  "parameterValues" : [ ]
}